/usr/bin/ld: warning: libgeometric_shapes.so.2.2.1, needed by /home/UMRobotics/moveit_ws/install/moveit_ros_planning/lib/libmoveit_planning_scene_monitor.so.2.11.0, not found (try using -rpath or -rpath-link)
/usr/bin/ld: warning: libsrdfdom.so.2.0.5, needed by /home/UMRobotics/moveit_ws/install/moveit_core/lib/libmoveit_robot_model.so.2.11.0, not found (try using -rpath or -rpath-link)
/usr/bin/ld: /home/UMRobotics/moveit_ws/install/moveit_core/lib/libmoveit_robot_model.so.2.11.0: undefined reference to `shapes::createMeshFromResource(std::__cxx11::basic_string<char, std::char_traits<char>, std::allocator<char> > const&, Eigen::Matrix<double, 3, 1, 0, 3, 1> const&)'
/usr/bin/ld: /home/UMRobotics/moveit_ws/install/moveit_core/lib/libmoveit_planning_scene.so.2.11.0: undefined reference to `shapes::constructShapeFromText(std::istream&)'
/usr/bin/ld: /home/UMRobotics/moveit_ws/install/moveit_core/lib/libmoveit_kinematic_constraints.so.2.11.0: undefined reference to `shapes::constructMarkerFromShape(shapes::Shape const*, visualization_msgs::msg::Marker_<std::allocator<void> >&, bool)'
/usr/bin/ld: /home/UMRobotics/moveit_ws/install/moveit_core/lib/libmoveit_robot_model.so.2.11.0: undefined reference to `typeinfo for shapes::Mesh'
/usr/bin/ld: /home/UMRobotics/moveit_ws/install/moveit_core/lib/libmoveit_kinematic_constraints.so.2.11.0: undefined reference to `bodies::createEmptyBodyFromShapeType(shapes::ShapeType const&)'
/usr/bin/ld: /home/UMRobotics/moveit_ws/install/moveit_core/lib/libmoveit_planning_scene.so.2.11.0: undefined reference to `shapes::saveAsText(shapes::Shape const*, std::ostream&)'
/usr/bin/ld: /home/UMRobotics/moveit_ws/install/moveit_core/lib/libmoveit_robot_model.so.2.11.0: undefined reference to `shapes::Sphere::Sphere(double)'
/usr/bin/ld: /home/UMRobotics/moveit_ws/install/moveit_core/lib/libmoveit_kinematic_constraints.so.2.11.0: undefined reference to `shapes::constructShapeFromMsg(shape_msgs::msg::SolidPrimitive_<std::allocator<void> > const&)'
/usr/bin/ld: /home/UMRobotics/moveit_ws/install/moveit_core/lib/libmoveit_kinematic_constraints.so.2.11.0: undefined reference to `shapes::Mesh::Mesh()'
/usr/bin/ld: /home/UMRobotics/moveit_ws/install/moveit_core/lib/libmoveit_robot_model.so.2.11.0: undefined reference to `shapes::Box::Box(double, double, double)'
/usr/bin/ld: /home/UMRobotics/moveit_ws/install/moveit_core/lib/libmoveit_robot_model.so.2.11.0: undefined reference to `typeinfo for shapes::Shape'
/usr/bin/ld: /home/UMRobotics/moveit_ws/install/moveit_core/lib/libmoveit_robot_state.so.2.11.0: undefined reference to `shapes::computeShapeExtents(shapes::Shape const*)'
/usr/bin/ld: /home/UMRobotics/moveit_ws/install/moveit_core/lib/libmoveit_robot_state.so.2.11.0: undefined reference to `shapes::Shape::padd(double)'
/usr/bin/ld: /home/UMRobotics/moveit_ws/install/moveit_core/lib/libmoveit_kinematic_constraints.so.2.11.0: undefined reference to `shapes::constructShapeFromMsg(shape_msgs::msg::Mesh_<std::allocator<void> > const&)'
/usr/bin/ld: /home/UMRobotics/moveit_ws/install/moveit_core/lib/libmoveit_robot_state.so.2.11.0: undefined reference to `shapes::Shape::scale(double)'
/usr/bin/ld: /home/UMRobotics/moveit_ws/install/moveit_core/lib/libmoveit_robot_model.so.2.11.0: undefined reference to `srdf::Model::empty_vector_'
/usr/bin/ld: /home/UMRobotics/moveit_ws/install/moveit_core/lib/libmoveit_robot_model.so.2.11.0: undefined reference to `shapes::Cylinder::Cylinder(double, double)'
/usr/bin/ld: /home/UMRobotics/moveit_ws/install/moveit_core/lib/libmoveit_planning_scene.so.2.11.0: undefined reference to `shapes::OcTree::OcTree(std::shared_ptr<octomap::OcTree const> const&)'
/usr/bin/ld: /home/UMRobotics/moveit_ws/install/moveit_ros_planning/lib/libmoveit_rdf_loader.so.2.11.0: undefined reference to `srdf::Model::initString(urdf::ModelInterface const&, std::__cxx11::basic_string<char, std::char_traits<char>, std::allocator<char> > const&)'
/usr/bin/ld: /home/UMRobotics/moveit_ws/install/moveit_core/lib/libmoveit_robot_state.so.2.11.0: undefined reference to `shapes::constructMsgFromShape(shapes::Shape const*, boost::variant<shape_msgs::msg::SolidPrimitive_<std::allocator<void> >, shape_msgs::msg::Mesh_<std::allocator<void> >, shape_msgs::msg::Plane_<std::allocator<void> > >&)'
/usr/bin/ld: /home/UMRobotics/moveit_ws/install/moveit_core/lib/libmoveit_collision_detection.so.2.11.0: undefined reference to `typeinfo for shapes::OcTree'
/usr/bin/ld: /home/UMRobotics/moveit_ws/install/moveit_ros_planning/lib/libmoveit_planning_scene_monitor.so.2.11.0: undefined reference to `shapes::Mesh::mergeVertices(double)'
/usr/bin/ld: /home/UMRobotics/moveit_ws/install/moveit_core/lib/libmoveit_robot_state.so.2.11.0: undefined reference to `shapes::constructShapeFromMsg(shape_msgs::msg::Plane_<std::allocator<void> > const&)'
collect2: error: ld returned 1 exit status
gmake[2]: *** [CMakeFiles/ur5e_moveit_controller.dir/build.make:446: ur5e_moveit_controller] Error 1
gmake[1]: *** [CMakeFiles/Makefile2:137: CMakeFiles/ur5e_moveit_controller.dir/all] Error 2
gmake: *** [Makefile:146: all] Error 2
