[0.023s] Invoking command in '/home/UMRobotics/group12_ws/src/build/group_12_motion_planning': CMAKE_PREFIX_PATH=${CMAKE_PREFIX_PATH}:/home/UMRobotics/moveit_ws/install/moveit_configs_utils:/opt/ros/jazzy DEBUGINFOD_URLS=https://debuginfod.ubuntu.com /usr/bin/cmake /home/UMRobotics/group12_ws/src/group_12_motion_planning -DCMAKE_INSTALL_PREFIX=/home/UMRobotics/group12_ws/src/install/group_12_motion_planning
[0.065s] -- The C compiler identification is GNU 13.3.0
[0.107s] -- The CXX compiler identification is GNU 13.3.0
[0.120s] -- Detecting C compiler ABI info
[0.198s] -- Detecting C compiler ABI info - done
[0.204s] -- Check for working C compiler: /usr/bin/cc - skipped
[0.204s] -- Detecting C compile features
[0.204s] -- Detecting C compile features - done
[0.211s] -- Detecting CXX compiler ABI info
[0.297s] -- Detecting CXX compiler ABI info - done
[0.303s] -- Check for working CXX compiler: /usr/bin/c++ - skipped
[0.303s] -- Detecting CXX compile features
[0.304s] -- Detecting CXX compile features - done
[0.309s] -- Found ament_cmake: 2.5.4 (/opt/ros/jazzy/share/ament_cmake/cmake)
[0.468s] -- Found Python3: /home/UMRobotics/.local/bin/python3 (found version "3.12.3") found components: Interpreter 
[0.603s] -- Found xacro: 2.0.13 (/opt/ros/jazzy/share/xacro/cmake)
[0.605s] -- Found moveit_ros_planning_interface: 2.11.0 (/home/UMRobotics/moveit_ws/install/moveit_ros_planning_interface/share/moveit_ros_planning_interface/cmake)
[0.718s] -- Found Boost: /usr/lib/x86_64-linux-gnu/cmake/Boost-1.83.0/BoostConfig.cmake (found version "1.83.0") found components: date_time filesystem program_options system thread 
[0.788s] -- Found rosidl_generator_c: 4.6.5 (/opt/ros/jazzy/share/rosidl_generator_c/cmake)
[0.807s] -- Found rosidl_generator_cpp: 4.6.5 (/opt/ros/jazzy/share/rosidl_generator_cpp/cmake)
[0.831s] -- Using all available rosidl_typesupport_c: rosidl_typesupport_fastrtps_c;rosidl_typesupport_introspection_c
[0.856s] -- Using all available rosidl_typesupport_cpp: rosidl_typesupport_fastrtps_cpp;rosidl_typesupport_introspection_cpp
[1.137s] -- Found Boost: /usr/lib/x86_64-linux-gnu/cmake/Boost-1.83.0/BoostConfig.cmake (found version "1.83.0") found components: chrono date_time filesystem iostreams program_options regex serialization system thread 
[1.239s] -- Found parameter_traits: 0.4.0 (/opt/ros/jazzy/share/parameter_traits/cmake)
[1.305s] -- Found rmw_implementation_cmake: 7.3.2 (/opt/ros/jazzy/share/rmw_implementation_cmake/cmake)
[1.312s] -- Found rmw_fastrtps_cpp: 8.4.2 (/opt/ros/jazzy/share/rmw_fastrtps_cpp/cmake)
[1.394s] -- Found OpenSSL: /usr/lib/x86_64-linux-gnu/libcrypto.so (found version "3.0.13")  
[1.410s] -- Found FastRTPS: /opt/ros/jazzy/include (Required is at least version "2.13") 
[1.431s] -- Using RMW implementation 'rmw_fastrtps_cpp' as default
[1.519s] -- Found rclcpp_lifecycle: 28.1.9 (/opt/ros/jazzy/share/rclcpp_lifecycle/cmake)
[1.555s] -- Found Boost: /usr/lib/x86_64-linux-gnu/cmake/Boost-1.83.0/BoostConfig.cmake (found version "1.83.0") found components: filesystem 
[1.626s] -- Found Eigen3: TRUE (found version "3.4.0") 
[1.626s] -- Ensuring Eigen3 include directory is part of orocos-kdl CMake target
[1.805s] -- Found Boost: /usr/lib/x86_64-linux-gnu/cmake/Boost-1.83.0/BoostConfig.cmake (found version "1.83.0") found components: system filesystem date_time program_options thread chrono 
[1.847s] -- Found Boost: /usr/lib/x86_64-linux-gnu/cmake/Boost-1.83.0/BoostConfig.cmake (found version "1.83.0") found components: thread system filesystem regex date_time program_options 
[1.871s] -- Found Boost: /usr/lib/x86_64-linux-gnu/cmake/Boost-1.83.0/BoostConfig.cmake (found version "1.83.0") found components: system filesystem date_time program_options thread 
[1.908s] -- Found controller_manager_msgs: 4.29.0 (/opt/ros/jazzy/share/controller_manager_msgs/cmake)
[1.934s] -- Found graph_msgs: 0.2.0 (/opt/ros/jazzy/share/graph_msgs/cmake)
[1.949s] -- Found moveit_visual_tools: 4.1.0 (/home/UMRobotics/moveit_ws/install/moveit_visual_tools/share/moveit_visual_tools/cmake)
[1.996s] -- Setting OGRE_DIR to: '/opt/ros/jazzy/share/rviz_ogre_vendor/cmake/../../../opt/rviz_ogre_vendor/lib/OGRE/cmake'
[1.997s] -- Found OGRE
[1.997s] --   static     : OFF
[1.997s] --   components : MeshLodGenerator;Overlay;Paging;Property;RTShaderSystem;Terrain;Volume
[1.997s] --   plugins    : Plugin_BSPSceneManager;Plugin_OctreeSceneManager;Plugin_PCZSceneManager;Plugin_ParticleFX;RenderSystem_GL;RenderSystem_GL3Plus;Codec_STBI
[1.997s] --   media      : /opt/ros/jazzy/opt/rviz_ogre_vendor/share/OGRE/Media
[1.997s] -- OGRE_LIBRARIES: OgreMeshLodGenerator;OgreOverlay;OgrePaging;OgreProperty;OgreRTShaderSystem;OgreTerrain;OgreVolume;OgreMain
[1.997s] -- OGRE_LIBRARY_DIRS: /opt/ros/jazzy/opt/rviz_ogre_vendor/lib
[1.997s] -- OGRE_PLUGINS: Plugin_BSPSceneManager;Plugin_OctreeSceneManager;Plugin_PCZSceneManager;Plugin_ParticleFX;RenderSystem_GL;RenderSystem_GL3Plus;Codec_STBI
[1.997s] -- OGRE_PLUGIN_DIR: /opt/ros/jazzy/opt/rviz_ogre_vendor/lib/OGRE
[1.997s] -- rviz_ogre_vendor::OgreOverlay for IMPORTED_LOCATION_RELEASE: /opt/ros/jazzy/opt/rviz_ogre_vendor/lib/libOgreOverlay.so
[1.997s] -- rviz_ogre_vendor::OgreOverlay for IMPORTED_LOCATION_DEBUG: /opt/ros/jazzy/opt/rviz_ogre_vendor/lib/libOgreOverlay.so
[1.997s] -- rviz_ogre_vendor::OgreMain for IMPORTED_LOCATION_RELEASE: /opt/ros/jazzy/opt/rviz_ogre_vendor/lib/libOgreMain.so
[1.998s] -- rviz_ogre_vendor::OgreMain for IMPORTED_LOCATION_DEBUG: /opt/ros/jazzy/opt/rviz_ogre_vendor/lib/libOgreMain.so
[2.030s] -- Found ZLIB: /usr/lib/x86_64-linux-gnu/libz.so (found version "1.3")  
[2.044s] -- Found OpenGL: /usr/lib/x86_64-linux-gnu/libOpenGL.so   
[2.218s] -- Found X11: /usr/include   
[2.218s] -- Looking for XOpenDisplay in /usr/lib/x86_64-linux-gnu/libX11.so;/usr/lib/x86_64-linux-gnu/libXext.so
[2.287s] -- Looking for XOpenDisplay in /usr/lib/x86_64-linux-gnu/libX11.so;/usr/lib/x86_64-linux-gnu/libXext.so - found
[2.287s] -- Looking for gethostbyname
[2.355s] -- Looking for gethostbyname - found
[2.355s] -- Looking for connect
[2.423s] -- Looking for connect - found
[2.424s] -- Looking for remove
[2.491s] -- Looking for remove - found
[2.491s] -- Looking for shmat
[2.560s] -- Looking for shmat - found
[2.560s] -- Looking for IceConnectionNumber in ICE
[2.629s] -- Looking for IceConnectionNumber in ICE - found
[2.647s] -- Setting yaml-cpp_DIR to: '/opt/ros/jazzy/share/yaml_cpp_vendor/cmake/../../../opt/yaml_cpp_vendor/share/cmake/yaml-cpp'
[2.775s] -- Found ament_lint_auto: 0.17.2 (/opt/ros/jazzy/share/ament_lint_auto/cmake)
[2.874s] -- Added test 'cppcheck' to perform static code analysis on C / C++ code
[2.874s] -- Configured cppcheck include dirs: /home/UMRobotics/group12_ws/src/group_12_motion_planning/include
[2.874s] -- Configured cppcheck exclude dirs and/or files: 
[2.875s] -- Added test 'lint_cmake' to check CMake code style
[2.876s] -- Added test 'uncrustify' to check C / C++ code style
[2.876s] -- Configured uncrustify additional arguments: 
[2.877s] -- Added test 'xmllint' to check XML markup files
[2.880s] -- Configuring done (2.8s)
[2.909s] -- Generating done (0.0s)
[2.914s] -- Build files have been written to: /home/UMRobotics/group12_ws/src/build/group_12_motion_planning
[2.927s] Invoked command in '/home/UMRobotics/group12_ws/src/build/group_12_motion_planning' returned '0': CMAKE_PREFIX_PATH=${CMAKE_PREFIX_PATH}:/home/UMRobotics/moveit_ws/install/moveit_configs_utils:/opt/ros/jazzy DEBUGINFOD_URLS=https://debuginfod.ubuntu.com /usr/bin/cmake /home/UMRobotics/group12_ws/src/group_12_motion_planning -DCMAKE_INSTALL_PREFIX=/home/UMRobotics/group12_ws/src/install/group_12_motion_planning
[2.928s] Invoking command in '/home/UMRobotics/group12_ws/src/build/group_12_motion_planning': CMAKE_PREFIX_PATH=${CMAKE_PREFIX_PATH}:/home/UMRobotics/moveit_ws/install/moveit_configs_utils:/opt/ros/jazzy DEBUGINFOD_URLS=https://debuginfod.ubuntu.com /usr/bin/cmake --build /home/UMRobotics/group12_ws/src/build/group_12_motion_planning -- -j16 -l16
[2.979s] [ 66%] [32mBuilding CXX object CMakeFiles/ur5e_moveit_controller.dir/src/ur5e_moveit_controller.cpp.o[0m
[2.979s] [ 66%] [32mBuilding CXX object CMakeFiles/ur5e_moveit_controller.dir/src/quaternion_utils.cpp.o[0m
[9.443s] [100%] [32m[1mLinking CXX executable ur5e_moveit_controller[0m
[9.619s] /usr/bin/ld: warning: libgeometric_shapes.so.2.2.1, needed by /home/UMRobotics/moveit_ws/install/moveit_ros_planning/lib/libmoveit_planning_scene_monitor.so.2.11.0, not found (try using -rpath or -rpath-link)
[9.620s] /usr/bin/ld: warning: libsrdfdom.so.2.0.5, needed by /home/UMRobotics/moveit_ws/install/moveit_core/lib/libmoveit_robot_model.so.2.11.0, not found (try using -rpath or -rpath-link)
[9.664s] /usr/bin/ld: /home/UMRobotics/moveit_ws/install/moveit_core/lib/libmoveit_robot_model.so.2.11.0: undefined reference to `shapes::createMeshFromResource(std::__cxx11::basic_string<char, std::char_traits<char>, std::allocator<char> > const&, Eigen::Matrix<double, 3, 1, 0, 3, 1> const&)'
[9.664s] /usr/bin/ld: /home/UMRobotics/moveit_ws/install/moveit_core/lib/libmoveit_planning_scene.so.2.11.0: undefined reference to `shapes::constructShapeFromText(std::istream&)'
[9.665s] /usr/bin/ld: /home/UMRobotics/moveit_ws/install/moveit_core/lib/libmoveit_kinematic_constraints.so.2.11.0: undefined reference to `shapes::constructMarkerFromShape(shapes::Shape const*, visualization_msgs::msg::Marker_<std::allocator<void> >&, bool)'
[9.665s] /usr/bin/ld: /home/UMRobotics/moveit_ws/install/moveit_core/lib/libmoveit_robot_model.so.2.11.0: undefined reference to `typeinfo for shapes::Mesh'
[9.665s] /usr/bin/ld: /home/UMRobotics/moveit_ws/install/moveit_core/lib/libmoveit_kinematic_constraints.so.2.11.0: undefined reference to `bodies::createEmptyBodyFromShapeType(shapes::ShapeType const&)'
[9.666s] /usr/bin/ld: /home/UMRobotics/moveit_ws/install/moveit_core/lib/libmoveit_planning_scene.so.2.11.0: undefined reference to `shapes::saveAsText(shapes::Shape const*, std::ostream&)'
[9.666s] /usr/bin/ld: /home/UMRobotics/moveit_ws/install/moveit_core/lib/libmoveit_robot_model.so.2.11.0: undefined reference to `shapes::Sphere::Sphere(double)'
[9.667s] /usr/bin/ld: /home/UMRobotics/moveit_ws/install/moveit_core/lib/libmoveit_kinematic_constraints.so.2.11.0: undefined reference to `shapes::constructShapeFromMsg(shape_msgs::msg::SolidPrimitive_<std::allocator<void> > const&)'
[9.667s] /usr/bin/ld: /home/UMRobotics/moveit_ws/install/moveit_core/lib/libmoveit_kinematic_constraints.so.2.11.0: undefined reference to `shapes::Mesh::Mesh()'
[9.667s] /usr/bin/ld: /home/UMRobotics/moveit_ws/install/moveit_core/lib/libmoveit_robot_model.so.2.11.0: undefined reference to `shapes::Box::Box(double, double, double)'
[9.668s] /usr/bin/ld: /home/UMRobotics/moveit_ws/install/moveit_core/lib/libmoveit_robot_model.so.2.11.0: undefined reference to `typeinfo for shapes::Shape'
[9.668s] /usr/bin/ld: /home/UMRobotics/moveit_ws/install/moveit_core/lib/libmoveit_robot_state.so.2.11.0: undefined reference to `shapes::computeShapeExtents(shapes::Shape const*)'
[9.669s] /usr/bin/ld: /home/UMRobotics/moveit_ws/install/moveit_core/lib/libmoveit_robot_state.so.2.11.0: undefined reference to `shapes::Shape::padd(double)'
[9.669s] /usr/bin/ld: /home/UMRobotics/moveit_ws/install/moveit_core/lib/libmoveit_kinematic_constraints.so.2.11.0: undefined reference to `shapes::constructShapeFromMsg(shape_msgs::msg::Mesh_<std::allocator<void> > const&)'
[9.669s] /usr/bin/ld: /home/UMRobotics/moveit_ws/install/moveit_core/lib/libmoveit_robot_state.so.2.11.0: undefined reference to `shapes::Shape::scale(double)'
[9.670s] /usr/bin/ld: /home/UMRobotics/moveit_ws/install/moveit_core/lib/libmoveit_robot_model.so.2.11.0: undefined reference to `srdf::Model::empty_vector_'
[9.670s] /usr/bin/ld: /home/UMRobotics/moveit_ws/install/moveit_core/lib/libmoveit_robot_model.so.2.11.0: undefined reference to `shapes::Cylinder::Cylinder(double, double)'
[9.670s] /usr/bin/ld: /home/UMRobotics/moveit_ws/install/moveit_core/lib/libmoveit_planning_scene.so.2.11.0: undefined reference to `shapes::OcTree::OcTree(std::shared_ptr<octomap::OcTree const> const&)'
[9.670s] /usr/bin/ld: /home/UMRobotics/moveit_ws/install/moveit_ros_planning/lib/libmoveit_rdf_loader.so.2.11.0: undefined reference to `srdf::Model::initString(urdf::ModelInterface const&, std::__cxx11::basic_string<char, std::char_traits<char>, std::allocator<char> > const&)'
[9.671s] /usr/bin/ld: /home/UMRobotics/moveit_ws/install/moveit_core/lib/libmoveit_robot_state.so.2.11.0: undefined reference to `shapes::constructMsgFromShape(shapes::Shape const*, boost::variant<shape_msgs::msg::SolidPrimitive_<std::allocator<void> >, shape_msgs::msg::Mesh_<std::allocator<void> >, shape_msgs::msg::Plane_<std::allocator<void> > >&)'
[9.672s] /usr/bin/ld: /home/UMRobotics/moveit_ws/install/moveit_core/lib/libmoveit_collision_detection.so.2.11.0: undefined reference to `typeinfo for shapes::OcTree'
[9.672s] /usr/bin/ld: /home/UMRobotics/moveit_ws/install/moveit_ros_planning/lib/libmoveit_planning_scene_monitor.so.2.11.0: undefined reference to `shapes::Mesh::mergeVertices(double)'
[9.672s] /usr/bin/ld: /home/UMRobotics/moveit_ws/install/moveit_core/lib/libmoveit_robot_state.so.2.11.0: undefined reference to `shapes::constructShapeFromMsg(shape_msgs::msg::Plane_<std::allocator<void> > const&)'
[9.678s] collect2: error: ld returned 1 exit status
[9.679s] gmake[2]: *** [CMakeFiles/ur5e_moveit_controller.dir/build.make:446: ur5e_moveit_controller] Error 1
[9.679s] gmake[1]: *** [CMakeFiles/Makefile2:137: CMakeFiles/ur5e_moveit_controller.dir/all] Error 2
[9.679s] gmake: *** [Makefile:146: all] Error 2
