[0.011s] Invoking command in '/home/UMRobotics/group12_ws/build/predefined_motion': CMAKE_PREFIX_PATH=${CMAKE_PREFIX_PATH}:/home/UMRobotics/moveit_ws/install/moveit_configs_utils:/opt/ros/jazzy DEBUGINFOD_URLS=https://debuginfod.ubuntu.com /usr/bin/cmake --build /home/UMRobotics/group12_ws/build/predefined_motion -- -j16 -l16
[0.048s] Invoked command in '/home/UMRobotics/group12_ws/build/predefined_motion' returned '0': CMAKE_PREFIX_PATH=${CMAKE_PREFIX_PATH}:/home/UMRobotics/moveit_ws/install/moveit_configs_utils:/opt/ros/jazzy DEBUGINFOD_URLS=https://debuginfod.ubuntu.com /usr/bin/cmake --build /home/UMRobotics/group12_ws/build/predefined_motion -- -j16 -l16
[0.049s] Invoking command in '/home/UMRobotics/group12_ws/build/predefined_motion': CMAKE_PREFIX_PATH=${CMAKE_PREFIX_PATH}:/home/UMRobotics/moveit_ws/install/moveit_configs_utils:/opt/ros/jazzy DEBUGINFOD_URLS=https://debuginfod.ubuntu.com /usr/bin/cmake --install /home/UMRobotics/group12_ws/build/predefined_motion
[0.056s] -- Install configuration: ""
[0.056s] -- Up-to-date: /home/UMRobotics/group12_ws/install/predefined_motion/share/ament_index/resource_index/package_run_dependencies/predefined_motion
[0.056s] -- Up-to-date: /home/UMRobotics/group12_ws/install/predefined_motion/share/ament_index/resource_index/parent_prefix_path/predefined_motion
[0.056s] -- Up-to-date: /home/UMRobotics/group12_ws/install/predefined_motion/share/predefined_motion/environment/ament_prefix_path.sh
[0.056s] -- Up-to-date: /home/UMRobotics/group12_ws/install/predefined_motion/share/predefined_motion/environment/ament_prefix_path.dsv
[0.056s] -- Up-to-date: /home/UMRobotics/group12_ws/install/predefined_motion/share/predefined_motion/environment/path.sh
[0.056s] -- Up-to-date: /home/UMRobotics/group12_ws/install/predefined_motion/share/predefined_motion/environment/path.dsv
[0.056s] -- Up-to-date: /home/UMRobotics/group12_ws/install/predefined_motion/share/predefined_motion/local_setup.bash
[0.056s] -- Up-to-date: /home/UMRobotics/group12_ws/install/predefined_motion/share/predefined_motion/local_setup.sh
[0.056s] -- Up-to-date: /home/UMRobotics/group12_ws/install/predefined_motion/share/predefined_motion/local_setup.zsh
[0.056s] -- Up-to-date: /home/UMRobotics/group12_ws/install/predefined_motion/share/predefined_motion/local_setup.dsv
[0.056s] -- Installing: /home/UMRobotics/group12_ws/install/predefined_motion/share/predefined_motion/package.dsv
[0.056s] -- Up-to-date: /home/UMRobotics/group12_ws/install/predefined_motion/share/ament_index/resource_index/packages/predefined_motion
[0.056s] -- Up-to-date: /home/UMRobotics/group12_ws/install/predefined_motion/share/predefined_motion/cmake/predefined_motionConfig.cmake
[0.056s] -- Up-to-date: /home/UMRobotics/group12_ws/install/predefined_motion/share/predefined_motion/cmake/predefined_motionConfig-version.cmake
[0.056s] -- Up-to-date: /home/UMRobotics/group12_ws/install/predefined_motion/share/predefined_motion/package.xml
[0.056s] -- Up-to-date: /home/UMRobotics/group12_ws/install/predefined_motion/share/predefined_motion/launch
[0.056s] -- Up-to-date: /home/UMRobotics/group12_ws/install/predefined_motion/share/predefined_motion/launch/view_robot.launch.py
[0.056s] -- Up-to-date: /home/UMRobotics/group12_ws/install/predefined_motion/share/predefined_motion/srdf
[0.056s] -- Up-to-date: /home/UMRobotics/group12_ws/install/predefined_motion/share/predefined_motion/srdf/ur.srdf.xacro
[0.066s] Invoked command in '/home/UMRobotics/group12_ws/build/predefined_motion' returned '0': CMAKE_PREFIX_PATH=${CMAKE_PREFIX_PATH}:/home/UMRobotics/moveit_ws/install/moveit_configs_utils:/opt/ros/jazzy DEBUGINFOD_URLS=https://debuginfod.ubuntu.com /usr/bin/cmake --install /home/UMRobotics/group12_ws/build/predefined_motion
