[0.015s] Invoking command in '/home/UMRobotics/group12_ws/build/group_12_motion_planning': CMAKE_PREFIX_PATH=${CMAKE_PREFIX_PATH}:/home/UMRobotics/moveit_ws/install/moveit_configs_utils:/opt/ros/jazzy DEBUGINFOD_URLS=https://debuginfod.ubuntu.com /usr/bin/cmake /home/UMRobotics/group12_ws/src/group_12_motion_planning -DCMAKE_INSTALL_PREFIX=/home/UMRobotics/group12_ws/install/group_12_motion_planning
[0.053s] -- The C compiler identification is GNU 13.3.0
[0.090s] -- The CXX compiler identification is GNU 13.3.0
[0.100s] -- Detecting C compiler ABI info
[0.163s] -- Detecting C compiler ABI info - done
[0.169s] -- Check for working C compiler: /usr/bin/cc - skipped
[0.169s] -- Detecting C compile features
[0.169s] -- Detecting C compile features - done
[0.176s] -- Detecting CXX compiler ABI info
[0.248s] -- Detecting CXX compiler ABI info - done
[0.254s] -- Check for working CXX compiler: /usr/bin/c++ - skipped
[0.254s] -- Detecting CXX compile features
[0.255s] -- Detecting CXX compile features - done
[0.258s] -- Found ament_cmake: 2.5.4 (/opt/ros/jazzy/share/ament_cmake/cmake)
[0.383s] -- Found Python3: /home/UMRobotics/.local/bin/python3 (found version "3.12.3") found components: Interpreter 
[0.485s] -- Found xacro: 2.0.13 (/opt/ros/jazzy/share/xacro/cmake)
[0.488s] -- Found moveit_ros_planning_interface: 2.12.3 (/opt/ros/jazzy/share/moveit_ros_planning_interface/cmake)
[0.585s] -- Found Boost: /usr/lib/x86_64-linux-gnu/cmake/Boost-1.83.0/BoostConfig.cmake (found version "1.83.0") found components: date_time filesystem program_options system thread 
[0.638s] -- Found rosidl_generator_c: 4.6.5 (/opt/ros/jazzy/share/rosidl_generator_c/cmake)
[0.652s] -- Found rosidl_generator_cpp: 4.6.5 (/opt/ros/jazzy/share/rosidl_generator_cpp/cmake)
[0.669s] -- Using all available rosidl_typesupport_c: rosidl_typesupport_fastrtps_c;rosidl_typesupport_introspection_c
[0.687s] -- Using all available rosidl_typesupport_cpp: rosidl_typesupport_fastrtps_cpp;rosidl_typesupport_introspection_cpp
[0.934s] -- Found Boost: /usr/lib/x86_64-linux-gnu/cmake/Boost-1.83.0/BoostConfig.cmake (found version "1.83.0") found components: chrono date_time filesystem iostreams program_options regex serialization system thread 
[1.006s] -- Found parameter_traits: 0.4.0 (/opt/ros/jazzy/share/parameter_traits/cmake)
[1.057s] -- Found rmw_implementation_cmake: 7.3.2 (/opt/ros/jazzy/share/rmw_implementation_cmake/cmake)
[1.061s] -- Found rmw_fastrtps_cpp: 8.4.2 (/opt/ros/jazzy/share/rmw_fastrtps_cpp/cmake)
[1.127s] -- Found OpenSSL: /usr/lib/x86_64-linux-gnu/libcrypto.so (found version "3.0.13")  
[1.140s] -- Found FastRTPS: /opt/ros/jazzy/include (Required is at least version "2.13") 
[1.157s] -- Using RMW implementation 'rmw_fastrtps_cpp' as default
[1.232s] -- Found rclcpp_lifecycle: 28.1.9 (/opt/ros/jazzy/share/rclcpp_lifecycle/cmake)
[1.263s] -- Found Boost: /usr/lib/x86_64-linux-gnu/cmake/Boost-1.83.0/BoostConfig.cmake (found version "1.83.0") found components: filesystem 
[1.323s] -- Found Eigen3: TRUE (found version "3.4.0") 
[1.323s] -- Ensuring Eigen3 include directory is part of orocos-kdl CMake target
[1.471s] -- Found Boost: /usr/lib/x86_64-linux-gnu/cmake/Boost-1.83.0/BoostConfig.cmake (found version "1.83.0") found components: system filesystem date_time program_options thread chrono 
[1.511s] -- Found Boost: /usr/lib/x86_64-linux-gnu/cmake/Boost-1.83.0/BoostConfig.cmake (found version "1.83.0") found components: thread system filesystem regex date_time program_options 
[1.533s] -- Found Boost: /usr/lib/x86_64-linux-gnu/cmake/Boost-1.83.0/BoostConfig.cmake (found version "1.83.0") found components: system filesystem date_time program_options thread 
[1.565s] -- Found moveit_visual_tools: 4.1.2 (/opt/ros/jazzy/share/moveit_visual_tools/cmake)
[1.625s] -- Setting OGRE_DIR to: '/opt/ros/jazzy/share/rviz_ogre_vendor/cmake/../../../opt/rviz_ogre_vendor/lib/OGRE/cmake'
[1.626s] -- Found OGRE
[1.626s] --   static     : OFF
[1.626s] --   components : MeshLodGenerator;Overlay;Paging;Property;RTShaderSystem;Terrain;Volume
[1.626s] --   plugins    : Plugin_BSPSceneManager;Plugin_OctreeSceneManager;Plugin_PCZSceneManager;Plugin_ParticleFX;RenderSystem_GL;RenderSystem_GL3Plus;Codec_STBI
[1.626s] --   media      : /opt/ros/jazzy/opt/rviz_ogre_vendor/share/OGRE/Media
[1.626s] -- OGRE_LIBRARIES: OgreMeshLodGenerator;OgreOverlay;OgrePaging;OgreProperty;OgreRTShaderSystem;OgreTerrain;OgreVolume;OgreMain
[1.626s] -- OGRE_LIBRARY_DIRS: /opt/ros/jazzy/opt/rviz_ogre_vendor/lib
[1.626s] -- OGRE_PLUGINS: Plugin_BSPSceneManager;Plugin_OctreeSceneManager;Plugin_PCZSceneManager;Plugin_ParticleFX;RenderSystem_GL;RenderSystem_GL3Plus;Codec_STBI
[1.626s] -- OGRE_PLUGIN_DIR: /opt/ros/jazzy/opt/rviz_ogre_vendor/lib/OGRE
[1.626s] -- rviz_ogre_vendor::OgreOverlay for IMPORTED_LOCATION_RELEASE: /opt/ros/jazzy/opt/rviz_ogre_vendor/lib/libOgreOverlay.so
[1.626s] -- rviz_ogre_vendor::OgreOverlay for IMPORTED_LOCATION_DEBUG: /opt/ros/jazzy/opt/rviz_ogre_vendor/lib/libOgreOverlay.so
[1.626s] -- rviz_ogre_vendor::OgreMain for IMPORTED_LOCATION_RELEASE: /opt/ros/jazzy/opt/rviz_ogre_vendor/lib/libOgreMain.so
[1.626s] -- rviz_ogre_vendor::OgreMain for IMPORTED_LOCATION_DEBUG: /opt/ros/jazzy/opt/rviz_ogre_vendor/lib/libOgreMain.so
[1.650s] -- Found ZLIB: /usr/lib/x86_64-linux-gnu/libz.so (found version "1.3")  
[1.660s] -- Found OpenGL: /usr/lib/x86_64-linux-gnu/libOpenGL.so   
[1.788s] -- Found X11: /usr/include   
[1.788s] -- Looking for XOpenDisplay in /usr/lib/x86_64-linux-gnu/libX11.so;/usr/lib/x86_64-linux-gnu/libXext.so
[1.845s] -- Looking for XOpenDisplay in /usr/lib/x86_64-linux-gnu/libX11.so;/usr/lib/x86_64-linux-gnu/libXext.so - found
[1.845s] -- Looking for gethostbyname
[1.900s] -- Looking for gethostbyname - found
[1.900s] -- Looking for connect
[1.956s] -- Looking for connect - found
[1.956s] -- Looking for remove
[2.012s] -- Looking for remove - found
[2.012s] -- Looking for shmat
[2.068s] -- Looking for shmat - found
[2.068s] -- Looking for IceConnectionNumber in ICE
[2.124s] -- Looking for IceConnectionNumber in ICE - found
[2.139s] -- Setting yaml-cpp_DIR to: '/opt/ros/jazzy/share/yaml_cpp_vendor/cmake/../../../opt/yaml_cpp_vendor/share/cmake/yaml-cpp'
[2.239s] -- Found ament_lint_auto: 0.17.2 (/opt/ros/jazzy/share/ament_lint_auto/cmake)
[2.324s] -- Added test 'cppcheck' to perform static code analysis on C / C++ code
[2.324s] -- Configured cppcheck include dirs: 
[2.324s] -- Configured cppcheck exclude dirs and/or files: 
[2.325s] -- Added test 'lint_cmake' to check CMake code style
[2.326s] -- Added test 'uncrustify' to check C / C++ code style
[2.326s] -- Configured uncrustify additional arguments: 
[2.327s] -- Added test 'xmllint' to check XML markup files
[2.329s] -- Configuring done (2.3s)
[2.333s] -- Generating done (0.0s)
[2.336s] -- Build files have been written to: /home/UMRobotics/group12_ws/build/group_12_motion_planning
[2.345s] Invoked command in '/home/UMRobotics/group12_ws/build/group_12_motion_planning' returned '0': CMAKE_PREFIX_PATH=${CMAKE_PREFIX_PATH}:/home/UMRobotics/moveit_ws/install/moveit_configs_utils:/opt/ros/jazzy DEBUGINFOD_URLS=https://debuginfod.ubuntu.com /usr/bin/cmake /home/UMRobotics/group12_ws/src/group_12_motion_planning -DCMAKE_INSTALL_PREFIX=/home/UMRobotics/group12_ws/install/group_12_motion_planning
[2.346s] Invoking command in '/home/UMRobotics/group12_ws/build/group_12_motion_planning': CMAKE_PREFIX_PATH=${CMAKE_PREFIX_PATH}:/home/UMRobotics/moveit_ws/install/moveit_configs_utils:/opt/ros/jazzy DEBUGINFOD_URLS=https://debuginfod.ubuntu.com /usr/bin/cmake --build /home/UMRobotics/group12_ws/build/group_12_motion_planning -- -j16 -l16
[2.377s] Invoked command in '/home/UMRobotics/group12_ws/build/group_12_motion_planning' returned '0': CMAKE_PREFIX_PATH=${CMAKE_PREFIX_PATH}:/home/UMRobotics/moveit_ws/install/moveit_configs_utils:/opt/ros/jazzy DEBUGINFOD_URLS=https://debuginfod.ubuntu.com /usr/bin/cmake --build /home/UMRobotics/group12_ws/build/group_12_motion_planning -- -j16 -l16
[2.378s] Invoking command in '/home/UMRobotics/group12_ws/build/group_12_motion_planning': CMAKE_PREFIX_PATH=${CMAKE_PREFIX_PATH}:/home/UMRobotics/moveit_ws/install/moveit_configs_utils:/opt/ros/jazzy DEBUGINFOD_URLS=https://debuginfod.ubuntu.com /usr/bin/cmake --install /home/UMRobotics/group12_ws/build/group_12_motion_planning
[2.383s] -- Install configuration: ""
[2.383s] -- Installing: /home/UMRobotics/group12_ws/install/group_12_motion_planning/share/ament_index/resource_index/package_run_dependencies/group_12_motion_planning
[2.383s] -- Installing: /home/UMRobotics/group12_ws/install/group_12_motion_planning/share/ament_index/resource_index/parent_prefix_path/group_12_motion_planning
[2.384s] -- Installing: /home/UMRobotics/group12_ws/install/group_12_motion_planning/share/group_12_motion_planning/environment/ament_prefix_path.sh
[2.384s] -- Installing: /home/UMRobotics/group12_ws/install/group_12_motion_planning/share/group_12_motion_planning/environment/ament_prefix_path.dsv
[2.384s] -- Installing: /home/UMRobotics/group12_ws/install/group_12_motion_planning/share/group_12_motion_planning/environment/path.sh
[2.384s] -- Installing: /home/UMRobotics/group12_ws/install/group_12_motion_planning/share/group_12_motion_planning/environment/path.dsv
[2.384s] -- Installing: /home/UMRobotics/group12_ws/install/group_12_motion_planning/share/group_12_motion_planning/local_setup.bash
[2.384s] -- Installing: /home/UMRobotics/group12_ws/install/group_12_motion_planning/share/group_12_motion_planning/local_setup.sh
[2.384s] -- Installing: /home/UMRobotics/group12_ws/install/group_12_motion_planning/share/group_12_motion_planning/local_setup.zsh
[2.384s] -- Installing: /home/UMRobotics/group12_ws/install/group_12_motion_planning/share/group_12_motion_planning/local_setup.dsv
[2.384s] -- Installing: /home/UMRobotics/group12_ws/install/group_12_motion_planning/share/group_12_motion_planning/package.dsv
[2.384s] -- Installing: /home/UMRobotics/group12_ws/install/group_12_motion_planning/share/ament_index/resource_index/packages/group_12_motion_planning
[2.384s] -- Installing: /home/UMRobotics/group12_ws/install/group_12_motion_planning/share/group_12_motion_planning/cmake/group_12_motion_planningConfig.cmake
[2.384s] -- Installing: /home/UMRobotics/group12_ws/install/group_12_motion_planning/share/group_12_motion_planning/cmake/group_12_motion_planningConfig-version.cmake
[2.384s] -- Installing: /home/UMRobotics/group12_ws/install/group_12_motion_planning/share/group_12_motion_planning/package.xml
[2.386s] Invoked command in '/home/UMRobotics/group12_ws/build/group_12_motion_planning' returned '0': CMAKE_PREFIX_PATH=${CMAKE_PREFIX_PATH}:/home/UMRobotics/moveit_ws/install/moveit_configs_utils:/opt/ros/jazzy DEBUGINFOD_URLS=https://debuginfod.ubuntu.com /usr/bin/cmake --install /home/UMRobotics/group12_ws/build/group_12_motion_planning
