[0.010s] Invoking command in '/home/UMRobotics/group12_ws/build/my_robot_cell_description': CMAKE_PREFIX_PATH=${CMAKE_PREFIX_PATH}:/home/UMRobotics/moveit_ws/install/moveit_configs_utils:/opt/ros/jazzy DEBUGINFOD_URLS=https://debuginfod.ubuntu.com /usr/bin/cmake /home/UMRobotics/group12_ws/src/my_robot_cell_description -DAMENT_CMAKE_SYMLINK_INSTALL=1 -DCMAKE_INSTALL_PREFIX=/home/UMRobotics/group12_ws/install/my_robot_cell_description
[0.046s] -- The C compiler identification is GNU 13.3.0
[0.083s] -- The CXX compiler identification is GNU 13.3.0
[0.093s] -- Detecting C compiler ABI info
[0.155s] -- Detecting C compiler ABI info - done
[0.161s] -- Check for working C compiler: /usr/bin/cc - skipped
[0.161s] -- Detecting C compile features
[0.162s] -- Detecting C compile features - done
[0.168s] -- Detecting CXX compiler ABI info
[0.239s] -- Detecting CXX compiler ABI info - done
[0.245s] -- Check for working CXX compiler: /usr/bin/c++ - skipped
[0.245s] -- Detecting CXX compile features
[0.245s] -- Detecting CXX compile features - done
[0.249s] -- Found ament_cmake: 2.5.4 (/opt/ros/jazzy/share/ament_cmake/cmake)
[0.374s] -- Found Python3: /home/UMRobotics/.local/bin/python3 (found version "3.12.3") found components: Interpreter 
[0.428s] -- Override CMake install command with custom implementation using symlinks instead of copying resources
[0.474s] -- Found xacro: 2.0.13 (/opt/ros/jazzy/share/xacro/cmake)
[0.477s] -- Found controller_manager_msgs: 4.29.0 (/opt/ros/jazzy/share/controller_manager_msgs/cmake)
[0.521s] -- Found rosidl_generator_c: 4.6.5 (/opt/ros/jazzy/share/rosidl_generator_c/cmake)
[0.536s] -- Found rosidl_generator_cpp: 4.6.5 (/opt/ros/jazzy/share/rosidl_generator_cpp/cmake)
[0.554s] -- Using all available rosidl_typesupport_c: rosidl_typesupport_fastrtps_c;rosidl_typesupport_introspection_c
[0.573s] -- Using all available rosidl_typesupport_cpp: rosidl_typesupport_fastrtps_cpp;rosidl_typesupport_introspection_cpp
[0.653s] -- Found rclcpp: 28.1.9 (/opt/ros/jazzy/share/rclcpp/cmake)
[0.697s] -- Found rmw_implementation_cmake: 7.3.2 (/opt/ros/jazzy/share/rmw_implementation_cmake/cmake)
[0.702s] -- Found rmw_fastrtps_cpp: 8.4.2 (/opt/ros/jazzy/share/rmw_fastrtps_cpp/cmake)
[0.768s] -- Found OpenSSL: /usr/lib/x86_64-linux-gnu/libcrypto.so (found version "3.0.13")  
[0.783s] -- Found FastRTPS: /opt/ros/jazzy/include (Required is at least version "2.13") 
[0.801s] -- Using RMW implementation 'rmw_fastrtps_cpp' as default
[0.859s] -- Found moveit_core: 2.11.0 (/home/UMRobotics/moveit_ws/install/moveit_core/share/moveit_core/cmake)
[0.968s] -- Found Boost: /usr/lib/x86_64-linux-gnu/cmake/Boost-1.83.0/BoostConfig.cmake (found version "1.83.0") found components: chrono date_time filesystem iostreams program_options regex serialization system thread 
[1.037s] -- Found parameter_traits: 0.4.0 (/opt/ros/jazzy/share/parameter_traits/cmake)
[1.053s] -- Found rclcpp_lifecycle: 28.1.9 (/opt/ros/jazzy/share/rclcpp_lifecycle/cmake)
[1.069s] -- Found Boost: /usr/lib/x86_64-linux-gnu/cmake/Boost-1.83.0/BoostConfig.cmake (found version "1.83.0") found components: filesystem 
[1.175s] -- Found Eigen3: TRUE (found version "3.4.0") 
[1.176s] -- Ensuring Eigen3 include directory is part of orocos-kdl CMake target
[1.449s] -- Found ament_lint_auto: 0.17.2 (/opt/ros/jazzy/share/ament_lint_auto/cmake)
[1.533s] -- Added test 'flake8' to check Python code syntax and style conventions
[1.533s] -- Configured 'flake8' exclude dirs and/or files: 
[1.534s] -- Added test 'lint_cmake' to check CMake code style
[1.535s] -- Added test 'pep257' to check Python code against some of the docstring style conventions in PEP 257
[1.537s] -- Added test 'xmllint' to check XML markup files
[1.539s] -- Configuring done (1.5s)
[1.544s] -- Generating done (0.0s)
[1.546s] -- Build files have been written to: /home/UMRobotics/group12_ws/build/my_robot_cell_description
[1.554s] Invoked command in '/home/UMRobotics/group12_ws/build/my_robot_cell_description' returned '0': CMAKE_PREFIX_PATH=${CMAKE_PREFIX_PATH}:/home/UMRobotics/moveit_ws/install/moveit_configs_utils:/opt/ros/jazzy DEBUGINFOD_URLS=https://debuginfod.ubuntu.com /usr/bin/cmake /home/UMRobotics/group12_ws/src/my_robot_cell_description -DAMENT_CMAKE_SYMLINK_INSTALL=1 -DCMAKE_INSTALL_PREFIX=/home/UMRobotics/group12_ws/install/my_robot_cell_description
[1.555s] Invoking command in '/home/UMRobotics/group12_ws/build/my_robot_cell_description': CMAKE_PREFIX_PATH=${CMAKE_PREFIX_PATH}:/home/UMRobotics/moveit_ws/install/moveit_configs_utils:/opt/ros/jazzy DEBUGINFOD_URLS=https://debuginfod.ubuntu.com /usr/bin/cmake --build /home/UMRobotics/group12_ws/build/my_robot_cell_description -- -j16 -l16
[1.586s] Invoked command in '/home/UMRobotics/group12_ws/build/my_robot_cell_description' returned '0': CMAKE_PREFIX_PATH=${CMAKE_PREFIX_PATH}:/home/UMRobotics/moveit_ws/install/moveit_configs_utils:/opt/ros/jazzy DEBUGINFOD_URLS=https://debuginfod.ubuntu.com /usr/bin/cmake --build /home/UMRobotics/group12_ws/build/my_robot_cell_description -- -j16 -l16
[1.587s] Invoking command in '/home/UMRobotics/group12_ws/build/my_robot_cell_description': CMAKE_PREFIX_PATH=${CMAKE_PREFIX_PATH}:/home/UMRobotics/moveit_ws/install/moveit_configs_utils:/opt/ros/jazzy DEBUGINFOD_URLS=https://debuginfod.ubuntu.com /usr/bin/cmake --install /home/UMRobotics/group12_ws/build/my_robot_cell_description
[1.593s] -- Install configuration: ""
[1.593s] -- Execute custom install script
[1.593s] -- Symlinking: /home/UMRobotics/group12_ws/install/my_robot_cell_description/share/ament_index/resource_index/package_run_dependencies/my_robot_cell_description
[1.600s] -- Symlinking: /home/UMRobotics/group12_ws/install/my_robot_cell_description/share/ament_index/resource_index/parent_prefix_path/my_robot_cell_description
[1.606s] -- Symlinking: /home/UMRobotics/group12_ws/install/my_robot_cell_description/share/my_robot_cell_description/environment/ament_prefix_path.sh
[1.613s] -- Symlinking: /home/UMRobotics/group12_ws/install/my_robot_cell_description/share/my_robot_cell_description/environment/ament_prefix_path.dsv
[1.619s] -- Symlinking: /home/UMRobotics/group12_ws/install/my_robot_cell_description/share/my_robot_cell_description/environment/path.sh
[1.626s] -- Symlinking: /home/UMRobotics/group12_ws/install/my_robot_cell_description/share/my_robot_cell_description/environment/path.dsv
[1.632s] -- Symlinking: /home/UMRobotics/group12_ws/install/my_robot_cell_description/share/my_robot_cell_description/local_setup.bash
[1.638s] -- Symlinking: /home/UMRobotics/group12_ws/install/my_robot_cell_description/share/my_robot_cell_description/local_setup.sh
[1.645s] -- Symlinking: /home/UMRobotics/group12_ws/install/my_robot_cell_description/share/my_robot_cell_description/local_setup.zsh
[1.651s] -- Symlinking: /home/UMRobotics/group12_ws/install/my_robot_cell_description/share/my_robot_cell_description/local_setup.dsv
[1.657s] -- Symlinking: /home/UMRobotics/group12_ws/install/my_robot_cell_description/share/my_robot_cell_description/package.dsv
[1.663s] -- Symlinking: /home/UMRobotics/group12_ws/install/my_robot_cell_description/share/ament_index/resource_index/packages/my_robot_cell_description
[1.669s] -- Symlinking: /home/UMRobotics/group12_ws/install/my_robot_cell_description/share/my_robot_cell_description/cmake/my_robot_cell_descriptionConfig.cmake
[1.676s] -- Symlinking: /home/UMRobotics/group12_ws/install/my_robot_cell_description/share/my_robot_cell_description/cmake/my_robot_cell_descriptionConfig-version.cmake
[1.682s] -- Symlinking: /home/UMRobotics/group12_ws/install/my_robot_cell_description/share/my_robot_cell_description/package.xml
[1.688s] -- Symlinking: /home/UMRobotics/group12_ws/install/my_robot_cell_description/share/my_robot_cell_description/launch/view_robot.launch.py
[1.694s] -- Symlinking: /home/UMRobotics/group12_ws/install/my_robot_cell_description/share/my_robot_cell_description/srdf/ur.srdf.xacro
[1.702s] Invoked command in '/home/UMRobotics/group12_ws/build/my_robot_cell_description' returned '0': CMAKE_PREFIX_PATH=${CMAKE_PREFIX_PATH}:/home/UMRobotics/moveit_ws/install/moveit_configs_utils:/opt/ros/jazzy DEBUGINFOD_URLS=https://debuginfod.ubuntu.com /usr/bin/cmake --install /home/UMRobotics/group12_ws/build/my_robot_cell_description
