[0.016s] Invoking command in '/home/UMRobotics/group12_ws/build/group_12_motion_planning': CMAKE_PREFIX_PATH=${CMAKE_PREFIX_PATH}:/home/UMRobotics/moveit_ws/install/moveit_configs_utils:/opt/ros/jazzy DEBUGINFOD_URLS=https://debuginfod.ubuntu.com /usr/bin/cmake --build /home/UMRobotics/group12_ws/build/group_12_motion_planning -- -j16 -l16
[0.035s] -- Found ament_cmake: 2.5.4 (/opt/ros/jazzy/share/ament_cmake/cmake)
[0.181s] -- Found xacro: 2.0.13 (/opt/ros/jazzy/share/xacro/cmake)
[0.182s] -- Found rclcpp: 28.1.9 (/opt/ros/jazzy/share/rclcpp/cmake)
[0.200s] -- Found rosidl_generator_c: 4.6.5 (/opt/ros/jazzy/share/rosidl_generator_c/cmake)
[0.206s] -- Found rosidl_generator_cpp: 4.6.5 (/opt/ros/jazzy/share/rosidl_generator_cpp/cmake)
[0.214s] -- Using all available rosidl_typesupport_c: rosidl_typesupport_fastrtps_c;rosidl_typesupport_introspection_c
[0.223s] -- Using all available rosidl_typesupport_cpp: rosidl_typesupport_fastrtps_cpp;rosidl_typesupport_introspection_cpp
[0.262s] -- Found rmw_implementation_cmake: 7.3.2 (/opt/ros/jazzy/share/rmw_implementation_cmake/cmake)
[0.264s] -- Found rmw_fastrtps_cpp: 8.4.2 (/opt/ros/jazzy/share/rmw_fastrtps_cpp/cmake)
[0.307s] -- Using RMW implementation 'rmw_fastrtps_cpp' as default
[0.348s] -- Found ament_lint_auto: 0.17.2 (/opt/ros/jazzy/share/ament_lint_auto/cmake)
[0.407s] -- Added test 'cppcheck' to perform static code analysis on C / C++ code
[0.407s] -- Configured cppcheck include dirs: 
[0.407s] -- Configured cppcheck exclude dirs and/or files: 
[0.407s] -- Added test 'lint_cmake' to check CMake code style
[0.407s] -- Added test 'uncrustify' to check C / C++ code style
[0.408s] -- Configured uncrustify additional arguments: 
[0.408s] -- Added test 'xmllint' to check XML markup files
[0.408s] -- Configuring done (0.4s)
[0.412s] -- Generating done (0.0s)
[0.413s] -- Build files have been written to: /home/UMRobotics/group12_ws/build/group_12_motion_planning
[0.439s] [ 50%] [32mBuilding CXX object CMakeFiles/ur5e_moveit_controller.dir/src/ur5e_moveit_controller.cpp.o[0m
[0.457s] [01m[K/home/UMRobotics/group12_ws/src/group_12_motion_planning/src/ur5e_moveit_controller.cpp:2:10:[m[K [01;31m[Kfatal error: [m[Krclcpp/rclcpp.hpp: No such file or directory
[0.457s]     2 | #include [01;31m[K<rclcpp/rclcpp.hpp>[m[K
[0.457s]       |          [01;31m[K^~~~~~~~~~~~~~~~~~~[m[K
[0.457s] compilation terminated.
[0.458s] gmake[2]: *** [CMakeFiles/ur5e_moveit_controller.dir/build.make:76: CMakeFiles/ur5e_moveit_controller.dir/src/ur5e_moveit_controller.cpp.o] Error 1
[0.458s] gmake[1]: *** [CMakeFiles/Makefile2:137: CMakeFiles/ur5e_moveit_controller.dir/all] Error 2
[0.458s] gmake: *** [Makefile:146: all] Error 2
[0.460s] Invoked command in '/home/UMRobotics/group12_ws/build/group_12_motion_planning' returned '2': CMAKE_PREFIX_PATH=${CMAKE_PREFIX_PATH}:/home/UMRobotics/moveit_ws/install/moveit_configs_utils:/opt/ros/jazzy DEBUGINFOD_URLS=https://debuginfod.ubuntu.com /usr/bin/cmake --build /home/UMRobotics/group12_ws/build/group_12_motion_planning -- -j16 -l16
