[0.086s] DEBUG:colcon:Command line arguments: ['/usr/bin/colcon', 'build', '--packages-select', 'hello_moveit']
[0.086s] DEBUG:colcon:Parsed command line arguments: Namespace(log_base=None, log_level=None, verb_name='build', build_base='build', install_base='install', merge_install=False, symlink_install=False, test_result_base=None, continue_on_error=False, executor='parallel', parallel_workers=16, event_handlers=None, ignore_user_meta=False, metas=['./colcon.meta'], base_paths=['.'], packages_ignore=None, packages_ignore_regex=None, paths=None, packages_up_to=None, packages_up_to_regex=None, packages_above=None, packages_above_and_dependencies=None, packages_above_depth=None, packages_select_by_dep=None, packages_skip_by_dep=None, packages_skip_up_to=None, packages_select_build_failed=False, packages_skip_build_finished=False, packages_select_test_failures=False, packages_skip_test_passed=False, packages_select=['hello_moveit'], packages_skip=None, packages_select_regex=None, packages_skip_regex=None, packages_start=None, packages_end=None, allow_overriding=[], cmake_args=None, cmake_target=None, cmake_target_skip_unavailable=False, cmake_clean_cache=False, cmake_clean_first=False, cmake_force_configure=False, ament_cmake_args=None, catkin_cmake_args=None, catkin_skip_building_tests=False, mixin_files=None, mixin=None, verb_parser=<colcon_mixin.mixin.mixin_argument.MixinArgumentDecorator object at 0x7f1ab29d3470>, verb_extension=<colcon_core.verb.build.BuildVerb object at 0x7f1ab2979370>, main=<bound method BuildVerb.main of <colcon_core.verb.build.BuildVerb object at 0x7f1ab2979370>>, mixin_verb=('build',))
[0.110s] Level 1:colcon.colcon_core.package_discovery:discover_packages(colcon_meta) check parameters
[0.110s] Level 1:colcon.colcon_core.package_discovery:discover_packages(recursive) check parameters
[0.110s] Level 1:colcon.colcon_core.package_discovery:discover_packages(ignore) check parameters
[0.110s] Level 1:colcon.colcon_core.package_discovery:discover_packages(path) check parameters
[0.110s] Level 1:colcon.colcon_core.package_discovery:discover_packages(colcon_meta) discover
[0.110s] Level 1:colcon.colcon_core.package_discovery:discover_packages(recursive) discover
[0.110s] INFO:colcon.colcon_core.package_discovery:Crawling recursively for packages in '/home/UMRobotics/group12_ws'
[0.111s] Level 1:colcon.colcon_core.package_identification:_identify(.) by extensions ['ignore', 'ignore_ament_install']
[0.111s] Level 1:colcon.colcon_core.package_identification:_identify(.) by extension 'ignore'
[0.111s] Level 1:colcon.colcon_core.package_identification:_identify(.) by extension 'ignore_ament_install'
[0.111s] Level 1:colcon.colcon_core.package_identification:_identify(.) by extensions ['colcon_pkg']
[0.111s] Level 1:colcon.colcon_core.package_identification:_identify(.) by extension 'colcon_pkg'
[0.111s] Level 1:colcon.colcon_core.package_identification:_identify(.) by extensions ['colcon_meta']
[0.111s] Level 1:colcon.colcon_core.package_identification:_identify(.) by extension 'colcon_meta'
[0.111s] Level 1:colcon.colcon_core.package_identification:_identify(.) by extensions ['ros']
[0.111s] Level 1:colcon.colcon_core.package_identification:_identify(.) by extension 'ros'
[0.126s] Level 1:colcon.colcon_core.package_identification:_identify(.) by extensions ['cmake', 'python']
[0.126s] Level 1:colcon.colcon_core.package_identification:_identify(.) by extension 'cmake'
[0.126s] Level 1:colcon.colcon_core.package_identification:_identify(.) by extension 'python'
[0.126s] Level 1:colcon.colcon_core.package_identification:_identify(.) by extensions ['python_setup_py']
[0.126s] Level 1:colcon.colcon_core.package_identification:_identify(.) by extension 'python_setup_py'
[0.126s] Level 1:colcon.colcon_core.package_identification:_identify(build) by extensions ['ignore', 'ignore_ament_install']
[0.126s] Level 1:colcon.colcon_core.package_identification:_identify(build) by extension 'ignore'
[0.126s] Level 1:colcon.colcon_core.package_identification:_identify(build) ignored
[0.126s] Level 1:colcon.colcon_core.package_identification:_identify(install) by extensions ['ignore', 'ignore_ament_install']
[0.126s] Level 1:colcon.colcon_core.package_identification:_identify(install) by extension 'ignore'
[0.126s] Level 1:colcon.colcon_core.package_identification:_identify(install) ignored
[0.126s] Level 1:colcon.colcon_core.package_identification:_identify(log) by extensions ['ignore', 'ignore_ament_install']
[0.126s] Level 1:colcon.colcon_core.package_identification:_identify(log) by extension 'ignore'
[0.126s] Level 1:colcon.colcon_core.package_identification:_identify(log) ignored
[0.127s] Level 1:colcon.colcon_core.package_identification:_identify(src) by extensions ['ignore', 'ignore_ament_install']
[0.127s] Level 1:colcon.colcon_core.package_identification:_identify(src) by extension 'ignore'
[0.127s] Level 1:colcon.colcon_core.package_identification:_identify(src) by extension 'ignore_ament_install'
[0.127s] Level 1:colcon.colcon_core.package_identification:_identify(src) by extensions ['colcon_pkg']
[0.127s] Level 1:colcon.colcon_core.package_identification:_identify(src) by extension 'colcon_pkg'
[0.127s] Level 1:colcon.colcon_core.package_identification:_identify(src) by extensions ['colcon_meta']
[0.127s] Level 1:colcon.colcon_core.package_identification:_identify(src) by extension 'colcon_meta'
[0.127s] Level 1:colcon.colcon_core.package_identification:_identify(src) by extensions ['ros']
[0.127s] Level 1:colcon.colcon_core.package_identification:_identify(src) by extension 'ros'
[0.127s] Level 1:colcon.colcon_core.package_identification:_identify(src) by extensions ['cmake', 'python']
[0.127s] Level 1:colcon.colcon_core.package_identification:_identify(src) by extension 'cmake'
[0.127s] Level 1:colcon.colcon_core.package_identification:_identify(src) by extension 'python'
[0.127s] Level 1:colcon.colcon_core.package_identification:_identify(src) by extensions ['python_setup_py']
[0.127s] Level 1:colcon.colcon_core.package_identification:_identify(src) by extension 'python_setup_py'
[0.127s] Level 1:colcon.colcon_core.package_identification:_identify(src/build) by extensions ['ignore', 'ignore_ament_install']
[0.127s] Level 1:colcon.colcon_core.package_identification:_identify(src/build) by extension 'ignore'
[0.127s] Level 1:colcon.colcon_core.package_identification:_identify(src/build) ignored
[0.127s] Level 1:colcon.colcon_core.package_identification:_identify(src/group_12_motion_planning) by extensions ['ignore', 'ignore_ament_install']
[0.127s] Level 1:colcon.colcon_core.package_identification:_identify(src/group_12_motion_planning) by extension 'ignore'
[0.127s] Level 1:colcon.colcon_core.package_identification:_identify(src/group_12_motion_planning) by extension 'ignore_ament_install'
[0.127s] Level 1:colcon.colcon_core.package_identification:_identify(src/group_12_motion_planning) by extensions ['colcon_pkg']
[0.127s] Level 1:colcon.colcon_core.package_identification:_identify(src/group_12_motion_planning) by extension 'colcon_pkg'
[0.127s] Level 1:colcon.colcon_core.package_identification:_identify(src/group_12_motion_planning) by extensions ['colcon_meta']
[0.127s] Level 1:colcon.colcon_core.package_identification:_identify(src/group_12_motion_planning) by extension 'colcon_meta'
[0.127s] Level 1:colcon.colcon_core.package_identification:_identify(src/group_12_motion_planning) by extensions ['ros']
[0.127s] Level 1:colcon.colcon_core.package_identification:_identify(src/group_12_motion_planning) by extension 'ros'
[0.129s] DEBUG:colcon.colcon_core.package_identification:Package 'src/group_12_motion_planning' with type 'ros.ament_cmake' and name 'group_12_motion_planning'
[0.129s] Level 1:colcon.colcon_core.package_identification:_identify(src/hello_moveit) by extensions ['ignore', 'ignore_ament_install']
[0.129s] Level 1:colcon.colcon_core.package_identification:_identify(src/hello_moveit) by extension 'ignore'
[0.129s] Level 1:colcon.colcon_core.package_identification:_identify(src/hello_moveit) by extension 'ignore_ament_install'
[0.129s] Level 1:colcon.colcon_core.package_identification:_identify(src/hello_moveit) by extensions ['colcon_pkg']
[0.129s] Level 1:colcon.colcon_core.package_identification:_identify(src/hello_moveit) by extension 'colcon_pkg'
[0.129s] Level 1:colcon.colcon_core.package_identification:_identify(src/hello_moveit) by extensions ['colcon_meta']
[0.129s] Level 1:colcon.colcon_core.package_identification:_identify(src/hello_moveit) by extension 'colcon_meta'
[0.129s] Level 1:colcon.colcon_core.package_identification:_identify(src/hello_moveit) by extensions ['ros']
[0.129s] Level 1:colcon.colcon_core.package_identification:_identify(src/hello_moveit) by extension 'ros'
[0.129s] DEBUG:colcon.colcon_core.package_identification:Package 'src/hello_moveit' with type 'ros.ament_cmake' and name 'hello_moveit'
[0.129s] Level 1:colcon.colcon_core.package_identification:_identify(src/install) by extensions ['ignore', 'ignore_ament_install']
[0.129s] Level 1:colcon.colcon_core.package_identification:_identify(src/install) by extension 'ignore'
[0.130s] Level 1:colcon.colcon_core.package_identification:_identify(src/install) ignored
[0.130s] Level 1:colcon.colcon_core.package_identification:_identify(src/log) by extensions ['ignore', 'ignore_ament_install']
[0.130s] Level 1:colcon.colcon_core.package_identification:_identify(src/log) by extension 'ignore'
[0.130s] Level 1:colcon.colcon_core.package_identification:_identify(src/log) ignored
[0.130s] Level 1:colcon.colcon_core.package_identification:_identify(src/my_robot_cell_description) by extensions ['ignore', 'ignore_ament_install']
[0.130s] Level 1:colcon.colcon_core.package_identification:_identify(src/my_robot_cell_description) by extension 'ignore'
[0.130s] Level 1:colcon.colcon_core.package_identification:_identify(src/my_robot_cell_description) by extension 'ignore_ament_install'
[0.130s] Level 1:colcon.colcon_core.package_identification:_identify(src/my_robot_cell_description) by extensions ['colcon_pkg']
[0.130s] Level 1:colcon.colcon_core.package_identification:_identify(src/my_robot_cell_description) by extension 'colcon_pkg'
[0.130s] Level 1:colcon.colcon_core.package_identification:_identify(src/my_robot_cell_description) by extensions ['colcon_meta']
[0.130s] Level 1:colcon.colcon_core.package_identification:_identify(src/my_robot_cell_description) by extension 'colcon_meta'
[0.130s] Level 1:colcon.colcon_core.package_identification:_identify(src/my_robot_cell_description) by extensions ['ros']
[0.130s] Level 1:colcon.colcon_core.package_identification:_identify(src/my_robot_cell_description) by extension 'ros'
[0.130s] DEBUG:colcon.colcon_core.package_identification:Package 'src/my_robot_cell_description' with type 'ros.ament_cmake' and name 'my_robot_cell_description'
[0.130s] Level 1:colcon.colcon_core.package_identification:_identify(src/predefined_motion) by extensions ['ignore', 'ignore_ament_install']
[0.130s] Level 1:colcon.colcon_core.package_identification:_identify(src/predefined_motion) by extension 'ignore'
[0.130s] Level 1:colcon.colcon_core.package_identification:_identify(src/predefined_motion) by extension 'ignore_ament_install'
[0.130s] Level 1:colcon.colcon_core.package_identification:_identify(src/predefined_motion) by extensions ['colcon_pkg']
[0.130s] Level 1:colcon.colcon_core.package_identification:_identify(src/predefined_motion) by extension 'colcon_pkg'
[0.130s] Level 1:colcon.colcon_core.package_identification:_identify(src/predefined_motion) by extensions ['colcon_meta']
[0.130s] Level 1:colcon.colcon_core.package_identification:_identify(src/predefined_motion) by extension 'colcon_meta'
[0.130s] Level 1:colcon.colcon_core.package_identification:_identify(src/predefined_motion) by extensions ['ros']
[0.130s] Level 1:colcon.colcon_core.package_identification:_identify(src/predefined_motion) by extension 'ros'
[0.131s] DEBUG:colcon.colcon_core.package_identification:Package 'src/predefined_motion' with type 'ros.ament_cmake' and name 'predefined_motion'
[0.131s] Level 1:colcon.colcon_core.package_identification:_identify(src/test) by extensions ['ignore', 'ignore_ament_install']
[0.131s] Level 1:colcon.colcon_core.package_identification:_identify(src/test) by extension 'ignore'
[0.131s] Level 1:colcon.colcon_core.package_identification:_identify(src/test) by extension 'ignore_ament_install'
[0.131s] Level 1:colcon.colcon_core.package_identification:_identify(src/test) by extensions ['colcon_pkg']
[0.131s] Level 1:colcon.colcon_core.package_identification:_identify(src/test) by extension 'colcon_pkg'
[0.131s] Level 1:colcon.colcon_core.package_identification:_identify(src/test) by extensions ['colcon_meta']
[0.131s] Level 1:colcon.colcon_core.package_identification:_identify(src/test) by extension 'colcon_meta'
[0.131s] Level 1:colcon.colcon_core.package_identification:_identify(src/test) by extensions ['ros']
[0.131s] Level 1:colcon.colcon_core.package_identification:_identify(src/test) by extension 'ros'
[0.131s] Level 1:colcon.colcon_core.package_identification:_identify(src/test) by extensions ['cmake', 'python']
[0.131s] Level 1:colcon.colcon_core.package_identification:_identify(src/test) by extension 'cmake'
[0.131s] Level 1:colcon.colcon_core.package_identification:_identify(src/test) by extension 'python'
[0.131s] Level 1:colcon.colcon_core.package_identification:_identify(src/test) by extensions ['python_setup_py']
[0.131s] Level 1:colcon.colcon_core.package_identification:_identify(src/test) by extension 'python_setup_py'
[0.131s] Level 1:colcon.colcon_core.package_identification:_identify(src/ur5e_control) by extensions ['ignore', 'ignore_ament_install']
[0.131s] Level 1:colcon.colcon_core.package_identification:_identify(src/ur5e_control) by extension 'ignore'
[0.131s] Level 1:colcon.colcon_core.package_identification:_identify(src/ur5e_control) by extension 'ignore_ament_install'
[0.131s] Level 1:colcon.colcon_core.package_identification:_identify(src/ur5e_control) by extensions ['colcon_pkg']
[0.131s] Level 1:colcon.colcon_core.package_identification:_identify(src/ur5e_control) by extension 'colcon_pkg'
[0.131s] Level 1:colcon.colcon_core.package_identification:_identify(src/ur5e_control) by extensions ['colcon_meta']
[0.131s] Level 1:colcon.colcon_core.package_identification:_identify(src/ur5e_control) by extension 'colcon_meta'
[0.131s] Level 1:colcon.colcon_core.package_identification:_identify(src/ur5e_control) by extensions ['ros']
[0.131s] Level 1:colcon.colcon_core.package_identification:_identify(src/ur5e_control) by extension 'ros'
[0.132s] DEBUG:colcon.colcon_core.package_identification:Package 'src/ur5e_control' with type 'ros.ament_cmake' and name 'ur5e_control'
[0.132s] Level 1:colcon.colcon_core.package_discovery:discover_packages(recursive) using defaults
[0.132s] Level 1:colcon.colcon_core.package_discovery:discover_packages(ignore) discover
[0.132s] Level 1:colcon.colcon_core.package_discovery:discover_packages(ignore) using defaults
[0.132s] Level 1:colcon.colcon_core.package_discovery:discover_packages(path) discover
[0.132s] Level 1:colcon.colcon_core.package_discovery:discover_packages(path) using defaults
[0.143s] INFO:colcon.colcon_core.package_selection:Skipping not selected package 'group_12_motion_planning' in 'src/group_12_motion_planning'
[0.143s] INFO:colcon.colcon_core.package_selection:Skipping not selected package 'my_robot_cell_description' in 'src/my_robot_cell_description'
[0.143s] INFO:colcon.colcon_core.package_selection:Skipping not selected package 'predefined_motion' in 'src/predefined_motion'
[0.143s] INFO:colcon.colcon_core.package_selection:Skipping not selected package 'ur5e_control' in 'src/ur5e_control'
[0.143s] Level 1:colcon.colcon_core.package_discovery:discover_packages(prefix_path) check parameters
[0.143s] Level 1:colcon.colcon_core.package_discovery:discover_packages(prefix_path) discover
[0.145s] DEBUG:colcon.colcon_installed_package_information.package_discovery:Found 34 installed packages in /home/UMRobotics/moveit_ws/install
[0.147s] DEBUG:colcon.colcon_installed_package_information.package_discovery:Found 436 installed packages in /opt/ros/jazzy
[0.148s] Level 1:colcon.colcon_core.package_discovery:discover_packages(prefix_path) using defaults
[0.186s] Level 5:colcon.colcon_core.verb:set package 'hello_moveit' build argument 'cmake_args' from command line to 'None'
[0.186s] Level 5:colcon.colcon_core.verb:set package 'hello_moveit' build argument 'cmake_target' from command line to 'None'
[0.186s] Level 5:colcon.colcon_core.verb:set package 'hello_moveit' build argument 'cmake_target_skip_unavailable' from command line to 'False'
[0.186s] Level 5:colcon.colcon_core.verb:set package 'hello_moveit' build argument 'cmake_clean_cache' from command line to 'False'
[0.186s] Level 5:colcon.colcon_core.verb:set package 'hello_moveit' build argument 'cmake_clean_first' from command line to 'False'
[0.186s] Level 5:colcon.colcon_core.verb:set package 'hello_moveit' build argument 'cmake_force_configure' from command line to 'False'
[0.186s] Level 5:colcon.colcon_core.verb:set package 'hello_moveit' build argument 'ament_cmake_args' from command line to 'None'
[0.186s] Level 5:colcon.colcon_core.verb:set package 'hello_moveit' build argument 'catkin_cmake_args' from command line to 'None'
[0.186s] Level 5:colcon.colcon_core.verb:set package 'hello_moveit' build argument 'catkin_skip_building_tests' from command line to 'False'
[0.186s] DEBUG:colcon.colcon_core.verb:Building package 'hello_moveit' with the following arguments: {'ament_cmake_args': None, 'build_base': '/home/UMRobotics/group12_ws/build/hello_moveit', 'catkin_cmake_args': None, 'catkin_skip_building_tests': False, 'cmake_args': None, 'cmake_clean_cache': False, 'cmake_clean_first': False, 'cmake_force_configure': False, 'cmake_target': None, 'cmake_target_skip_unavailable': False, 'install_base': '/home/UMRobotics/group12_ws/install/hello_moveit', 'merge_install': False, 'path': '/home/UMRobotics/group12_ws/src/hello_moveit', 'symlink_install': False, 'test_result_base': None}
[0.186s] INFO:colcon.colcon_core.executor:Executing jobs using 'parallel' executor
[0.187s] DEBUG:colcon.colcon_parallel_executor.executor.parallel:run_until_complete
[0.187s] INFO:colcon.colcon_ros.task.ament_cmake.build:Building ROS package in '/home/UMRobotics/group12_ws/src/hello_moveit' with build type 'ament_cmake'
[0.187s] INFO:colcon.colcon_cmake.task.cmake.build:Building CMake package in '/home/UMRobotics/group12_ws/src/hello_moveit'
[0.188s] INFO:colcon.colcon_core.plugin_system:Skipping extension 'colcon_core.shell.bat': Not used on non-Windows systems
[0.188s] INFO:colcon.colcon_core.shell:Skip shell extension 'powershell' for command environment: Not usable outside of PowerShell
[0.188s] DEBUG:colcon.colcon_core.shell:Skip shell extension 'dsv' for command environment
[0.195s] DEBUG:colcon.colcon_core.event_handler.log_command:Invoking command in '/home/UMRobotics/group12_ws/build/hello_moveit': CMAKE_PREFIX_PATH=${CMAKE_PREFIX_PATH}:/home/UMRobotics/moveit_ws/install/moveit_configs_utils:/opt/ros/jazzy DEBUGINFOD_URLS=https://debuginfod.ubuntu.com /usr/bin/cmake /home/UMRobotics/group12_ws/src/hello_moveit -DCMAKE_INSTALL_PREFIX=/home/UMRobotics/group12_ws/install/hello_moveit
[1.815s] DEBUG:colcon.colcon_core.event_handler.log_command:Invoked command in '/home/UMRobotics/group12_ws/build/hello_moveit' returned '0': CMAKE_PREFIX_PATH=${CMAKE_PREFIX_PATH}:/home/UMRobotics/moveit_ws/install/moveit_configs_utils:/opt/ros/jazzy DEBUGINFOD_URLS=https://debuginfod.ubuntu.com /usr/bin/cmake /home/UMRobotics/group12_ws/src/hello_moveit -DCMAKE_INSTALL_PREFIX=/home/UMRobotics/group12_ws/install/hello_moveit
[1.816s] DEBUG:colcon.colcon_core.event_handler.log_command:Invoking command in '/home/UMRobotics/group12_ws/build/hello_moveit': CMAKE_PREFIX_PATH=${CMAKE_PREFIX_PATH}:/home/UMRobotics/moveit_ws/install/moveit_configs_utils:/opt/ros/jazzy DEBUGINFOD_URLS=https://debuginfod.ubuntu.com /usr/bin/cmake --build /home/UMRobotics/group12_ws/build/hello_moveit -- -j16 -l16
[2.055s] DEBUG:colcon.colcon_core.event_handler.log_command:Invoked command in '/home/UMRobotics/group12_ws/build/hello_moveit' returned '2': CMAKE_PREFIX_PATH=${CMAKE_PREFIX_PATH}:/home/UMRobotics/moveit_ws/install/moveit_configs_utils:/opt/ros/jazzy DEBUGINFOD_URLS=https://debuginfod.ubuntu.com /usr/bin/cmake --build /home/UMRobotics/group12_ws/build/hello_moveit -- -j16 -l16
[2.055s] Level 1:colcon.colcon_core.environment:create_environment_scripts_only(hello_moveit)
[2.057s] Level 1:colcon.colcon_core.environment:checking '/home/UMRobotics/group12_ws/install/hello_moveit' for CMake module files
[2.057s] Level 1:colcon.colcon_core.environment:checking '/home/UMRobotics/group12_ws/install/hello_moveit' for CMake config files
[2.057s] Level 1:colcon.colcon_core.environment:checking '/home/UMRobotics/group12_ws/install/hello_moveit/bin'
[2.057s] Level 1:colcon.colcon_core.environment:checking '/home/UMRobotics/group12_ws/install/hello_moveit/lib/pkgconfig/hello_moveit.pc'
[2.057s] Level 1:colcon.colcon_core.environment:checking '/home/UMRobotics/group12_ws/install/hello_moveit/lib/python3.12/site-packages'
[2.057s] Level 1:colcon.colcon_core.environment:checking '/home/UMRobotics/group12_ws/install/hello_moveit/bin'
[2.057s] INFO:colcon.colcon_core.shell:Creating package script '/home/UMRobotics/group12_ws/install/hello_moveit/share/hello_moveit/package.ps1'
[2.058s] INFO:colcon.colcon_core.shell:Creating package descriptor '/home/UMRobotics/group12_ws/install/hello_moveit/share/hello_moveit/package.dsv'
[2.058s] INFO:colcon.colcon_core.shell:Creating package script '/home/UMRobotics/group12_ws/install/hello_moveit/share/hello_moveit/package.sh'
[2.058s] INFO:colcon.colcon_core.shell:Creating package script '/home/UMRobotics/group12_ws/install/hello_moveit/share/hello_moveit/package.bash'
[2.059s] INFO:colcon.colcon_core.shell:Creating package script '/home/UMRobotics/group12_ws/install/hello_moveit/share/hello_moveit/package.zsh'
[2.059s] Level 1:colcon.colcon_core.environment:create_file_with_runtime_dependencies(/home/UMRobotics/group12_ws/install/hello_moveit/share/colcon-core/packages/hello_moveit)
[2.070s] DEBUG:colcon.colcon_parallel_executor.executor.parallel:closing loop
[2.070s] DEBUG:colcon.colcon_parallel_executor.executor.parallel:loop closed
[2.070s] DEBUG:colcon.colcon_parallel_executor.executor.parallel:run_until_complete finished with '2'
[2.070s] DEBUG:colcon.colcon_core.event_reactor:joining thread
[2.081s] INFO:colcon.colcon_core.plugin_system:Skipping extension 'colcon_notification.desktop_notification.terminal_notifier': Not used on non-Darwin systems
[2.081s] INFO:colcon.colcon_core.plugin_system:Skipping extension 'colcon_notification.desktop_notification.win32': Not used on non-Windows systems
[2.082s] INFO:colcon.colcon_notification.desktop_notification:Sending desktop notification using 'notify2'
[2.095s] DEBUG:colcon.colcon_core.event_reactor:joined thread
[2.095s] INFO:colcon.colcon_core.shell:Creating prefix script '/home/UMRobotics/group12_ws/install/local_setup.ps1'
[2.096s] INFO:colcon.colcon_core.shell:Creating prefix util module '/home/UMRobotics/group12_ws/install/_local_setup_util_ps1.py'
[2.098s] INFO:colcon.colcon_core.shell:Creating prefix chain script '/home/UMRobotics/group12_ws/install/setup.ps1'
[2.099s] INFO:colcon.colcon_core.shell:Creating prefix script '/home/UMRobotics/group12_ws/install/local_setup.sh'
[2.099s] INFO:colcon.colcon_core.shell:Creating prefix util module '/home/UMRobotics/group12_ws/install/_local_setup_util_sh.py'
[2.099s] INFO:colcon.colcon_core.shell:Creating prefix chain script '/home/UMRobotics/group12_ws/install/setup.sh'
[2.100s] INFO:colcon.colcon_core.shell:Creating prefix script '/home/UMRobotics/group12_ws/install/local_setup.bash'
[2.101s] INFO:colcon.colcon_core.shell:Creating prefix chain script '/home/UMRobotics/group12_ws/install/setup.bash'
[2.102s] INFO:colcon.colcon_core.shell:Creating prefix script '/home/UMRobotics/group12_ws/install/local_setup.zsh'
[2.102s] INFO:colcon.colcon_core.shell:Creating prefix chain script '/home/UMRobotics/group12_ws/install/setup.zsh'
