[0.080s] DEBUG:colcon:Command line arguments: ['/usr/bin/colcon', 'build', '--packages-select', 'group_12_motion_planning']
[0.080s] DEBUG:colcon:Parsed command line arguments: Namespace(log_base=None, log_level=None, verb_name='build', build_base='build', install_base='install', merge_install=False, symlink_install=False, test_result_base=None, continue_on_error=False, executor='parallel', parallel_workers=16, event_handlers=None, ignore_user_meta=False, metas=['./colcon.meta'], base_paths=['.'], packages_ignore=None, packages_ignore_regex=None, paths=None, packages_up_to=None, packages_up_to_regex=None, packages_above=None, packages_above_and_dependencies=None, packages_above_depth=None, packages_select_by_dep=None, packages_skip_by_dep=None, packages_skip_up_to=None, packages_select_build_failed=False, packages_skip_build_finished=False, packages_select_test_failures=False, packages_skip_test_passed=False, packages_select=['group_12_motion_planning'], packages_skip=None, packages_select_regex=None, packages_skip_regex=None, packages_start=None, packages_end=None, allow_overriding=[], cmake_args=None, cmake_target=None, cmake_target_skip_unavailable=False, cmake_clean_cache=False, cmake_clean_first=False, cmake_force_configure=False, ament_cmake_args=None, catkin_cmake_args=None, catkin_skip_building_tests=False, mixin_files=None, mixin=None, verb_parser=<colcon_mixin.mixin.mixin_argument.MixinArgumentDecorator object at 0x7f46f9bc3380>, verb_extension=<colcon_core.verb.build.BuildVerb object at 0x7f46f9b69370>, main=<bound method BuildVerb.main of <colcon_core.verb.build.BuildVerb object at 0x7f46f9b69370>>, mixin_verb=('build',))
[0.104s] Level 1:colcon.colcon_core.package_discovery:discover_packages(colcon_meta) check parameters
[0.104s] Level 1:colcon.colcon_core.package_discovery:discover_packages(recursive) check parameters
[0.104s] Level 1:colcon.colcon_core.package_discovery:discover_packages(ignore) check parameters
[0.104s] Level 1:colcon.colcon_core.package_discovery:discover_packages(path) check parameters
[0.105s] Level 1:colcon.colcon_core.package_discovery:discover_packages(colcon_meta) discover
[0.105s] Level 1:colcon.colcon_core.package_discovery:discover_packages(recursive) discover
[0.105s] INFO:colcon.colcon_core.package_discovery:Crawling recursively for packages in '/home/UMRobotics/group12_ws'
[0.105s] Level 1:colcon.colcon_core.package_identification:_identify(.) by extensions ['ignore', 'ignore_ament_install']
[0.105s] Level 1:colcon.colcon_core.package_identification:_identify(.) by extension 'ignore'
[0.105s] Level 1:colcon.colcon_core.package_identification:_identify(.) by extension 'ignore_ament_install'
[0.105s] Level 1:colcon.colcon_core.package_identification:_identify(.) by extensions ['colcon_pkg']
[0.105s] Level 1:colcon.colcon_core.package_identification:_identify(.) by extension 'colcon_pkg'
[0.105s] Level 1:colcon.colcon_core.package_identification:_identify(.) by extensions ['colcon_meta']
[0.105s] Level 1:colcon.colcon_core.package_identification:_identify(.) by extension 'colcon_meta'
[0.105s] Level 1:colcon.colcon_core.package_identification:_identify(.) by extensions ['ros']
[0.105s] Level 1:colcon.colcon_core.package_identification:_identify(.) by extension 'ros'
[0.120s] Level 1:colcon.colcon_core.package_identification:_identify(.) by extensions ['cmake', 'python']
[0.120s] Level 1:colcon.colcon_core.package_identification:_identify(.) by extension 'cmake'
[0.120s] Level 1:colcon.colcon_core.package_identification:_identify(.) by extension 'python'
[0.120s] Level 1:colcon.colcon_core.package_identification:_identify(.) by extensions ['python_setup_py']
[0.120s] Level 1:colcon.colcon_core.package_identification:_identify(.) by extension 'python_setup_py'
[0.120s] Level 1:colcon.colcon_core.package_identification:_identify(build) by extensions ['ignore', 'ignore_ament_install']
[0.120s] Level 1:colcon.colcon_core.package_identification:_identify(build) by extension 'ignore'
[0.120s] Level 1:colcon.colcon_core.package_identification:_identify(build) ignored
[0.120s] Level 1:colcon.colcon_core.package_identification:_identify(install) by extensions ['ignore', 'ignore_ament_install']
[0.120s] Level 1:colcon.colcon_core.package_identification:_identify(install) by extension 'ignore'
[0.120s] Level 1:colcon.colcon_core.package_identification:_identify(install) ignored
[0.121s] Level 1:colcon.colcon_core.package_identification:_identify(log) by extensions ['ignore', 'ignore_ament_install']
[0.121s] Level 1:colcon.colcon_core.package_identification:_identify(log) by extension 'ignore'
[0.121s] Level 1:colcon.colcon_core.package_identification:_identify(log) ignored
[0.121s] Level 1:colcon.colcon_core.package_identification:_identify(src) by extensions ['ignore', 'ignore_ament_install']
[0.121s] Level 1:colcon.colcon_core.package_identification:_identify(src) by extension 'ignore'
[0.121s] Level 1:colcon.colcon_core.package_identification:_identify(src) by extension 'ignore_ament_install'
[0.121s] Level 1:colcon.colcon_core.package_identification:_identify(src) by extensions ['colcon_pkg']
[0.121s] Level 1:colcon.colcon_core.package_identification:_identify(src) by extension 'colcon_pkg'
[0.121s] Level 1:colcon.colcon_core.package_identification:_identify(src) by extensions ['colcon_meta']
[0.121s] Level 1:colcon.colcon_core.package_identification:_identify(src) by extension 'colcon_meta'
[0.121s] Level 1:colcon.colcon_core.package_identification:_identify(src) by extensions ['ros']
[0.121s] Level 1:colcon.colcon_core.package_identification:_identify(src) by extension 'ros'
[0.121s] Level 1:colcon.colcon_core.package_identification:_identify(src) by extensions ['cmake', 'python']
[0.121s] Level 1:colcon.colcon_core.package_identification:_identify(src) by extension 'cmake'
[0.121s] Level 1:colcon.colcon_core.package_identification:_identify(src) by extension 'python'
[0.121s] Level 1:colcon.colcon_core.package_identification:_identify(src) by extensions ['python_setup_py']
[0.121s] Level 1:colcon.colcon_core.package_identification:_identify(src) by extension 'python_setup_py'
[0.121s] Level 1:colcon.colcon_core.package_identification:_identify(src/build) by extensions ['ignore', 'ignore_ament_install']
[0.121s] Level 1:colcon.colcon_core.package_identification:_identify(src/build) by extension 'ignore'
[0.121s] Level 1:colcon.colcon_core.package_identification:_identify(src/build) ignored
[0.121s] Level 1:colcon.colcon_core.package_identification:_identify(src/group_12_motion_planning) by extensions ['ignore', 'ignore_ament_install']
[0.121s] Level 1:colcon.colcon_core.package_identification:_identify(src/group_12_motion_planning) by extension 'ignore'
[0.121s] Level 1:colcon.colcon_core.package_identification:_identify(src/group_12_motion_planning) by extension 'ignore_ament_install'
[0.121s] Level 1:colcon.colcon_core.package_identification:_identify(src/group_12_motion_planning) by extensions ['colcon_pkg']
[0.121s] Level 1:colcon.colcon_core.package_identification:_identify(src/group_12_motion_planning) by extension 'colcon_pkg'
[0.121s] Level 1:colcon.colcon_core.package_identification:_identify(src/group_12_motion_planning) by extensions ['colcon_meta']
[0.121s] Level 1:colcon.colcon_core.package_identification:_identify(src/group_12_motion_planning) by extension 'colcon_meta'
[0.121s] Level 1:colcon.colcon_core.package_identification:_identify(src/group_12_motion_planning) by extensions ['ros']
[0.121s] Level 1:colcon.colcon_core.package_identification:_identify(src/group_12_motion_planning) by extension 'ros'
[0.123s] DEBUG:colcon.colcon_core.package_identification:Package 'src/group_12_motion_planning' with type 'ros.ament_cmake' and name 'group_12_motion_planning'
[0.123s] Level 1:colcon.colcon_core.package_identification:_identify(src/install) by extensions ['ignore', 'ignore_ament_install']
[0.123s] Level 1:colcon.colcon_core.package_identification:_identify(src/install) by extension 'ignore'
[0.123s] Level 1:colcon.colcon_core.package_identification:_identify(src/install) ignored
[0.123s] Level 1:colcon.colcon_core.package_identification:_identify(src/log) by extensions ['ignore', 'ignore_ament_install']
[0.123s] Level 1:colcon.colcon_core.package_identification:_identify(src/log) by extension 'ignore'
[0.123s] Level 1:colcon.colcon_core.package_identification:_identify(src/log) ignored
[0.123s] Level 1:colcon.colcon_core.package_identification:_identify(src/my_robot_cell_description) by extensions ['ignore', 'ignore_ament_install']
[0.123s] Level 1:colcon.colcon_core.package_identification:_identify(src/my_robot_cell_description) by extension 'ignore'
[0.123s] Level 1:colcon.colcon_core.package_identification:_identify(src/my_robot_cell_description) by extension 'ignore_ament_install'
[0.123s] Level 1:colcon.colcon_core.package_identification:_identify(src/my_robot_cell_description) by extensions ['colcon_pkg']
[0.123s] Level 1:colcon.colcon_core.package_identification:_identify(src/my_robot_cell_description) by extension 'colcon_pkg'
[0.123s] Level 1:colcon.colcon_core.package_identification:_identify(src/my_robot_cell_description) by extensions ['colcon_meta']
[0.123s] Level 1:colcon.colcon_core.package_identification:_identify(src/my_robot_cell_description) by extension 'colcon_meta'
[0.123s] Level 1:colcon.colcon_core.package_identification:_identify(src/my_robot_cell_description) by extensions ['ros']
[0.123s] Level 1:colcon.colcon_core.package_identification:_identify(src/my_robot_cell_description) by extension 'ros'
[0.124s] DEBUG:colcon.colcon_core.package_identification:Package 'src/my_robot_cell_description' with type 'ros.ament_cmake' and name 'my_robot_cell_description'
[0.124s] Level 1:colcon.colcon_core.package_identification:_identify(src/predefined_motion) by extensions ['ignore', 'ignore_ament_install']
[0.124s] Level 1:colcon.colcon_core.package_identification:_identify(src/predefined_motion) by extension 'ignore'
[0.124s] Level 1:colcon.colcon_core.package_identification:_identify(src/predefined_motion) by extension 'ignore_ament_install'
[0.124s] Level 1:colcon.colcon_core.package_identification:_identify(src/predefined_motion) by extensions ['colcon_pkg']
[0.124s] Level 1:colcon.colcon_core.package_identification:_identify(src/predefined_motion) by extension 'colcon_pkg'
[0.124s] Level 1:colcon.colcon_core.package_identification:_identify(src/predefined_motion) by extensions ['colcon_meta']
[0.124s] Level 1:colcon.colcon_core.package_identification:_identify(src/predefined_motion) by extension 'colcon_meta'
[0.124s] Level 1:colcon.colcon_core.package_identification:_identify(src/predefined_motion) by extensions ['ros']
[0.124s] Level 1:colcon.colcon_core.package_identification:_identify(src/predefined_motion) by extension 'ros'
[0.124s] DEBUG:colcon.colcon_core.package_identification:Package 'src/predefined_motion' with type 'ros.ament_cmake' and name 'predefined_motion'
[0.124s] Level 1:colcon.colcon_core.package_identification:_identify(src/test) by extensions ['ignore', 'ignore_ament_install']
[0.124s] Level 1:colcon.colcon_core.package_identification:_identify(src/test) by extension 'ignore'
[0.124s] Level 1:colcon.colcon_core.package_identification:_identify(src/test) by extension 'ignore_ament_install'
[0.124s] Level 1:colcon.colcon_core.package_identification:_identify(src/test) by extensions ['colcon_pkg']
[0.124s] Level 1:colcon.colcon_core.package_identification:_identify(src/test) by extension 'colcon_pkg'
[0.125s] Level 1:colcon.colcon_core.package_identification:_identify(src/test) by extensions ['colcon_meta']
[0.125s] Level 1:colcon.colcon_core.package_identification:_identify(src/test) by extension 'colcon_meta'
[0.125s] Level 1:colcon.colcon_core.package_identification:_identify(src/test) by extensions ['ros']
[0.125s] Level 1:colcon.colcon_core.package_identification:_identify(src/test) by extension 'ros'
[0.125s] Level 1:colcon.colcon_core.package_identification:_identify(src/test) by extensions ['cmake', 'python']
[0.125s] Level 1:colcon.colcon_core.package_identification:_identify(src/test) by extension 'cmake'
[0.125s] Level 1:colcon.colcon_core.package_identification:_identify(src/test) by extension 'python'
[0.125s] Level 1:colcon.colcon_core.package_identification:_identify(src/test) by extensions ['python_setup_py']
[0.125s] Level 1:colcon.colcon_core.package_identification:_identify(src/test) by extension 'python_setup_py'
[0.125s] Level 1:colcon.colcon_core.package_discovery:discover_packages(recursive) using defaults
[0.125s] Level 1:colcon.colcon_core.package_discovery:discover_packages(ignore) discover
[0.125s] Level 1:colcon.colcon_core.package_discovery:discover_packages(ignore) using defaults
[0.125s] Level 1:colcon.colcon_core.package_discovery:discover_packages(path) discover
[0.125s] Level 1:colcon.colcon_core.package_discovery:discover_packages(path) using defaults
[0.135s] INFO:colcon.colcon_core.package_selection:Skipping not selected package 'my_robot_cell_description' in 'src/my_robot_cell_description'
[0.135s] INFO:colcon.colcon_core.package_selection:Skipping not selected package 'predefined_motion' in 'src/predefined_motion'
[0.135s] Level 1:colcon.colcon_core.package_discovery:discover_packages(prefix_path) check parameters
[0.135s] Level 1:colcon.colcon_core.package_discovery:discover_packages(prefix_path) discover
[0.136s] WARNING:colcon.colcon_ros.prefix_path.ament:The path '/home/UMRobotics/group12_ws/install/predefined_motion' in the environment variable AMENT_PREFIX_PATH doesn't exist
[0.136s] WARNING:colcon.colcon_ros.prefix_path.ament:The path '/home/UMRobotics/group12_ws/install/my_robot_cell_description' in the environment variable AMENT_PREFIX_PATH doesn't exist
[0.136s] WARNING:colcon.colcon_ros.prefix_path.ament:The path '/home/UMRobotics/group12_ws/install/group_12_motion_planning' in the environment variable AMENT_PREFIX_PATH doesn't exist
[0.137s] WARNING:colcon.colcon_ros.prefix_path.catkin:The path '/home/UMRobotics/group12_ws/install/predefined_motion' in the environment variable CMAKE_PREFIX_PATH doesn't exist
[0.137s] WARNING:colcon.colcon_ros.prefix_path.catkin:The path '/home/UMRobotics/group12_ws/install/my_robot_cell_description' in the environment variable CMAKE_PREFIX_PATH doesn't exist
[0.137s] WARNING:colcon.colcon_ros.prefix_path.catkin:The path '/home/UMRobotics/group12_ws/install/group_12_motion_planning' in the environment variable CMAKE_PREFIX_PATH doesn't exist
[0.137s] DEBUG:colcon.colcon_installed_package_information.package_discovery:Found 0 installed packages in /home/UMRobotics/group12_ws/install
[0.138s] DEBUG:colcon.colcon_installed_package_information.package_discovery:Found 34 installed packages in /home/UMRobotics/moveit_ws/install
[0.140s] DEBUG:colcon.colcon_installed_package_information.package_discovery:Found 436 installed packages in /opt/ros/jazzy
[0.141s] Level 1:colcon.colcon_core.package_discovery:discover_packages(prefix_path) using defaults
[0.178s] Level 5:colcon.colcon_core.verb:set package 'group_12_motion_planning' build argument 'cmake_args' from command line to 'None'
[0.178s] Level 5:colcon.colcon_core.verb:set package 'group_12_motion_planning' build argument 'cmake_target' from command line to 'None'
[0.178s] Level 5:colcon.colcon_core.verb:set package 'group_12_motion_planning' build argument 'cmake_target_skip_unavailable' from command line to 'False'
[0.178s] Level 5:colcon.colcon_core.verb:set package 'group_12_motion_planning' build argument 'cmake_clean_cache' from command line to 'False'
[0.178s] Level 5:colcon.colcon_core.verb:set package 'group_12_motion_planning' build argument 'cmake_clean_first' from command line to 'False'
[0.178s] Level 5:colcon.colcon_core.verb:set package 'group_12_motion_planning' build argument 'cmake_force_configure' from command line to 'False'
[0.178s] Level 5:colcon.colcon_core.verb:set package 'group_12_motion_planning' build argument 'ament_cmake_args' from command line to 'None'
[0.178s] Level 5:colcon.colcon_core.verb:set package 'group_12_motion_planning' build argument 'catkin_cmake_args' from command line to 'None'
[0.178s] Level 5:colcon.colcon_core.verb:set package 'group_12_motion_planning' build argument 'catkin_skip_building_tests' from command line to 'False'
[0.178s] DEBUG:colcon.colcon_core.verb:Building package 'group_12_motion_planning' with the following arguments: {'ament_cmake_args': None, 'build_base': '/home/UMRobotics/group12_ws/build/group_12_motion_planning', 'catkin_cmake_args': None, 'catkin_skip_building_tests': False, 'cmake_args': None, 'cmake_clean_cache': False, 'cmake_clean_first': False, 'cmake_force_configure': False, 'cmake_target': None, 'cmake_target_skip_unavailable': False, 'install_base': '/home/UMRobotics/group12_ws/install/group_12_motion_planning', 'merge_install': False, 'path': '/home/UMRobotics/group12_ws/src/group_12_motion_planning', 'symlink_install': False, 'test_result_base': None}
[0.178s] INFO:colcon.colcon_core.executor:Executing jobs using 'parallel' executor
[0.179s] DEBUG:colcon.colcon_parallel_executor.executor.parallel:run_until_complete
[0.179s] INFO:colcon.colcon_ros.task.ament_cmake.build:Building ROS package in '/home/UMRobotics/group12_ws/src/group_12_motion_planning' with build type 'ament_cmake'
[0.179s] INFO:colcon.colcon_cmake.task.cmake.build:Building CMake package in '/home/UMRobotics/group12_ws/src/group_12_motion_planning'
[0.180s] INFO:colcon.colcon_core.plugin_system:Skipping extension 'colcon_core.shell.bat': Not used on non-Windows systems
[0.181s] INFO:colcon.colcon_core.shell:Skip shell extension 'powershell' for command environment: Not usable outside of PowerShell
[0.181s] DEBUG:colcon.colcon_core.shell:Skip shell extension 'dsv' for command environment
[0.187s] DEBUG:colcon.colcon_core.event_handler.log_command:Invoking command in '/home/UMRobotics/group12_ws/build/group_12_motion_planning': CMAKE_PREFIX_PATH=${CMAKE_PREFIX_PATH}:/home/UMRobotics/moveit_ws/install/moveit_configs_utils:/opt/ros/jazzy DEBUGINFOD_URLS=https://debuginfod.ubuntu.com /usr/bin/cmake /home/UMRobotics/group12_ws/src/group_12_motion_planning -DCMAKE_INSTALL_PREFIX=/home/UMRobotics/group12_ws/install/group_12_motion_planning
[1.833s] DEBUG:colcon.colcon_core.event_handler.log_command:Invoked command in '/home/UMRobotics/group12_ws/build/group_12_motion_planning' returned '0': CMAKE_PREFIX_PATH=${CMAKE_PREFIX_PATH}:/home/UMRobotics/moveit_ws/install/moveit_configs_utils:/opt/ros/jazzy DEBUGINFOD_URLS=https://debuginfod.ubuntu.com /usr/bin/cmake /home/UMRobotics/group12_ws/src/group_12_motion_planning -DCMAKE_INSTALL_PREFIX=/home/UMRobotics/group12_ws/install/group_12_motion_planning
[1.833s] DEBUG:colcon.colcon_core.event_handler.log_command:Invoking command in '/home/UMRobotics/group12_ws/build/group_12_motion_planning': CMAKE_PREFIX_PATH=${CMAKE_PREFIX_PATH}:/home/UMRobotics/moveit_ws/install/moveit_configs_utils:/opt/ros/jazzy DEBUGINFOD_URLS=https://debuginfod.ubuntu.com /usr/bin/cmake --build /home/UMRobotics/group12_ws/build/group_12_motion_planning -- -j16 -l16
[2.094s] DEBUG:colcon.colcon_core.event_handler.log_command:Invoked command in '/home/UMRobotics/group12_ws/build/group_12_motion_planning' returned '2': CMAKE_PREFIX_PATH=${CMAKE_PREFIX_PATH}:/home/UMRobotics/moveit_ws/install/moveit_configs_utils:/opt/ros/jazzy DEBUGINFOD_URLS=https://debuginfod.ubuntu.com /usr/bin/cmake --build /home/UMRobotics/group12_ws/build/group_12_motion_planning -- -j16 -l16
[2.095s] Level 1:colcon.colcon_core.environment:create_environment_scripts_only(group_12_motion_planning)
[2.096s] Level 1:colcon.colcon_core.environment:checking '/home/UMRobotics/group12_ws/install/group_12_motion_planning' for CMake module files
[2.096s] Level 1:colcon.colcon_core.environment:checking '/home/UMRobotics/group12_ws/install/group_12_motion_planning' for CMake config files
[2.096s] Level 1:colcon.colcon_core.environment:checking '/home/UMRobotics/group12_ws/install/group_12_motion_planning/bin'
[2.096s] Level 1:colcon.colcon_core.environment:checking '/home/UMRobotics/group12_ws/install/group_12_motion_planning/lib/pkgconfig/group_12_motion_planning.pc'
[2.097s] Level 1:colcon.colcon_core.environment:checking '/home/UMRobotics/group12_ws/install/group_12_motion_planning/lib/python3.12/site-packages'
[2.097s] Level 1:colcon.colcon_core.environment:checking '/home/UMRobotics/group12_ws/install/group_12_motion_planning/bin'
[2.097s] INFO:colcon.colcon_core.shell:Creating package script '/home/UMRobotics/group12_ws/install/group_12_motion_planning/share/group_12_motion_planning/package.ps1'
[2.097s] INFO:colcon.colcon_core.shell:Creating package descriptor '/home/UMRobotics/group12_ws/install/group_12_motion_planning/share/group_12_motion_planning/package.dsv'
[2.098s] INFO:colcon.colcon_core.shell:Creating package script '/home/UMRobotics/group12_ws/install/group_12_motion_planning/share/group_12_motion_planning/package.sh'
[2.098s] INFO:colcon.colcon_core.shell:Creating package script '/home/UMRobotics/group12_ws/install/group_12_motion_planning/share/group_12_motion_planning/package.bash'
[2.098s] INFO:colcon.colcon_core.shell:Creating package script '/home/UMRobotics/group12_ws/install/group_12_motion_planning/share/group_12_motion_planning/package.zsh'
[2.099s] Level 1:colcon.colcon_core.environment:create_file_with_runtime_dependencies(/home/UMRobotics/group12_ws/install/group_12_motion_planning/share/colcon-core/packages/group_12_motion_planning)
[2.109s] DEBUG:colcon.colcon_parallel_executor.executor.parallel:closing loop
[2.109s] DEBUG:colcon.colcon_parallel_executor.executor.parallel:loop closed
[2.109s] DEBUG:colcon.colcon_parallel_executor.executor.parallel:run_until_complete finished with '2'
[2.109s] DEBUG:colcon.colcon_core.event_reactor:joining thread
[2.113s] INFO:colcon.colcon_core.plugin_system:Skipping extension 'colcon_notification.desktop_notification.terminal_notifier': Not used on non-Darwin systems
[2.113s] INFO:colcon.colcon_core.plugin_system:Skipping extension 'colcon_notification.desktop_notification.win32': Not used on non-Windows systems
[2.113s] INFO:colcon.colcon_notification.desktop_notification:Sending desktop notification using 'notify2'
[2.122s] DEBUG:colcon.colcon_core.event_reactor:joined thread
[2.122s] INFO:colcon.colcon_core.shell:Creating prefix script '/home/UMRobotics/group12_ws/install/local_setup.ps1'
[2.122s] INFO:colcon.colcon_core.shell:Creating prefix util module '/home/UMRobotics/group12_ws/install/_local_setup_util_ps1.py'
[2.123s] INFO:colcon.colcon_core.shell:Creating prefix chain script '/home/UMRobotics/group12_ws/install/setup.ps1'
[2.124s] INFO:colcon.colcon_core.shell:Creating prefix script '/home/UMRobotics/group12_ws/install/local_setup.sh'
[2.132s] INFO:colcon.colcon_core.shell:Creating prefix util module '/home/UMRobotics/group12_ws/install/_local_setup_util_sh.py'
[2.132s] INFO:colcon.colcon_core.shell:Creating prefix chain script '/home/UMRobotics/group12_ws/install/setup.sh'
[2.134s] INFO:colcon.colcon_core.shell:Creating prefix script '/home/UMRobotics/group12_ws/install/local_setup.bash'
[2.134s] INFO:colcon.colcon_core.shell:Creating prefix chain script '/home/UMRobotics/group12_ws/install/setup.bash'
[2.135s] INFO:colcon.colcon_core.shell:Creating prefix script '/home/UMRobotics/group12_ws/install/local_setup.zsh'
[2.135s] INFO:colcon.colcon_core.shell:Creating prefix chain script '/home/UMRobotics/group12_ws/install/setup.zsh'
