[0.008s] Invoking command in '/home/UMRobotics/group12_ws/build/predefined_motion': CMAKE_PREFIX_PATH=${CMAKE_PREFIX_PATH}:/home/UMRobotics/moveit_ws/install/moveit_configs_utils:/opt/ros/jazzy DEBUGINFOD_URLS=https://debuginfod.ubuntu.com /usr/bin/cmake /home/UMRobotics/group12_ws/src/predefined_motion -DAMENT_CMAKE_SYMLINK_INSTALL=1 -DCMAKE_INSTALL_PREFIX=/home/UMRobotics/group12_ws/install/predefined_motion
[0.044s] -- The C compiler identification is GNU 13.3.0
[0.080s] -- The CXX compiler identification is GNU 13.3.0
[0.093s] -- Detecting C compiler ABI info
[0.153s] -- Detecting C compiler ABI info - done
[0.159s] -- Check for working C compiler: /usr/bin/cc - skipped
[0.159s] -- Detecting C compile features
[0.159s] -- Detecting C compile features - done
[0.165s] -- Detecting CXX compiler ABI info
[0.236s] -- Detecting CXX compiler ABI info - done
[0.243s] -- Check for working CXX compiler: /usr/bin/c++ - skipped
[0.243s] -- Detecting CXX compile features
[0.243s] -- Detecting CXX compile features - done
[0.247s] -- Found ament_cmake: 2.5.4 (/opt/ros/jazzy/share/ament_cmake/cmake)
[0.371s] -- Found Python3: /home/UMRobotics/.local/bin/python3 (found version "3.12.3") found components: Interpreter 
[0.424s] -- Override CMake install command with custom implementation using symlinks instead of copying resources
[0.471s] -- Found xacro: 2.0.13 (/opt/ros/jazzy/share/xacro/cmake)
[0.475s] -- Found controller_manager_msgs: 4.29.0 (/opt/ros/jazzy/share/controller_manager_msgs/cmake)
[0.518s] -- Found rosidl_generator_c: 4.6.5 (/opt/ros/jazzy/share/rosidl_generator_c/cmake)
[0.533s] -- Found rosidl_generator_cpp: 4.6.5 (/opt/ros/jazzy/share/rosidl_generator_cpp/cmake)
[0.551s] -- Using all available rosidl_typesupport_c: rosidl_typesupport_fastrtps_c;rosidl_typesupport_introspection_c
[0.570s] -- Using all available rosidl_typesupport_cpp: rosidl_typesupport_fastrtps_cpp;rosidl_typesupport_introspection_cpp
[0.650s] -- Found rclcpp: 28.1.9 (/opt/ros/jazzy/share/rclcpp/cmake)
[0.694s] -- Found rmw_implementation_cmake: 7.3.2 (/opt/ros/jazzy/share/rmw_implementation_cmake/cmake)
[0.699s] -- Found rmw_fastrtps_cpp: 8.4.2 (/opt/ros/jazzy/share/rmw_fastrtps_cpp/cmake)
[0.765s] -- Found OpenSSL: /usr/lib/x86_64-linux-gnu/libcrypto.so (found version "3.0.13")  
[0.780s] -- Found FastRTPS: /opt/ros/jazzy/include (Required is at least version "2.13") 
[0.797s] -- Using RMW implementation 'rmw_fastrtps_cpp' as default
[0.857s] -- Found ament_lint_auto: 0.17.2 (/opt/ros/jazzy/share/ament_lint_auto/cmake)
[0.944s] -- Added test 'flake8' to check Python code syntax and style conventions
[0.944s] -- Configured 'flake8' exclude dirs and/or files: 
[0.944s] -- Added test 'lint_cmake' to check CMake code style
[0.945s] -- Added test 'pep257' to check Python code against some of the docstring style conventions in PEP 257
[0.947s] -- Added test 'xmllint' to check XML markup files
[0.950s] -- Configuring done (0.9s)
[0.953s] -- Generating done (0.0s)
[0.954s] -- Build files have been written to: /home/UMRobotics/group12_ws/build/predefined_motion
[0.961s] Invoked command in '/home/UMRobotics/group12_ws/build/predefined_motion' returned '0': CMAKE_PREFIX_PATH=${CMAKE_PREFIX_PATH}:/home/UMRobotics/moveit_ws/install/moveit_configs_utils:/opt/ros/jazzy DEBUGINFOD_URLS=https://debuginfod.ubuntu.com /usr/bin/cmake /home/UMRobotics/group12_ws/src/predefined_motion -DAMENT_CMAKE_SYMLINK_INSTALL=1 -DCMAKE_INSTALL_PREFIX=/home/UMRobotics/group12_ws/install/predefined_motion
[0.962s] Invoking command in '/home/UMRobotics/group12_ws/build/predefined_motion': CMAKE_PREFIX_PATH=${CMAKE_PREFIX_PATH}:/home/UMRobotics/moveit_ws/install/moveit_configs_utils:/opt/ros/jazzy DEBUGINFOD_URLS=https://debuginfod.ubuntu.com /usr/bin/cmake --build /home/UMRobotics/group12_ws/build/predefined_motion -- -j16 -l16
[0.993s] Invoked command in '/home/UMRobotics/group12_ws/build/predefined_motion' returned '0': CMAKE_PREFIX_PATH=${CMAKE_PREFIX_PATH}:/home/UMRobotics/moveit_ws/install/moveit_configs_utils:/opt/ros/jazzy DEBUGINFOD_URLS=https://debuginfod.ubuntu.com /usr/bin/cmake --build /home/UMRobotics/group12_ws/build/predefined_motion -- -j16 -l16
[1.001s] Invoking command in '/home/UMRobotics/group12_ws/build/predefined_motion': CMAKE_PREFIX_PATH=${CMAKE_PREFIX_PATH}:/home/UMRobotics/moveit_ws/install/moveit_configs_utils:/opt/ros/jazzy DEBUGINFOD_URLS=https://debuginfod.ubuntu.com /usr/bin/cmake --install /home/UMRobotics/group12_ws/build/predefined_motion
[1.007s] -- Install configuration: ""
[1.008s] -- Execute custom install script
[1.008s] -- Symlinking: /home/UMRobotics/group12_ws/install/predefined_motion/share/ament_index/resource_index/package_run_dependencies/predefined_motion
[1.014s] -- Symlinking: /home/UMRobotics/group12_ws/install/predefined_motion/share/ament_index/resource_index/parent_prefix_path/predefined_motion
[1.021s] -- Symlinking: /home/UMRobotics/group12_ws/install/predefined_motion/share/predefined_motion/environment/ament_prefix_path.sh
[1.027s] -- Symlinking: /home/UMRobotics/group12_ws/install/predefined_motion/share/predefined_motion/environment/ament_prefix_path.dsv
[1.033s] -- Symlinking: /home/UMRobotics/group12_ws/install/predefined_motion/share/predefined_motion/environment/path.sh
[1.039s] -- Symlinking: /home/UMRobotics/group12_ws/install/predefined_motion/share/predefined_motion/environment/path.dsv
[1.045s] -- Symlinking: /home/UMRobotics/group12_ws/install/predefined_motion/share/predefined_motion/local_setup.bash
[1.052s] -- Symlinking: /home/UMRobotics/group12_ws/install/predefined_motion/share/predefined_motion/local_setup.sh
[1.058s] -- Symlinking: /home/UMRobotics/group12_ws/install/predefined_motion/share/predefined_motion/local_setup.zsh
[1.064s] -- Symlinking: /home/UMRobotics/group12_ws/install/predefined_motion/share/predefined_motion/local_setup.dsv
[1.071s] -- Symlinking: /home/UMRobotics/group12_ws/install/predefined_motion/share/predefined_motion/package.dsv
[1.077s] -- Symlinking: /home/UMRobotics/group12_ws/install/predefined_motion/share/ament_index/resource_index/packages/predefined_motion
[1.084s] -- Symlinking: /home/UMRobotics/group12_ws/install/predefined_motion/share/predefined_motion/cmake/predefined_motionConfig.cmake
[1.090s] -- Symlinking: /home/UMRobotics/group12_ws/install/predefined_motion/share/predefined_motion/cmake/predefined_motionConfig-version.cmake
[1.097s] -- Symlinking: /home/UMRobotics/group12_ws/install/predefined_motion/share/predefined_motion/package.xml
[1.104s] -- Symlinking: /home/UMRobotics/group12_ws/install/predefined_motion/share/predefined_motion/launch/view_robot.launch.py
[1.111s] -- Symlinking: /home/UMRobotics/group12_ws/install/predefined_motion/share/predefined_motion/srdf/ur.srdf.xacro
[1.119s] Invoked command in '/home/UMRobotics/group12_ws/build/predefined_motion' returned '0': CMAKE_PREFIX_PATH=${CMAKE_PREFIX_PATH}:/home/UMRobotics/moveit_ws/install/moveit_configs_utils:/opt/ros/jazzy DEBUGINFOD_URLS=https://debuginfod.ubuntu.com /usr/bin/cmake --install /home/UMRobotics/group12_ws/build/predefined_motion
