-- The C compiler identification is GNU 13.3.0
-- The CXX compiler identification is GNU 13.3.0
-- Detecting C compiler ABI info
-- Detecting C compiler ABI info - done
-- Check for working C compiler: /usr/bin/cc - skipped
-- Detecting C compile features
-- Detecting C compile features - done
-- Detecting CXX compiler ABI info
-- Detecting CXX compiler ABI info - done
-- Check for working CXX compiler: /usr/bin/c++ - skipped
-- Detecting CXX compile features
-- Detecting CXX compile features - done
-- Found ament_cmake: 2.5.4 (/opt/ros/jazzy/share/ament_cmake/cmake)
-- Found Python3: /home/UMRobotics/.local/bin/python3 (found version "3.12.3") found components: Interpreter 
-- Found moveit_ros_planning_interface: 2.12.3 (/opt/ros/jazzy/share/moveit_ros_planning_interface/cmake)
-- Found Boost: /usr/lib/x86_64-linux-gnu/cmake/Boost-1.83.0/BoostConfig.cmake (found version "1.83.0") found components: date_time filesystem program_options system thread 
-- Found rosidl_generator_c: 4.6.5 (/opt/ros/jazzy/share/rosidl_generator_c/cmake)
-- Found rosidl_generator_cpp: 4.6.5 (/opt/ros/jazzy/share/rosidl_generator_cpp/cmake)
-- Using all available rosidl_typesupport_c: rosidl_typesupport_fastrtps_c;rosidl_typesupport_introspection_c
-- Using all available rosidl_typesupport_cpp: rosidl_typesupport_fastrtps_cpp;rosidl_typesupport_introspection_cpp
-- Found Boost: /usr/lib/x86_64-linux-gnu/cmake/Boost-1.83.0/BoostConfig.cmake (found version "1.83.0") found components: chrono date_time filesystem iostreams program_options regex serialization system thread 
-- Found parameter_traits: 0.4.0 (/opt/ros/jazzy/share/parameter_traits/cmake)
-- Found rmw_implementation_cmake: 7.3.2 (/opt/ros/jazzy/share/rmw_implementation_cmake/cmake)
-- Found rmw_fastrtps_cpp: 8.4.2 (/opt/ros/jazzy/share/rmw_fastrtps_cpp/cmake)
-- Found OpenSSL: /usr/lib/x86_64-linux-gnu/libcrypto.so (found version "3.0.13")  
-- Found FastRTPS: /opt/ros/jazzy/include (Required is at least version "2.13") 
-- Using RMW implementation 'rmw_fastrtps_cpp' as default
-- Found rclcpp_lifecycle: 28.1.9 (/opt/ros/jazzy/share/rclcpp_lifecycle/cmake)
-- Found Boost: /usr/lib/x86_64-linux-gnu/cmake/Boost-1.83.0/BoostConfig.cmake (found version "1.83.0") found components: filesystem 
-- Found Eigen3: TRUE (found version "3.4.0") 
-- Ensuring Eigen3 include directory is part of orocos-kdl CMake target
-- Found Boost: /usr/lib/x86_64-linux-gnu/cmake/Boost-1.83.0/BoostConfig.cmake (found version "1.83.0") found components: system filesystem date_time program_options thread chrono 
-- Found Boost: /usr/lib/x86_64-linux-gnu/cmake/Boost-1.83.0/BoostConfig.cmake (found version "1.83.0") found components: thread system filesystem regex date_time program_options 
-- Found Boost: /usr/lib/x86_64-linux-gnu/cmake/Boost-1.83.0/BoostConfig.cmake (found version "1.83.0") found components: system filesystem date_time program_options thread 
-- moveit_ros_planning_interface_INCLUDE_DIRS: /opt/ros/jazzy/include/geometry_msgs;/home/UMRobotics/moveit_ws/install/moveit_msgs/include/moveit_msgs;/usr/include/bullet;/home/UMRobotics/moveit_ws/install/moveit_core/include;/home/UMRobotics/moveit_ws/install/moveit_core/include/moveit_core;$<TARGET_PROPERTY:moveit_core::moveit_planning_scene,INCLUDE_DIRECTORIES>;/usr/include;/usr/include/eigen3;/opt/ros/jazzy/include;/opt/ros/jazzy/include/moveit_ros_planning;/opt/ros/jazzy/include/moveit_ros_warehouse;/opt/ros/jazzy/include/moveit_ros_move_group;/opt/ros/jazzy/include/tf2;/opt/ros/jazzy/include/tf2_eigen;/opt/ros/jazzy/include/tf2_geometry_msgs;/opt/ros/jazzy/include/tf2_ros;/opt/ros/jazzy/include/rclcpp;/opt/ros/jazzy/include/rclcpp_action
-- moveit_core_INCLUDE_DIRS: /opt/ros/jazzy/include/angles;/opt/ros/jazzy/include/eigen_stl_containers;/opt/ros/jazzy/include/geometric_shapes;/opt/ros/jazzy/include;/usr/include/eigen3;/usr/include;/opt/ros/jazzy/include/geometry_msgs;/opt/ros/jazzy/include/kdl_parser;/home/UMRobotics/moveit_ws/install/moveit_msgs/include/moveit_msgs;/opt/ros/jazzy/include/octomap_msgs;/opt/ros/jazzy/include/pluginlib;/opt/ros/jazzy/include/rclcpp;/opt/ros/jazzy/include/rsl;/opt/ros/jazzy/include/sensor_msgs;/opt/ros/jazzy/include/shape_msgs;/opt/ros/jazzy/include/srdfdom;/opt/ros/jazzy/include/std_msgs;/opt/ros/jazzy/include/tf2_eigen;/opt/ros/jazzy/include/tf2_geometry_msgs;/opt/ros/jazzy/include/tf2_kdl;/opt/ros/jazzy/include/trajectory_msgs;/opt/ros/jazzy/include/urdf;/opt/ros/jazzy/include/urdfdom;/opt/ros/jazzy/include/urdfdom_headers;/opt/ros/jazzy/include/visualization_msgs
-- Found ament_lint_auto: 0.17.2 (/opt/ros/jazzy/share/ament_lint_auto/cmake)
-- Added test 'cppcheck' to perform static code analysis on C / C++ code
-- Configured cppcheck include dirs: 
-- Configured cppcheck exclude dirs and/or files: 
-- Added test 'lint_cmake' to check CMake code style
-- Added test 'uncrustify' to check C / C++ code style
-- Configured uncrustify additional arguments: 
-- Added test 'xmllint' to check XML markup files
-- Configuring done (1.6s)
-- Generating done (0.0s)
-- Build files have been written to: /home/UMRobotics/group12_ws/build/group_12_motion_planning
[ 50%] [32mBuilding CXX object CMakeFiles/ur5e_moveit_controller.dir/src/ur5e_moveit_controller.cpp.o[0m
