[0.015s] Invoking command in '/home/UMRobotics/group12_ws/build/group_12_motion_planning': CMAKE_PREFIX_PATH=${CMAKE_PREFIX_PATH}:/home/UMRobotics/moveit_ws/install/moveit_configs_utils:/opt/ros/jazzy DEBUGINFOD_URLS=https://debuginfod.ubuntu.com /usr/bin/cmake --build /home/UMRobotics/group12_ws/build/group_12_motion_planning -- -j16 -l16
[0.036s] -- Found ament_cmake: 2.5.4 (/opt/ros/jazzy/share/ament_cmake/cmake)
[0.182s] -- Found xacro: 2.0.13 (/opt/ros/jazzy/share/xacro/cmake)
[0.182s] -- Found moveit_ros_planning_interface: 2.12.3 (/opt/ros/jazzy/share/moveit_ros_planning_interface/cmake)
[0.189s] -- Found Boost: /usr/lib/x86_64-linux-gnu/cmake/Boost-1.83.0/BoostConfig.cmake (found version "1.83.0") found components: date_time filesystem program_options system thread 
[0.209s] -- Found rosidl_generator_c: 4.6.5 (/opt/ros/jazzy/share/rosidl_generator_c/cmake)
[0.214s] -- Found rosidl_generator_cpp: 4.6.5 (/opt/ros/jazzy/share/rosidl_generator_cpp/cmake)
[0.222s] -- Using all available rosidl_typesupport_c: rosidl_typesupport_fastrtps_c;rosidl_typesupport_introspection_c
[0.231s] -- Using all available rosidl_typesupport_cpp: rosidl_typesupport_fastrtps_cpp;rosidl_typesupport_introspection_cpp
[0.415s] -- Found Boost: /usr/lib/x86_64-linux-gnu/cmake/Boost-1.83.0/BoostConfig.cmake (found version "1.83.0") found components: chrono date_time filesystem iostreams program_options regex serialization system thread 
[0.438s] -- Found parameter_traits: 0.4.0 (/opt/ros/jazzy/share/parameter_traits/cmake)
[0.461s] -- Found rmw_implementation_cmake: 7.3.2 (/opt/ros/jazzy/share/rmw_implementation_cmake/cmake)
[0.463s] -- Found rmw_fastrtps_cpp: 8.4.2 (/opt/ros/jazzy/share/rmw_fastrtps_cpp/cmake)
[0.507s] -- Using RMW implementation 'rmw_fastrtps_cpp' as default
[0.552s] -- Found rclcpp_lifecycle: 28.1.9 (/opt/ros/jazzy/share/rclcpp_lifecycle/cmake)
[0.573s] -- Found Boost: /usr/lib/x86_64-linux-gnu/cmake/Boost-1.83.0/BoostConfig.cmake (found version "1.83.0") found components: filesystem 
[0.601s] -- Ensuring Eigen3 include directory is part of orocos-kdl CMake target
[0.683s] -- Found Boost: /usr/lib/x86_64-linux-gnu/cmake/Boost-1.83.0/BoostConfig.cmake (found version "1.83.0") found components: system filesystem date_time program_options thread chrono 
[0.717s] -- Found Boost: /usr/lib/x86_64-linux-gnu/cmake/Boost-1.83.0/BoostConfig.cmake (found version "1.83.0") found components: thread system filesystem regex date_time program_options 
[0.733s] -- Found Boost: /usr/lib/x86_64-linux-gnu/cmake/Boost-1.83.0/BoostConfig.cmake (found version "1.83.0") found components: system filesystem date_time program_options thread 
[0.773s] [31mCMake Error at CMakeLists.txt:12 (find_package):
[0.773s]   By not providing "Findforward.cmake" in CMAKE_MODULE_PATH this project has
[0.774s]   asked CMake to find a package configuration file provided by "forward", but
[0.774s]   CMake did not find one.
[0.774s] 
[0.774s]   Could not find a package configuration file provided by "forward" with any
[0.774s]   of the following names:
[0.774s] 
[0.774s]     forwardConfig.cmake
[0.774s]     forward-config.cmake
[0.774s] 
[0.774s]   Add the installation prefix of "forward" to CMAKE_PREFIX_PATH or set
[0.774s]   "forward_DIR" to a directory containing one of the above files.  If
[0.774s]   "forward" provides a separate development package or SDK, be sure it has
[0.774s]   been installed.
[0.774s] 
[0.774s] [0m
[0.774s] -- Configuring incomplete, errors occurred!
[0.780s] gmake: *** [Makefile:267: cmake_check_build_system] Error 1
[0.782s] Invoked command in '/home/UMRobotics/group12_ws/build/group_12_motion_planning' returned '2': CMAKE_PREFIX_PATH=${CMAKE_PREFIX_PATH}:/home/UMRobotics/moveit_ws/install/moveit_configs_utils:/opt/ros/jazzy DEBUGINFOD_URLS=https://debuginfod.ubuntu.com /usr/bin/cmake --build /home/UMRobotics/group12_ws/build/group_12_motion_planning -- -j16 -l16
