[0.079s] DEBUG:colcon:Command line arguments: ['/usr/bin/colcon', 'build', '--packages-select', 'hello_moveit/']
[0.079s] DEBUG:colcon:Parsed command line arguments: Namespace(log_base=None, log_level=None, verb_name='build', build_base='build', install_base='install', merge_install=False, symlink_install=False, test_result_base=None, continue_on_error=False, executor='parallel', parallel_workers=16, event_handlers=None, ignore_user_meta=False, metas=['./colcon.meta'], base_paths=['.'], packages_ignore=None, packages_ignore_regex=None, paths=None, packages_up_to=None, packages_up_to_regex=None, packages_above=None, packages_above_and_dependencies=None, packages_above_depth=None, packages_select_by_dep=None, packages_skip_by_dep=None, packages_skip_up_to=None, packages_select_build_failed=False, packages_skip_build_finished=False, packages_select_test_failures=False, packages_skip_test_passed=False, packages_select=['hello_moveit/'], packages_skip=None, packages_select_regex=None, packages_skip_regex=None, packages_start=None, packages_end=None, allow_overriding=[], cmake_args=None, cmake_target=None, cmake_target_skip_unavailable=False, cmake_clean_cache=False, cmake_clean_first=False, cmake_force_configure=False, ament_cmake_args=None, catkin_cmake_args=None, catkin_skip_building_tests=False, mixin_files=None, mixin=None, verb_parser=<colcon_mixin.mixin.mixin_argument.MixinArgumentDecorator object at 0x723a3e919a60>, verb_extension=<colcon_core.verb.build.BuildVerb object at 0x723a3e9751c0>, main=<bound method BuildVerb.main of <colcon_core.verb.build.BuildVerb object at 0x723a3e9751c0>>, mixin_verb=('build',))
[0.103s] Level 1:colcon.colcon_core.package_discovery:discover_packages(colcon_meta) check parameters
[0.103s] Level 1:colcon.colcon_core.package_discovery:discover_packages(recursive) check parameters
[0.103s] Level 1:colcon.colcon_core.package_discovery:discover_packages(ignore) check parameters
[0.103s] Level 1:colcon.colcon_core.package_discovery:discover_packages(path) check parameters
[0.103s] Level 1:colcon.colcon_core.package_discovery:discover_packages(colcon_meta) discover
[0.103s] Level 1:colcon.colcon_core.package_discovery:discover_packages(recursive) discover
[0.103s] INFO:colcon.colcon_core.package_discovery:Crawling recursively for packages in '/home/UMRobotics/group12_ws/src'
[0.103s] Level 1:colcon.colcon_core.package_identification:_identify(.) by extensions ['ignore', 'ignore_ament_install']
[0.103s] Level 1:colcon.colcon_core.package_identification:_identify(.) by extension 'ignore'
[0.103s] Level 1:colcon.colcon_core.package_identification:_identify(.) by extension 'ignore_ament_install'
[0.103s] Level 1:colcon.colcon_core.package_identification:_identify(.) by extensions ['colcon_pkg']
[0.103s] Level 1:colcon.colcon_core.package_identification:_identify(.) by extension 'colcon_pkg'
[0.103s] Level 1:colcon.colcon_core.package_identification:_identify(.) by extensions ['colcon_meta']
[0.103s] Level 1:colcon.colcon_core.package_identification:_identify(.) by extension 'colcon_meta'
[0.103s] Level 1:colcon.colcon_core.package_identification:_identify(.) by extensions ['ros']
[0.103s] Level 1:colcon.colcon_core.package_identification:_identify(.) by extension 'ros'
[0.118s] Level 1:colcon.colcon_core.package_identification:_identify(.) by extensions ['cmake', 'python']
[0.118s] Level 1:colcon.colcon_core.package_identification:_identify(.) by extension 'cmake'
[0.118s] Level 1:colcon.colcon_core.package_identification:_identify(.) by extension 'python'
[0.118s] Level 1:colcon.colcon_core.package_identification:_identify(.) by extensions ['python_setup_py']
[0.119s] Level 1:colcon.colcon_core.package_identification:_identify(.) by extension 'python_setup_py'
[0.119s] Level 1:colcon.colcon_core.package_identification:_identify(build) by extensions ['ignore', 'ignore_ament_install']
[0.119s] Level 1:colcon.colcon_core.package_identification:_identify(build) by extension 'ignore'
[0.119s] Level 1:colcon.colcon_core.package_identification:_identify(build) ignored
[0.119s] Level 1:colcon.colcon_core.package_identification:_identify(group_12_motion_planning) by extensions ['ignore', 'ignore_ament_install']
[0.119s] Level 1:colcon.colcon_core.package_identification:_identify(group_12_motion_planning) by extension 'ignore'
[0.119s] Level 1:colcon.colcon_core.package_identification:_identify(group_12_motion_planning) by extension 'ignore_ament_install'
[0.119s] Level 1:colcon.colcon_core.package_identification:_identify(group_12_motion_planning) by extensions ['colcon_pkg']
[0.119s] Level 1:colcon.colcon_core.package_identification:_identify(group_12_motion_planning) by extension 'colcon_pkg'
[0.119s] Level 1:colcon.colcon_core.package_identification:_identify(group_12_motion_planning) by extensions ['colcon_meta']
[0.119s] Level 1:colcon.colcon_core.package_identification:_identify(group_12_motion_planning) by extension 'colcon_meta'
[0.119s] Level 1:colcon.colcon_core.package_identification:_identify(group_12_motion_planning) by extensions ['ros']
[0.119s] Level 1:colcon.colcon_core.package_identification:_identify(group_12_motion_planning) by extension 'ros'
[0.120s] DEBUG:colcon.colcon_core.package_identification:Package 'group_12_motion_planning' with type 'ros.ament_cmake' and name 'group_12_motion_planning'
[0.121s] Level 1:colcon.colcon_core.package_identification:_identify(hello_moveit) by extensions ['ignore', 'ignore_ament_install']
[0.121s] Level 1:colcon.colcon_core.package_identification:_identify(hello_moveit) by extension 'ignore'
[0.121s] Level 1:colcon.colcon_core.package_identification:_identify(hello_moveit) by extension 'ignore_ament_install'
[0.121s] Level 1:colcon.colcon_core.package_identification:_identify(hello_moveit) by extensions ['colcon_pkg']
[0.121s] Level 1:colcon.colcon_core.package_identification:_identify(hello_moveit) by extension 'colcon_pkg'
[0.121s] Level 1:colcon.colcon_core.package_identification:_identify(hello_moveit) by extensions ['colcon_meta']
[0.121s] Level 1:colcon.colcon_core.package_identification:_identify(hello_moveit) by extension 'colcon_meta'
[0.121s] Level 1:colcon.colcon_core.package_identification:_identify(hello_moveit) by extensions ['ros']
[0.121s] Level 1:colcon.colcon_core.package_identification:_identify(hello_moveit) by extension 'ros'
[0.121s] DEBUG:colcon.colcon_core.package_identification:Package 'hello_moveit' with type 'ros.ament_cmake' and name 'hello_moveit'
[0.121s] Level 1:colcon.colcon_core.package_identification:_identify(install) by extensions ['ignore', 'ignore_ament_install']
[0.121s] Level 1:colcon.colcon_core.package_identification:_identify(install) by extension 'ignore'
[0.121s] Level 1:colcon.colcon_core.package_identification:_identify(install) ignored
[0.121s] Level 1:colcon.colcon_core.package_identification:_identify(log) by extensions ['ignore', 'ignore_ament_install']
[0.121s] Level 1:colcon.colcon_core.package_identification:_identify(log) by extension 'ignore'
[0.121s] Level 1:colcon.colcon_core.package_identification:_identify(log) ignored
[0.121s] Level 1:colcon.colcon_core.package_identification:_identify(my_robot_cell_description) by extensions ['ignore', 'ignore_ament_install']
[0.121s] Level 1:colcon.colcon_core.package_identification:_identify(my_robot_cell_description) by extension 'ignore'
[0.121s] Level 1:colcon.colcon_core.package_identification:_identify(my_robot_cell_description) by extension 'ignore_ament_install'
[0.121s] Level 1:colcon.colcon_core.package_identification:_identify(my_robot_cell_description) by extensions ['colcon_pkg']
[0.122s] Level 1:colcon.colcon_core.package_identification:_identify(my_robot_cell_description) by extension 'colcon_pkg'
[0.122s] Level 1:colcon.colcon_core.package_identification:_identify(my_robot_cell_description) by extensions ['colcon_meta']
[0.122s] Level 1:colcon.colcon_core.package_identification:_identify(my_robot_cell_description) by extension 'colcon_meta'
[0.122s] Level 1:colcon.colcon_core.package_identification:_identify(my_robot_cell_description) by extensions ['ros']
[0.122s] Level 1:colcon.colcon_core.package_identification:_identify(my_robot_cell_description) by extension 'ros'
[0.122s] DEBUG:colcon.colcon_core.package_identification:Package 'my_robot_cell_description' with type 'ros.ament_cmake' and name 'my_robot_cell_description'
[0.122s] Level 1:colcon.colcon_core.package_identification:_identify(predefined_motion) by extensions ['ignore', 'ignore_ament_install']
[0.122s] Level 1:colcon.colcon_core.package_identification:_identify(predefined_motion) by extension 'ignore'
[0.122s] Level 1:colcon.colcon_core.package_identification:_identify(predefined_motion) by extension 'ignore_ament_install'
[0.122s] Level 1:colcon.colcon_core.package_identification:_identify(predefined_motion) by extensions ['colcon_pkg']
[0.122s] Level 1:colcon.colcon_core.package_identification:_identify(predefined_motion) by extension 'colcon_pkg'
[0.122s] Level 1:colcon.colcon_core.package_identification:_identify(predefined_motion) by extensions ['colcon_meta']
[0.122s] Level 1:colcon.colcon_core.package_identification:_identify(predefined_motion) by extension 'colcon_meta'
[0.122s] Level 1:colcon.colcon_core.package_identification:_identify(predefined_motion) by extensions ['ros']
[0.122s] Level 1:colcon.colcon_core.package_identification:_identify(predefined_motion) by extension 'ros'
[0.123s] DEBUG:colcon.colcon_core.package_identification:Package 'predefined_motion' with type 'ros.ament_cmake' and name 'predefined_motion'
[0.123s] Level 1:colcon.colcon_core.package_identification:_identify(test) by extensions ['ignore', 'ignore_ament_install']
[0.123s] Level 1:colcon.colcon_core.package_identification:_identify(test) by extension 'ignore'
[0.123s] Level 1:colcon.colcon_core.package_identification:_identify(test) by extension 'ignore_ament_install'
[0.123s] Level 1:colcon.colcon_core.package_identification:_identify(test) by extensions ['colcon_pkg']
[0.123s] Level 1:colcon.colcon_core.package_identification:_identify(test) by extension 'colcon_pkg'
[0.123s] Level 1:colcon.colcon_core.package_identification:_identify(test) by extensions ['colcon_meta']
[0.123s] Level 1:colcon.colcon_core.package_identification:_identify(test) by extension 'colcon_meta'
[0.123s] Level 1:colcon.colcon_core.package_identification:_identify(test) by extensions ['ros']
[0.123s] Level 1:colcon.colcon_core.package_identification:_identify(test) by extension 'ros'
[0.123s] Level 1:colcon.colcon_core.package_identification:_identify(test) by extensions ['cmake', 'python']
[0.123s] Level 1:colcon.colcon_core.package_identification:_identify(test) by extension 'cmake'
[0.123s] Level 1:colcon.colcon_core.package_identification:_identify(test) by extension 'python'
[0.123s] Level 1:colcon.colcon_core.package_identification:_identify(test) by extensions ['python_setup_py']
[0.123s] Level 1:colcon.colcon_core.package_identification:_identify(test) by extension 'python_setup_py'
[0.123s] Level 1:colcon.colcon_core.package_identification:_identify(ur5e_control) by extensions ['ignore', 'ignore_ament_install']
[0.123s] Level 1:colcon.colcon_core.package_identification:_identify(ur5e_control) by extension 'ignore'
[0.123s] Level 1:colcon.colcon_core.package_identification:_identify(ur5e_control) by extension 'ignore_ament_install'
[0.123s] Level 1:colcon.colcon_core.package_identification:_identify(ur5e_control) by extensions ['colcon_pkg']
[0.123s] Level 1:colcon.colcon_core.package_identification:_identify(ur5e_control) by extension 'colcon_pkg'
[0.123s] Level 1:colcon.colcon_core.package_identification:_identify(ur5e_control) by extensions ['colcon_meta']
[0.123s] Level 1:colcon.colcon_core.package_identification:_identify(ur5e_control) by extension 'colcon_meta'
[0.123s] Level 1:colcon.colcon_core.package_identification:_identify(ur5e_control) by extensions ['ros']
[0.123s] Level 1:colcon.colcon_core.package_identification:_identify(ur5e_control) by extension 'ros'
[0.123s] DEBUG:colcon.colcon_core.package_identification:Package 'ur5e_control' with type 'ros.ament_cmake' and name 'ur5e_control'
[0.123s] Level 1:colcon.colcon_core.package_discovery:discover_packages(recursive) using defaults
[0.124s] Level 1:colcon.colcon_core.package_discovery:discover_packages(ignore) discover
[0.124s] Level 1:colcon.colcon_core.package_discovery:discover_packages(ignore) using defaults
[0.124s] Level 1:colcon.colcon_core.package_discovery:discover_packages(path) discover
[0.124s] Level 1:colcon.colcon_core.package_discovery:discover_packages(path) using defaults
[0.124s] WARNING:colcon.colcon_core.package_selection:ignoring unknown package 'hello_moveit/' in --packages-select
[0.135s] INFO:colcon.colcon_core.package_selection:Skipping not selected package 'group_12_motion_planning' in 'group_12_motion_planning'
[0.135s] INFO:colcon.colcon_core.package_selection:Skipping not selected package 'hello_moveit' in 'hello_moveit'
[0.135s] INFO:colcon.colcon_core.package_selection:Skipping not selected package 'my_robot_cell_description' in 'my_robot_cell_description'
[0.135s] INFO:colcon.colcon_core.package_selection:Skipping not selected package 'predefined_motion' in 'predefined_motion'
[0.135s] INFO:colcon.colcon_core.package_selection:Skipping not selected package 'ur5e_control' in 'ur5e_control'
[0.135s] Level 1:colcon.colcon_core.package_discovery:discover_packages(prefix_path) check parameters
[0.135s] Level 1:colcon.colcon_core.package_discovery:discover_packages(prefix_path) discover
[0.138s] DEBUG:colcon.colcon_installed_package_information.package_discovery:Found 34 installed packages in /home/UMRobotics/moveit_ws/install
[0.139s] DEBUG:colcon.colcon_installed_package_information.package_discovery:Found 436 installed packages in /opt/ros/jazzy
[0.140s] Level 1:colcon.colcon_core.package_discovery:discover_packages(prefix_path) using defaults
[0.177s] INFO:colcon.colcon_core.executor:Executing jobs using 'parallel' executor
[0.177s] DEBUG:colcon.colcon_parallel_executor.executor.parallel:run_until_complete
[0.178s] DEBUG:colcon.colcon_parallel_executor.executor.parallel:closing loop
[0.178s] DEBUG:colcon.colcon_parallel_executor.executor.parallel:loop closed
[0.178s] DEBUG:colcon.colcon_parallel_executor.executor.parallel:run_until_complete finished with '0'
[0.178s] DEBUG:colcon.colcon_core.event_reactor:joining thread
[0.181s] INFO:colcon.colcon_core.plugin_system:Skipping extension 'colcon_notification.desktop_notification.terminal_notifier': Not used on non-Darwin systems
[0.181s] INFO:colcon.colcon_core.plugin_system:Skipping extension 'colcon_notification.desktop_notification.win32': Not used on non-Windows systems
[0.181s] INFO:colcon.colcon_notification.desktop_notification:Sending desktop notification using 'notify2'
[0.205s] DEBUG:colcon.colcon_core.event_reactor:joined thread
[0.206s] INFO:colcon.colcon_core.plugin_system:Skipping extension 'colcon_core.shell.bat': Not used on non-Windows systems
[0.206s] INFO:colcon.colcon_core.shell:Creating prefix script '/home/UMRobotics/group12_ws/src/install/local_setup.ps1'
[0.207s] INFO:colcon.colcon_core.shell:Creating prefix util module '/home/UMRobotics/group12_ws/src/install/_local_setup_util_ps1.py'
[0.208s] INFO:colcon.colcon_core.shell:Creating prefix chain script '/home/UMRobotics/group12_ws/src/install/setup.ps1'
[0.209s] INFO:colcon.colcon_core.shell:Creating prefix script '/home/UMRobotics/group12_ws/src/install/local_setup.sh'
[0.209s] INFO:colcon.colcon_core.shell:Creating prefix util module '/home/UMRobotics/group12_ws/src/install/_local_setup_util_sh.py'
[0.209s] INFO:colcon.colcon_core.shell:Creating prefix chain script '/home/UMRobotics/group12_ws/src/install/setup.sh'
[0.211s] INFO:colcon.colcon_core.shell:Creating prefix script '/home/UMRobotics/group12_ws/src/install/local_setup.bash'
[0.218s] INFO:colcon.colcon_core.shell:Creating prefix chain script '/home/UMRobotics/group12_ws/src/install/setup.bash'
[0.219s] INFO:colcon.colcon_core.shell:Creating prefix script '/home/UMRobotics/group12_ws/src/install/local_setup.zsh'
[0.220s] INFO:colcon.colcon_core.shell:Creating prefix chain script '/home/UMRobotics/group12_ws/src/install/setup.zsh'
