[0.014s] Invoking command in '/home/UMRobotics/group12_ws/build/group_12_motion_planning': CMAKE_PREFIX_PATH=${CMAKE_PREFIX_PATH}:/home/UMRobotics/moveit_ws/install/moveit_configs_utils:/opt/ros/jazzy DEBUGINFOD_URLS=https://debuginfod.ubuntu.com /usr/bin/cmake /home/UMRobotics/group12_ws/src/group_12_motion_planning -DCMAKE_INSTALL_PREFIX=/home/UMRobotics/group12_ws/install/group_12_motion_planning
[0.052s] -- The C compiler identification is GNU 13.3.0
[0.089s] -- The CXX compiler identification is GNU 13.3.0
[0.101s] -- Detecting C compiler ABI info
[0.162s] -- Detecting C compiler ABI info - done
[0.168s] -- Check for working C compiler: /usr/bin/cc - skipped
[0.168s] -- Detecting C compile features
[0.168s] -- Detecting C compile features - done
[0.174s] -- Detecting CXX compiler ABI info
[0.245s] -- Detecting CXX compiler ABI info - done
[0.251s] -- Check for working CXX compiler: /usr/bin/c++ - skipped
[0.251s] -- Detecting CXX compile features
[0.252s] -- Detecting CXX compile features - done
[0.255s] -- Found ament_cmake: 2.5.4 (/opt/ros/jazzy/share/ament_cmake/cmake)
[0.379s] -- Found Python3: /home/UMRobotics/.local/bin/python3 (found version "3.12.3") found components: Interpreter 
[0.480s] -- Found ament_lint_auto: 0.17.2 (/opt/ros/jazzy/share/ament_lint_auto/cmake)
[0.561s] -- Added test 'cppcheck' to perform static code analysis on C / C++ code
[0.561s] -- Configured cppcheck include dirs: 
[0.561s] -- Configured cppcheck exclude dirs and/or files: 
[0.562s] -- Added test 'lint_cmake' to check CMake code style
[0.563s] -- Added test 'uncrustify' to check C / C++ code style
[0.563s] -- Configured uncrustify additional arguments: 
[0.564s] -- Added test 'xmllint' to check XML markup files
[0.565s] -- Configuring done (0.5s)
[0.567s] -- Generating done (0.0s)
[0.568s] -- Build files have been written to: /home/UMRobotics/group12_ws/build/group_12_motion_planning
[0.571s] Invoked command in '/home/UMRobotics/group12_ws/build/group_12_motion_planning' returned '0': CMAKE_PREFIX_PATH=${CMAKE_PREFIX_PATH}:/home/UMRobotics/moveit_ws/install/moveit_configs_utils:/opt/ros/jazzy DEBUGINFOD_URLS=https://debuginfod.ubuntu.com /usr/bin/cmake /home/UMRobotics/group12_ws/src/group_12_motion_planning -DCMAKE_INSTALL_PREFIX=/home/UMRobotics/group12_ws/install/group_12_motion_planning
[0.572s] Invoking command in '/home/UMRobotics/group12_ws/build/group_12_motion_planning': CMAKE_PREFIX_PATH=${CMAKE_PREFIX_PATH}:/home/UMRobotics/moveit_ws/install/moveit_configs_utils:/opt/ros/jazzy DEBUGINFOD_URLS=https://debuginfod.ubuntu.com /usr/bin/cmake --build /home/UMRobotics/group12_ws/build/group_12_motion_planning -- -j16 -l16
[0.601s] Invoked command in '/home/UMRobotics/group12_ws/build/group_12_motion_planning' returned '0': CMAKE_PREFIX_PATH=${CMAKE_PREFIX_PATH}:/home/UMRobotics/moveit_ws/install/moveit_configs_utils:/opt/ros/jazzy DEBUGINFOD_URLS=https://debuginfod.ubuntu.com /usr/bin/cmake --build /home/UMRobotics/group12_ws/build/group_12_motion_planning -- -j16 -l16
[0.609s] Invoking command in '/home/UMRobotics/group12_ws/build/group_12_motion_planning': CMAKE_PREFIX_PATH=${CMAKE_PREFIX_PATH}:/home/UMRobotics/moveit_ws/install/moveit_configs_utils:/opt/ros/jazzy DEBUGINFOD_URLS=https://debuginfod.ubuntu.com /usr/bin/cmake --install /home/UMRobotics/group12_ws/build/group_12_motion_planning
[0.615s] -- Install configuration: ""
[0.615s] -- Installing: /home/UMRobotics/group12_ws/install/group_12_motion_planning/share/ament_index/resource_index/package_run_dependencies/group_12_motion_planning
[0.615s] -- Installing: /home/UMRobotics/group12_ws/install/group_12_motion_planning/share/ament_index/resource_index/parent_prefix_path/group_12_motion_planning
[0.616s] -- Installing: /home/UMRobotics/group12_ws/install/group_12_motion_planning/share/group_12_motion_planning/environment/ament_prefix_path.sh
[0.616s] -- Installing: /home/UMRobotics/group12_ws/install/group_12_motion_planning/share/group_12_motion_planning/environment/ament_prefix_path.dsv
[0.616s] -- Installing: /home/UMRobotics/group12_ws/install/group_12_motion_planning/share/group_12_motion_planning/environment/path.sh
[0.616s] -- Installing: /home/UMRobotics/group12_ws/install/group_12_motion_planning/share/group_12_motion_planning/environment/path.dsv
[0.616s] -- Installing: /home/UMRobotics/group12_ws/install/group_12_motion_planning/share/group_12_motion_planning/local_setup.bash
[0.616s] -- Installing: /home/UMRobotics/group12_ws/install/group_12_motion_planning/share/group_12_motion_planning/local_setup.sh
[0.616s] -- Installing: /home/UMRobotics/group12_ws/install/group_12_motion_planning/share/group_12_motion_planning/local_setup.zsh
[0.616s] -- Installing: /home/UMRobotics/group12_ws/install/group_12_motion_planning/share/group_12_motion_planning/local_setup.dsv
[0.616s] -- Installing: /home/UMRobotics/group12_ws/install/group_12_motion_planning/share/group_12_motion_planning/package.dsv
[0.616s] -- Installing: /home/UMRobotics/group12_ws/install/group_12_motion_planning/share/ament_index/resource_index/packages/group_12_motion_planning
[0.617s] -- Installing: /home/UMRobotics/group12_ws/install/group_12_motion_planning/share/group_12_motion_planning/cmake/group_12_motion_planningConfig.cmake
[0.617s] -- Installing: /home/UMRobotics/group12_ws/install/group_12_motion_planning/share/group_12_motion_planning/cmake/group_12_motion_planningConfig-version.cmake
[0.617s] -- Installing: /home/UMRobotics/group12_ws/install/group_12_motion_planning/share/group_12_motion_planning/package.xml
[0.618s] Invoked command in '/home/UMRobotics/group12_ws/build/group_12_motion_planning' returned '0': CMAKE_PREFIX_PATH=${CMAKE_PREFIX_PATH}:/home/UMRobotics/moveit_ws/install/moveit_configs_utils:/opt/ros/jazzy DEBUGINFOD_URLS=https://debuginfod.ubuntu.com /usr/bin/cmake --install /home/UMRobotics/group12_ws/build/group_12_motion_planning
