-- The C compiler identification is GNU 13.3.0
-- The CXX compiler identification is GNU 13.3.0
-- Detecting C compiler ABI info
-- Detecting C compiler ABI info - done
-- Check for working C compiler: /usr/bin/cc - skipped
-- Detecting C compile features
-- Detecting C compile features - done
-- Detecting CXX compiler ABI info
-- Detecting CXX compiler ABI info - done
-- Check for working CXX compiler: /usr/bin/c++ - skipped
-- Detecting CXX compile features
-- Detecting CXX compile features - done
-- Found ament_cmake: 2.5.4 (/opt/ros/jazzy/share/ament_cmake/cmake)
-- Found Python3: /home/UMRobotics/.local/bin/python3 (found version "3.12.3") found components: Interpreter 
-- Found moveit_ros_planning_interface: 2.11.0 (/home/UMRobotics/moveit_ws/install/moveit_ros_planning_interface/share/moveit_ros_planning_interface/cmake)
-- Found Boost: /usr/lib/x86_64-linux-gnu/cmake/Boost-1.83.0/BoostConfig.cmake (found version "1.83.0") found components: date_time filesystem program_options system thread 
-- Found rosidl_generator_c: 4.6.5 (/opt/ros/jazzy/share/rosidl_generator_c/cmake)
-- Found rosidl_generator_cpp: 4.6.5 (/opt/ros/jazzy/share/rosidl_generator_cpp/cmake)
-- Using all available rosidl_typesupport_c: rosidl_typesupport_fastrtps_c;rosidl_typesupport_introspection_c
-- Using all available rosidl_typesupport_cpp: rosidl_typesupport_fastrtps_cpp;rosidl_typesupport_introspection_cpp
-- Found Boost: /usr/lib/x86_64-linux-gnu/cmake/Boost-1.83.0/BoostConfig.cmake (found version "1.83.0") found components: chrono date_time filesystem iostreams program_options regex serialization system thread 
-- Found parameter_traits: 0.4.0 (/opt/ros/jazzy/share/parameter_traits/cmake)
-- Found rmw_implementation_cmake: 7.3.2 (/opt/ros/jazzy/share/rmw_implementation_cmake/cmake)
-- Found rmw_fastrtps_cpp: 8.4.2 (/opt/ros/jazzy/share/rmw_fastrtps_cpp/cmake)
-- Found OpenSSL: /usr/lib/x86_64-linux-gnu/libcrypto.so (found version "3.0.13")  
-- Found FastRTPS: /opt/ros/jazzy/include (Required is at least version "2.13") 
-- Using RMW implementation 'rmw_fastrtps_cpp' as default
-- Found rclcpp_lifecycle: 28.1.9 (/opt/ros/jazzy/share/rclcpp_lifecycle/cmake)
-- Found Boost: /usr/lib/x86_64-linux-gnu/cmake/Boost-1.83.0/BoostConfig.cmake (found version "1.83.0") found components: filesystem 
-- Found Eigen3: TRUE (found version "3.4.0") 
-- Ensuring Eigen3 include directory is part of orocos-kdl CMake target
-- Found Boost: /usr/lib/x86_64-linux-gnu/cmake/Boost-1.83.0/BoostConfig.cmake (found version "1.83.0") found components: system filesystem date_time program_options thread chrono 
-- Found Boost: /usr/lib/x86_64-linux-gnu/cmake/Boost-1.83.0/BoostConfig.cmake (found version "1.83.0") found components: thread system filesystem regex date_time program_options 
-- Found Boost: /usr/lib/x86_64-linux-gnu/cmake/Boost-1.83.0/BoostConfig.cmake (found version "1.83.0") found components: system filesystem date_time program_options thread 
-- Found ament_lint_auto: 0.17.2 (/opt/ros/jazzy/share/ament_lint_auto/cmake)
-- Added test 'cppcheck' to perform static code analysis on C / C++ code
-- Configured cppcheck include dirs: $<BUILD_INTERFACE:/home/UMRobotics/group12_ws/src/hello_moveit_ur/include>
-- Configured cppcheck exclude dirs and/or files: 
-- Added test 'flake8' to check Python code syntax and style conventions
-- Configured 'flake8' exclude dirs and/or files: 
-- Added test 'lint_cmake' to check CMake code style
-- Added test 'pep257' to check Python code against some of the docstring style conventions in PEP 257
-- Added test 'uncrustify' to check C / C++ code style
-- Configured uncrustify additional arguments: 
-- Added test 'xmllint' to check XML markup files
-- Configuring done (2.0s)
-- Generating done (0.0s)
-- Build files have been written to: /home/UMRobotics/group12_ws/src/build/hello_moveit_ur
[ 50%] [32mBuilding CXX object CMakeFiles/hello_moveit_ur.dir/src/hello_moveit_ur.cpp.o[0m
[100%] [32m[1mLinking CXX executable hello_moveit_ur[0m
/usr/bin/ld: warning: libgeometric_shapes.so.2.2.1, needed by /home/UMRobotics/moveit_ws/install/moveit_ros_planning/lib/libmoveit_planning_scene_monitor.so.2.11.0, not found (try using -rpath or -rpath-link)
/usr/bin/ld: warning: libsrdfdom.so.2.0.5, needed by /home/UMRobotics/moveit_ws/install/moveit_core/lib/libmoveit_robot_model.so.2.11.0, not found (try using -rpath or -rpath-link)
/usr/bin/ld: /home/UMRobotics/moveit_ws/install/moveit_core/lib/libmoveit_robot_model.so.2.11.0: undefined reference to `shapes::createMeshFromResource(std::__cxx11::basic_string<char, std::char_traits<char>, std::allocator<char> > const&, Eigen::Matrix<double, 3, 1, 0, 3, 1> const&)'
/usr/bin/ld: /home/UMRobotics/moveit_ws/install/moveit_core/lib/libmoveit_planning_scene.so.2.11.0: undefined reference to `shapes::constructShapeFromText(std::istream&)'
/usr/bin/ld: /home/UMRobotics/moveit_ws/install/moveit_core/lib/libmoveit_kinematic_constraints.so.2.11.0: undefined reference to `shapes::constructMarkerFromShape(shapes::Shape const*, visualization_msgs::msg::Marker_<std::allocator<void> >&, bool)'
/usr/bin/ld: /home/UMRobotics/moveit_ws/install/moveit_core/lib/libmoveit_robot_model.so.2.11.0: undefined reference to `typeinfo for shapes::Mesh'
/usr/bin/ld: /home/UMRobotics/moveit_ws/install/moveit_core/lib/libmoveit_kinematic_constraints.so.2.11.0: undefined reference to `bodies::createEmptyBodyFromShapeType(shapes::ShapeType const&)'
/usr/bin/ld: /home/UMRobotics/moveit_ws/install/moveit_core/lib/libmoveit_planning_scene.so.2.11.0: undefined reference to `shapes::saveAsText(shapes::Shape const*, std::ostream&)'
/usr/bin/ld: /home/UMRobotics/moveit_ws/install/moveit_core/lib/libmoveit_robot_model.so.2.11.0: undefined reference to `shapes::Sphere::Sphere(double)'
/usr/bin/ld: /home/UMRobotics/moveit_ws/install/moveit_core/lib/libmoveit_kinematic_constraints.so.2.11.0: undefined reference to `shapes::constructShapeFromMsg(shape_msgs::msg::SolidPrimitive_<std::allocator<void> > const&)'
/usr/bin/ld: /home/UMRobotics/moveit_ws/install/moveit_core/lib/libmoveit_kinematic_constraints.so.2.11.0: undefined reference to `shapes::Mesh::Mesh()'
/usr/bin/ld: /home/UMRobotics/moveit_ws/install/moveit_core/lib/libmoveit_robot_model.so.2.11.0: undefined reference to `shapes::Box::Box(double, double, double)'
/usr/bin/ld: /home/UMRobotics/moveit_ws/install/moveit_core/lib/libmoveit_robot_model.so.2.11.0: undefined reference to `typeinfo for shapes::Shape'
/usr/bin/ld: /home/UMRobotics/moveit_ws/install/moveit_core/lib/libmoveit_robot_state.so.2.11.0: undefined reference to `shapes::computeShapeExtents(shapes::Shape const*)'
/usr/bin/ld: /home/UMRobotics/moveit_ws/install/moveit_core/lib/libmoveit_robot_state.so.2.11.0: undefined reference to `shapes::Shape::padd(double)'
/usr/bin/ld: /home/UMRobotics/moveit_ws/install/moveit_core/lib/libmoveit_kinematic_constraints.so.2.11.0: undefined reference to `shapes::constructShapeFromMsg(shape_msgs::msg::Mesh_<std::allocator<void> > const&)'
/usr/bin/ld: /home/UMRobotics/moveit_ws/install/moveit_core/lib/libmoveit_robot_state.so.2.11.0: undefined reference to `shapes::Shape::scale(double)'
/usr/bin/ld: /home/UMRobotics/moveit_ws/install/moveit_core/lib/libmoveit_robot_model.so.2.11.0: undefined reference to `srdf::Model::empty_vector_'
/usr/bin/ld: /home/UMRobotics/moveit_ws/install/moveit_core/lib/libmoveit_robot_model.so.2.11.0: undefined reference to `shapes::Cylinder::Cylinder(double, double)'
/usr/bin/ld: /home/UMRobotics/moveit_ws/install/moveit_core/lib/libmoveit_planning_scene.so.2.11.0: undefined reference to `shapes::OcTree::OcTree(std::shared_ptr<octomap::OcTree const> const&)'
/usr/bin/ld: /home/UMRobotics/moveit_ws/install/moveit_ros_planning/lib/libmoveit_rdf_loader.so.2.11.0: undefined reference to `srdf::Model::initString(urdf::ModelInterface const&, std::__cxx11::basic_string<char, std::char_traits<char>, std::allocator<char> > const&)'
/usr/bin/ld: /home/UMRobotics/moveit_ws/install/moveit_core/lib/libmoveit_robot_state.so.2.11.0: undefined reference to `shapes::constructMsgFromShape(shapes::Shape const*, boost::variant<shape_msgs::msg::SolidPrimitive_<std::allocator<void> >, shape_msgs::msg::Mesh_<std::allocator<void> >, shape_msgs::msg::Plane_<std::allocator<void> > >&)'
/usr/bin/ld: /home/UMRobotics/moveit_ws/install/moveit_core/lib/libmoveit_collision_detection.so.2.11.0: undefined reference to `typeinfo for shapes::OcTree'
/usr/bin/ld: /home/UMRobotics/moveit_ws/install/moveit_ros_planning/lib/libmoveit_planning_scene_monitor.so.2.11.0: undefined reference to `shapes::Mesh::mergeVertices(double)'
/usr/bin/ld: /home/UMRobotics/moveit_ws/install/moveit_core/lib/libmoveit_robot_state.so.2.11.0: undefined reference to `shapes::constructShapeFromMsg(shape_msgs::msg::Plane_<std::allocator<void> > const&)'
collect2: error: ld returned 1 exit status
gmake[2]: *** [CMakeFiles/hello_moveit_ur.dir/build.make:374: hello_moveit_ur] Error 1
gmake[1]: *** [CMakeFiles/Makefile2:137: CMakeFiles/hello_moveit_ur.dir/all] Error 2
gmake: *** [Makefile:146: all] Error 2
