[0.020s] Invoking command in '/home/UMRobotics/group12_ws/src/build/hello_moveit_ur': CMAKE_PREFIX_PATH=${CMAKE_PREFIX_PATH}:/home/UMRobotics/moveit_ws/install/moveit_configs_utils:/opt/ros/jazzy DEBUGINFOD_URLS=https://debuginfod.ubuntu.com /usr/bin/cmake /home/UMRobotics/group12_ws/src/hello_moveit_ur -DCMAKE_INSTALL_PREFIX=/home/UMRobotics/group12_ws/src/install/hello_moveit_ur
[0.065s] -- The C compiler identification is GNU 13.3.0
[0.107s] -- The CXX compiler identification is GNU 13.3.0
[0.118s] -- Detecting C compiler ABI info
[0.193s] -- Detecting C compiler ABI info - done
[0.203s] -- Check for working C compiler: /usr/bin/cc - skipped
[0.203s] -- Detecting C compile features
[0.203s] -- Detecting C compile features - done
[0.210s] -- Detecting CXX compiler ABI info
[0.292s] -- Detecting CXX compiler ABI info - done
[0.299s] -- Check for working CXX compiler: /usr/bin/c++ - skipped
[0.300s] -- Detecting CXX compile features
[0.300s] -- Detecting CXX compile features - done
[0.304s] -- Found ament_cmake: 2.5.4 (/opt/ros/jazzy/share/ament_cmake/cmake)
[0.463s] -- Found Python3: /home/UMRobotics/.local/bin/python3 (found version "3.12.3") found components: Interpreter 
[0.596s] -- Found moveit_ros_planning_interface: 2.11.0 (/home/UMRobotics/moveit_ws/install/moveit_ros_planning_interface/share/moveit_ros_planning_interface/cmake)
[0.713s] -- Found Boost: /usr/lib/x86_64-linux-gnu/cmake/Boost-1.83.0/BoostConfig.cmake (found version "1.83.0") found components: date_time filesystem program_options system thread 
[0.783s] -- Found rosidl_generator_c: 4.6.5 (/opt/ros/jazzy/share/rosidl_generator_c/cmake)
[0.803s] -- Found rosidl_generator_cpp: 4.6.5 (/opt/ros/jazzy/share/rosidl_generator_cpp/cmake)
[0.826s] -- Using all available rosidl_typesupport_c: rosidl_typesupport_fastrtps_c;rosidl_typesupport_introspection_c
[0.851s] -- Using all available rosidl_typesupport_cpp: rosidl_typesupport_fastrtps_cpp;rosidl_typesupport_introspection_cpp
[1.133s] -- Found Boost: /usr/lib/x86_64-linux-gnu/cmake/Boost-1.83.0/BoostConfig.cmake (found version "1.83.0") found components: chrono date_time filesystem iostreams program_options regex serialization system thread 
[1.234s] -- Found parameter_traits: 0.4.0 (/opt/ros/jazzy/share/parameter_traits/cmake)
[1.300s] -- Found rmw_implementation_cmake: 7.3.2 (/opt/ros/jazzy/share/rmw_implementation_cmake/cmake)
[1.307s] -- Found rmw_fastrtps_cpp: 8.4.2 (/opt/ros/jazzy/share/rmw_fastrtps_cpp/cmake)
[1.390s] -- Found OpenSSL: /usr/lib/x86_64-linux-gnu/libcrypto.so (found version "3.0.13")  
[1.406s] -- Found FastRTPS: /opt/ros/jazzy/include (Required is at least version "2.13") 
[1.426s] -- Using RMW implementation 'rmw_fastrtps_cpp' as default
[1.514s] -- Found rclcpp_lifecycle: 28.1.9 (/opt/ros/jazzy/share/rclcpp_lifecycle/cmake)
[1.551s] -- Found Boost: /usr/lib/x86_64-linux-gnu/cmake/Boost-1.83.0/BoostConfig.cmake (found version "1.83.0") found components: filesystem 
[1.621s] -- Found Eigen3: TRUE (found version "3.4.0") 
[1.621s] -- Ensuring Eigen3 include directory is part of orocos-kdl CMake target
[1.800s] -- Found Boost: /usr/lib/x86_64-linux-gnu/cmake/Boost-1.83.0/BoostConfig.cmake (found version "1.83.0") found components: system filesystem date_time program_options thread chrono 
[1.842s] -- Found Boost: /usr/lib/x86_64-linux-gnu/cmake/Boost-1.83.0/BoostConfig.cmake (found version "1.83.0") found components: thread system filesystem regex date_time program_options 
[1.867s] -- Found Boost: /usr/lib/x86_64-linux-gnu/cmake/Boost-1.83.0/BoostConfig.cmake (found version "1.83.0") found components: system filesystem date_time program_options thread 
[1.906s] -- Found ament_lint_auto: 0.17.2 (/opt/ros/jazzy/share/ament_lint_auto/cmake)
[2.003s] -- Added test 'cppcheck' to perform static code analysis on C / C++ code
[2.003s] -- Configured cppcheck include dirs: $<BUILD_INTERFACE:/home/UMRobotics/group12_ws/src/hello_moveit_ur/include>
[2.003s] -- Configured cppcheck exclude dirs and/or files: 
[2.004s] -- Added test 'flake8' to check Python code syntax and style conventions
[2.004s] -- Configured 'flake8' exclude dirs and/or files: 
[2.005s] -- Added test 'lint_cmake' to check CMake code style
[2.006s] -- Added test 'pep257' to check Python code against some of the docstring style conventions in PEP 257
[2.007s] -- Added test 'uncrustify' to check C / C++ code style
[2.007s] -- Configured uncrustify additional arguments: 
[2.009s] -- Added test 'xmllint' to check XML markup files
[2.011s] -- Configuring done (2.0s)
[2.032s] -- Generating done (0.0s)
[2.036s] -- Build files have been written to: /home/UMRobotics/group12_ws/src/build/hello_moveit_ur
[2.048s] Invoked command in '/home/UMRobotics/group12_ws/src/build/hello_moveit_ur' returned '0': CMAKE_PREFIX_PATH=${CMAKE_PREFIX_PATH}:/home/UMRobotics/moveit_ws/install/moveit_configs_utils:/opt/ros/jazzy DEBUGINFOD_URLS=https://debuginfod.ubuntu.com /usr/bin/cmake /home/UMRobotics/group12_ws/src/hello_moveit_ur -DCMAKE_INSTALL_PREFIX=/home/UMRobotics/group12_ws/src/install/hello_moveit_ur
[2.049s] Invoking command in '/home/UMRobotics/group12_ws/src/build/hello_moveit_ur': CMAKE_PREFIX_PATH=${CMAKE_PREFIX_PATH}:/home/UMRobotics/moveit_ws/install/moveit_configs_utils:/opt/ros/jazzy DEBUGINFOD_URLS=https://debuginfod.ubuntu.com /usr/bin/cmake --build /home/UMRobotics/group12_ws/src/build/hello_moveit_ur -- -j16 -l16
[2.099s] [ 50%] [32mBuilding CXX object CMakeFiles/hello_moveit_ur.dir/src/hello_moveit_ur.cpp.o[0m
[8.666s] [100%] [32m[1mLinking CXX executable hello_moveit_ur[0m
[8.810s] /usr/bin/ld: warning: libgeometric_shapes.so.2.2.1, needed by /home/UMRobotics/moveit_ws/install/moveit_ros_planning/lib/libmoveit_planning_scene_monitor.so.2.11.0, not found (try using -rpath or -rpath-link)
[8.811s] /usr/bin/ld: warning: libsrdfdom.so.2.0.5, needed by /home/UMRobotics/moveit_ws/install/moveit_core/lib/libmoveit_robot_model.so.2.11.0, not found (try using -rpath or -rpath-link)
[8.867s] /usr/bin/ld: /home/UMRobotics/moveit_ws/install/moveit_core/lib/libmoveit_robot_model.so.2.11.0: undefined reference to `shapes::createMeshFromResource(std::__cxx11::basic_string<char, std::char_traits<char>, std::allocator<char> > const&, Eigen::Matrix<double, 3, 1, 0, 3, 1> const&)'
[8.867s] /usr/bin/ld: /home/UMRobotics/moveit_ws/install/moveit_core/lib/libmoveit_planning_scene.so.2.11.0: undefined reference to `shapes::constructShapeFromText(std::istream&)'
[8.867s] /usr/bin/ld: /home/UMRobotics/moveit_ws/install/moveit_core/lib/libmoveit_kinematic_constraints.so.2.11.0: undefined reference to `shapes::constructMarkerFromShape(shapes::Shape const*, visualization_msgs::msg::Marker_<std::allocator<void> >&, bool)'
[8.868s] /usr/bin/ld: /home/UMRobotics/moveit_ws/install/moveit_core/lib/libmoveit_robot_model.so.2.11.0: undefined reference to `typeinfo for shapes::Mesh'
[8.868s] /usr/bin/ld: /home/UMRobotics/moveit_ws/install/moveit_core/lib/libmoveit_kinematic_constraints.so.2.11.0: undefined reference to `bodies::createEmptyBodyFromShapeType(shapes::ShapeType const&)'
[8.869s] /usr/bin/ld: /home/UMRobotics/moveit_ws/install/moveit_core/lib/libmoveit_planning_scene.so.2.11.0: undefined reference to `shapes::saveAsText(shapes::Shape const*, std::ostream&)'
[8.869s] /usr/bin/ld: /home/UMRobotics/moveit_ws/install/moveit_core/lib/libmoveit_robot_model.so.2.11.0: undefined reference to `shapes::Sphere::Sphere(double)'
[8.870s] /usr/bin/ld: /home/UMRobotics/moveit_ws/install/moveit_core/lib/libmoveit_kinematic_constraints.so.2.11.0: undefined reference to `shapes::constructShapeFromMsg(shape_msgs::msg::SolidPrimitive_<std::allocator<void> > const&)'
[8.870s] /usr/bin/ld: /home/UMRobotics/moveit_ws/install/moveit_core/lib/libmoveit_kinematic_constraints.so.2.11.0: undefined reference to `shapes::Mesh::Mesh()'
[8.870s] /usr/bin/ld: /home/UMRobotics/moveit_ws/install/moveit_core/lib/libmoveit_robot_model.so.2.11.0: undefined reference to `shapes::Box::Box(double, double, double)'
[8.870s] /usr/bin/ld: /home/UMRobotics/moveit_ws/install/moveit_core/lib/libmoveit_robot_model.so.2.11.0: undefined reference to `typeinfo for shapes::Shape'
[8.871s] /usr/bin/ld: /home/UMRobotics/moveit_ws/install/moveit_core/lib/libmoveit_robot_state.so.2.11.0: undefined reference to `shapes::computeShapeExtents(shapes::Shape const*)'
[8.872s] /usr/bin/ld: /home/UMRobotics/moveit_ws/install/moveit_core/lib/libmoveit_robot_state.so.2.11.0: undefined reference to `shapes::Shape::padd(double)'
[8.872s] /usr/bin/ld: /home/UMRobotics/moveit_ws/install/moveit_core/lib/libmoveit_kinematic_constraints.so.2.11.0: undefined reference to `shapes::constructShapeFromMsg(shape_msgs::msg::Mesh_<std::allocator<void> > const&)'
[8.872s] /usr/bin/ld: /home/UMRobotics/moveit_ws/install/moveit_core/lib/libmoveit_robot_state.so.2.11.0: undefined reference to `shapes::Shape::scale(double)'
[8.872s] /usr/bin/ld: /home/UMRobotics/moveit_ws/install/moveit_core/lib/libmoveit_robot_model.so.2.11.0: undefined reference to `srdf::Model::empty_vector_'
[8.873s] /usr/bin/ld: /home/UMRobotics/moveit_ws/install/moveit_core/lib/libmoveit_robot_model.so.2.11.0: undefined reference to `shapes::Cylinder::Cylinder(double, double)'
[8.873s] /usr/bin/ld: /home/UMRobotics/moveit_ws/install/moveit_core/lib/libmoveit_planning_scene.so.2.11.0: undefined reference to `shapes::OcTree::OcTree(std::shared_ptr<octomap::OcTree const> const&)'
[8.873s] /usr/bin/ld: /home/UMRobotics/moveit_ws/install/moveit_ros_planning/lib/libmoveit_rdf_loader.so.2.11.0: undefined reference to `srdf::Model::initString(urdf::ModelInterface const&, std::__cxx11::basic_string<char, std::char_traits<char>, std::allocator<char> > const&)'
[8.874s] /usr/bin/ld: /home/UMRobotics/moveit_ws/install/moveit_core/lib/libmoveit_robot_state.so.2.11.0: undefined reference to `shapes::constructMsgFromShape(shapes::Shape const*, boost::variant<shape_msgs::msg::SolidPrimitive_<std::allocator<void> >, shape_msgs::msg::Mesh_<std::allocator<void> >, shape_msgs::msg::Plane_<std::allocator<void> > >&)'
[8.874s] /usr/bin/ld: /home/UMRobotics/moveit_ws/install/moveit_core/lib/libmoveit_collision_detection.so.2.11.0: undefined reference to `typeinfo for shapes::OcTree'
[8.875s] /usr/bin/ld: /home/UMRobotics/moveit_ws/install/moveit_ros_planning/lib/libmoveit_planning_scene_monitor.so.2.11.0: undefined reference to `shapes::Mesh::mergeVertices(double)'
[8.875s] /usr/bin/ld: /home/UMRobotics/moveit_ws/install/moveit_core/lib/libmoveit_robot_state.so.2.11.0: undefined reference to `shapes::constructShapeFromMsg(shape_msgs::msg::Plane_<std::allocator<void> > const&)'
[8.882s] collect2: error: ld returned 1 exit status
[8.883s] gmake[2]: *** [CMakeFiles/hello_moveit_ur.dir/build.make:374: hello_moveit_ur] Error 1
[8.883s] gmake[1]: *** [CMakeFiles/Makefile2:137: CMakeFiles/hello_moveit_ur.dir/all] Error 2
[8.883s] gmake: *** [Makefile:146: all] Error 2
[8.884s] Invoked command in '/home/UMRobotics/group12_ws/src/build/hello_moveit_ur' returned '2': CMAKE_PREFIX_PATH=${CMAKE_PREFIX_PATH}:/home/UMRobotics/moveit_ws/install/moveit_configs_utils:/opt/ros/jazzy DEBUGINFOD_URLS=https://debuginfod.ubuntu.com /usr/bin/cmake --build /home/UMRobotics/group12_ws/src/build/hello_moveit_ur -- -j16 -l16
