-- Install configuration: ""
-- Up-to-date: /home/UMRobotics/group12_ws/install/predefined_motion/share/ament_index/resource_index/package_run_dependencies/predefined_motion
-- Up-to-date: /home/UMRobotics/group12_ws/install/predefined_motion/share/ament_index/resource_index/parent_prefix_path/predefined_motion
-- Up-to-date: /home/UMRobotics/group12_ws/install/predefined_motion/share/predefined_motion/environment/ament_prefix_path.sh
-- Up-to-date: /home/UMRobotics/group12_ws/install/predefined_motion/share/predefined_motion/environment/ament_prefix_path.dsv
-- Up-to-date: /home/UMRobotics/group12_ws/install/predefined_motion/share/predefined_motion/environment/path.sh
-- Up-to-date: /home/UMRobotics/group12_ws/install/predefined_motion/share/predefined_motion/environment/path.dsv
-- Up-to-date: /home/UMRobotics/group12_ws/install/predefined_motion/share/predefined_motion/local_setup.bash
-- Up-to-date: /home/UMRobotics/group12_ws/install/predefined_motion/share/predefined_motion/local_setup.sh
-- Up-to-date: /home/UMRobotics/group12_ws/install/predefined_motion/share/predefined_motion/local_setup.zsh
-- Up-to-date: /home/UMRobotics/group12_ws/install/predefined_motion/share/predefined_motion/local_setup.dsv
-- Up-to-date: /home/UMRobotics/group12_ws/install/predefined_motion/share/predefined_motion/package.dsv
-- Up-to-date: /home/UMRobotics/group12_ws/install/predefined_motion/share/ament_index/resource_index/packages/predefined_motion
-- Up-to-date: /home/UMRobotics/group12_ws/install/predefined_motion/share/predefined_motion/cmake/predefined_motionConfig.cmake
-- Up-to-date: /home/UMRobotics/group12_ws/install/predefined_motion/share/predefined_motion/cmake/predefined_motionConfig-version.cmake
-- Up-to-date: /home/UMRobotics/group12_ws/install/predefined_motion/share/predefined_motion/package.xml
-- Up-to-date: /home/UMRobotics/group12_ws/install/predefined_motion/share/predefined_motion/launch
-- Up-to-date: /home/UMRobotics/group12_ws/install/predefined_motion/share/predefined_motion/launch/view_robot.launch.py
-- Up-to-date: /home/UMRobotics/group12_ws/install/predefined_motion/share/predefined_motion/srdf
-- Up-to-date: /home/UMRobotics/group12_ws/install/predefined_motion/share/predefined_motion/srdf/ur.srdf.xacro
