[0.012s] Invoking command in '/home/UMRobotics/group12_ws/build/my_robot_cell_description': CMAKE_PREFIX_PATH=${CMAKE_PREFIX_PATH}:/home/UMRobotics/moveit_ws/install/moveit_configs_utils:/opt/ros/jazzy DEBUGINFOD_URLS=https://debuginfod.ubuntu.com /usr/bin/cmake --build /home/UMRobotics/group12_ws/build/my_robot_cell_description -- -j16 -l16
[0.043s] Invoked command in '/home/UMRobotics/group12_ws/build/my_robot_cell_description' returned '0': CMAKE_PREFIX_PATH=${CMAKE_PREFIX_PATH}:/home/UMRobotics/moveit_ws/install/moveit_configs_utils:/opt/ros/jazzy DEBUGINFOD_URLS=https://debuginfod.ubuntu.com /usr/bin/cmake --build /home/UMRobotics/group12_ws/build/my_robot_cell_description -- -j16 -l16
[0.051s] Invoking command in '/home/UMRobotics/group12_ws/build/my_robot_cell_description': CMAKE_PREFIX_PATH=${CMAKE_PREFIX_PATH}:/home/UMRobotics/moveit_ws/install/moveit_configs_utils:/opt/ros/jazzy DEBUGINFOD_URLS=https://debuginfod.ubuntu.com /usr/bin/cmake --install /home/UMRobotics/group12_ws/build/my_robot_cell_description
[0.057s] -- Install configuration: ""
[0.057s] -- Up-to-date: /home/UMRobotics/group12_ws/install/my_robot_cell_description/share/ament_index/resource_index/package_run_dependencies/my_robot_cell_description
[0.057s] -- Up-to-date: /home/UMRobotics/group12_ws/install/my_robot_cell_description/share/ament_index/resource_index/parent_prefix_path/my_robot_cell_description
[0.057s] -- Up-to-date: /home/UMRobotics/group12_ws/install/my_robot_cell_description/share/my_robot_cell_description/environment/ament_prefix_path.sh
[0.057s] -- Up-to-date: /home/UMRobotics/group12_ws/install/my_robot_cell_description/share/my_robot_cell_description/environment/ament_prefix_path.dsv
[0.057s] -- Up-to-date: /home/UMRobotics/group12_ws/install/my_robot_cell_description/share/my_robot_cell_description/environment/path.sh
[0.057s] -- Up-to-date: /home/UMRobotics/group12_ws/install/my_robot_cell_description/share/my_robot_cell_description/environment/path.dsv
[0.057s] -- Up-to-date: /home/UMRobotics/group12_ws/install/my_robot_cell_description/share/my_robot_cell_description/local_setup.bash
[0.057s] -- Up-to-date: /home/UMRobotics/group12_ws/install/my_robot_cell_description/share/my_robot_cell_description/local_setup.sh
[0.058s] -- Up-to-date: /home/UMRobotics/group12_ws/install/my_robot_cell_description/share/my_robot_cell_description/local_setup.zsh
[0.058s] -- Up-to-date: /home/UMRobotics/group12_ws/install/my_robot_cell_description/share/my_robot_cell_description/local_setup.dsv
[0.058s] -- Installing: /home/UMRobotics/group12_ws/install/my_robot_cell_description/share/my_robot_cell_description/package.dsv
[0.058s] -- Up-to-date: /home/UMRobotics/group12_ws/install/my_robot_cell_description/share/ament_index/resource_index/packages/my_robot_cell_description
[0.058s] -- Up-to-date: /home/UMRobotics/group12_ws/install/my_robot_cell_description/share/my_robot_cell_description/cmake/my_robot_cell_descriptionConfig.cmake
[0.058s] -- Up-to-date: /home/UMRobotics/group12_ws/install/my_robot_cell_description/share/my_robot_cell_description/cmake/my_robot_cell_descriptionConfig-version.cmake
[0.058s] -- Up-to-date: /home/UMRobotics/group12_ws/install/my_robot_cell_description/share/my_robot_cell_description/package.xml
[0.058s] -- Up-to-date: /home/UMRobotics/group12_ws/install/my_robot_cell_description/share/my_robot_cell_description/launch
[0.058s] -- Up-to-date: /home/UMRobotics/group12_ws/install/my_robot_cell_description/share/my_robot_cell_description/launch/view_robot.launch.py
[0.058s] -- Up-to-date: /home/UMRobotics/group12_ws/install/my_robot_cell_description/share/my_robot_cell_description/srdf
[0.058s] -- Up-to-date: /home/UMRobotics/group12_ws/install/my_robot_cell_description/share/my_robot_cell_description/srdf/ur.srdf.xacro
[0.059s] Invoked command in '/home/UMRobotics/group12_ws/build/my_robot_cell_description' returned '0': CMAKE_PREFIX_PATH=${CMAKE_PREFIX_PATH}:/home/UMRobotics/moveit_ws/install/moveit_configs_utils:/opt/ros/jazzy DEBUGINFOD_URLS=https://debuginfod.ubuntu.com /usr/bin/cmake --install /home/UMRobotics/group12_ws/build/my_robot_cell_description
