[0.080s] DEBUG:colcon:Command line arguments: ['/usr/bin/colcon', 'build']
[0.080s] DEBUG:colcon:Parsed command line arguments: Namespace(log_base=None, log_level=None, verb_name='build', build_base='build', install_base='install', merge_install=False, symlink_install=False, test_result_base=None, continue_on_error=False, executor='parallel', parallel_workers=16, event_handlers=None, ignore_user_meta=False, metas=['./colcon.meta'], base_paths=['.'], packages_ignore=None, packages_ignore_regex=None, paths=None, packages_up_to=None, packages_up_to_regex=None, packages_above=None, packages_above_and_dependencies=None, packages_above_depth=None, packages_select_by_dep=None, packages_skip_by_dep=None, packages_skip_up_to=None, packages_select_build_failed=False, packages_skip_build_finished=False, packages_select_test_failures=False, packages_skip_test_passed=False, packages_select=None, packages_skip=None, packages_select_regex=None, packages_skip_regex=None, packages_start=None, packages_end=None, allow_overriding=[], cmake_args=None, cmake_target=None, cmake_target_skip_unavailable=False, cmake_clean_cache=False, cmake_clean_first=False, cmake_force_configure=False, ament_cmake_args=None, catkin_cmake_args=None, catkin_skip_building_tests=False, mixin_files=None, mixin=None, verb_parser=<colcon_mixin.mixin.mixin_argument.MixinArgumentDecorator object at 0x79e6c69dbe00>, verb_extension=<colcon_core.verb.build.BuildVerb object at 0x79e6c6975eb0>, main=<bound method BuildVerb.main of <colcon_core.verb.build.BuildVerb object at 0x79e6c6975eb0>>, mixin_verb=('build',))
[0.111s] Level 1:colcon.colcon_core.package_discovery:discover_packages(colcon_meta) check parameters
[0.111s] Level 1:colcon.colcon_core.package_discovery:discover_packages(recursive) check parameters
[0.111s] Level 1:colcon.colcon_core.package_discovery:discover_packages(ignore) check parameters
[0.111s] Level 1:colcon.colcon_core.package_discovery:discover_packages(path) check parameters
[0.111s] Level 1:colcon.colcon_core.package_discovery:discover_packages(colcon_meta) discover
[0.111s] Level 1:colcon.colcon_core.package_discovery:discover_packages(recursive) discover
[0.111s] INFO:colcon.colcon_core.package_discovery:Crawling recursively for packages in '/home/UMRobotics/group12_ws/src'
[0.111s] Level 1:colcon.colcon_core.package_identification:_identify(.) by extensions ['ignore', 'ignore_ament_install']
[0.111s] Level 1:colcon.colcon_core.package_identification:_identify(.) by extension 'ignore'
[0.111s] Level 1:colcon.colcon_core.package_identification:_identify(.) by extension 'ignore_ament_install'
[0.111s] Level 1:colcon.colcon_core.package_identification:_identify(.) by extensions ['colcon_pkg']
[0.111s] Level 1:colcon.colcon_core.package_identification:_identify(.) by extension 'colcon_pkg'
[0.111s] Level 1:colcon.colcon_core.package_identification:_identify(.) by extensions ['colcon_meta']
[0.111s] Level 1:colcon.colcon_core.package_identification:_identify(.) by extension 'colcon_meta'
[0.111s] Level 1:colcon.colcon_core.package_identification:_identify(.) by extensions ['ros']
[0.111s] Level 1:colcon.colcon_core.package_identification:_identify(.) by extension 'ros'
[0.126s] Level 1:colcon.colcon_core.package_identification:_identify(.) by extensions ['cmake', 'python']
[0.126s] Level 1:colcon.colcon_core.package_identification:_identify(.) by extension 'cmake'
[0.126s] Level 1:colcon.colcon_core.package_identification:_identify(.) by extension 'python'
[0.126s] Level 1:colcon.colcon_core.package_identification:_identify(.) by extensions ['python_setup_py']
[0.127s] Level 1:colcon.colcon_core.package_identification:_identify(.) by extension 'python_setup_py'
[0.127s] Level 1:colcon.colcon_core.package_identification:_identify(Universal_Robots_ROS2_Driver) by extensions ['ignore', 'ignore_ament_install']
[0.127s] Level 1:colcon.colcon_core.package_identification:_identify(Universal_Robots_ROS2_Driver) by extension 'ignore'
[0.127s] Level 1:colcon.colcon_core.package_identification:_identify(Universal_Robots_ROS2_Driver) by extension 'ignore_ament_install'
[0.127s] Level 1:colcon.colcon_core.package_identification:_identify(Universal_Robots_ROS2_Driver) by extensions ['colcon_pkg']
[0.127s] Level 1:colcon.colcon_core.package_identification:_identify(Universal_Robots_ROS2_Driver) by extension 'colcon_pkg'
[0.127s] Level 1:colcon.colcon_core.package_identification:_identify(Universal_Robots_ROS2_Driver) by extensions ['colcon_meta']
[0.127s] Level 1:colcon.colcon_core.package_identification:_identify(Universal_Robots_ROS2_Driver) by extension 'colcon_meta'
[0.127s] Level 1:colcon.colcon_core.package_identification:_identify(Universal_Robots_ROS2_Driver) by extensions ['ros']
[0.127s] Level 1:colcon.colcon_core.package_identification:_identify(Universal_Robots_ROS2_Driver) by extension 'ros'
[0.127s] Level 1:colcon.colcon_core.package_identification:_identify(Universal_Robots_ROS2_Driver) by extensions ['cmake', 'python']
[0.127s] Level 1:colcon.colcon_core.package_identification:_identify(Universal_Robots_ROS2_Driver) by extension 'cmake'
[0.127s] Level 1:colcon.colcon_core.package_identification:_identify(Universal_Robots_ROS2_Driver) by extension 'python'
[0.127s] Level 1:colcon.colcon_core.package_identification:_identify(Universal_Robots_ROS2_Driver) by extensions ['python_setup_py']
[0.127s] Level 1:colcon.colcon_core.package_identification:_identify(Universal_Robots_ROS2_Driver) by extension 'python_setup_py'
[0.127s] Level 1:colcon.colcon_core.package_identification:_identify(Universal_Robots_ROS2_Driver/ur) by extensions ['ignore', 'ignore_ament_install']
[0.127s] Level 1:colcon.colcon_core.package_identification:_identify(Universal_Robots_ROS2_Driver/ur) by extension 'ignore'
[0.127s] Level 1:colcon.colcon_core.package_identification:_identify(Universal_Robots_ROS2_Driver/ur) by extension 'ignore_ament_install'
[0.127s] Level 1:colcon.colcon_core.package_identification:_identify(Universal_Robots_ROS2_Driver/ur) by extensions ['colcon_pkg']
[0.127s] Level 1:colcon.colcon_core.package_identification:_identify(Universal_Robots_ROS2_Driver/ur) by extension 'colcon_pkg'
[0.127s] Level 1:colcon.colcon_core.package_identification:_identify(Universal_Robots_ROS2_Driver/ur) by extensions ['colcon_meta']
[0.127s] Level 1:colcon.colcon_core.package_identification:_identify(Universal_Robots_ROS2_Driver/ur) by extension 'colcon_meta'
[0.127s] Level 1:colcon.colcon_core.package_identification:_identify(Universal_Robots_ROS2_Driver/ur) by extensions ['ros']
[0.127s] Level 1:colcon.colcon_core.package_identification:_identify(Universal_Robots_ROS2_Driver/ur) by extension 'ros'
[0.129s] DEBUG:colcon.colcon_core.package_identification:Package 'Universal_Robots_ROS2_Driver/ur' with type 'ros.ament_cmake' and name 'ur'
[0.129s] Level 1:colcon.colcon_core.package_identification:_identify(Universal_Robots_ROS2_Driver/ur_bringup) by extensions ['ignore', 'ignore_ament_install']
[0.129s] Level 1:colcon.colcon_core.package_identification:_identify(Universal_Robots_ROS2_Driver/ur_bringup) by extension 'ignore'
[0.129s] Level 1:colcon.colcon_core.package_identification:_identify(Universal_Robots_ROS2_Driver/ur_bringup) by extension 'ignore_ament_install'
[0.129s] Level 1:colcon.colcon_core.package_identification:_identify(Universal_Robots_ROS2_Driver/ur_bringup) by extensions ['colcon_pkg']
[0.129s] Level 1:colcon.colcon_core.package_identification:_identify(Universal_Robots_ROS2_Driver/ur_bringup) by extension 'colcon_pkg'
[0.129s] Level 1:colcon.colcon_core.package_identification:_identify(Universal_Robots_ROS2_Driver/ur_bringup) by extensions ['colcon_meta']
[0.129s] Level 1:colcon.colcon_core.package_identification:_identify(Universal_Robots_ROS2_Driver/ur_bringup) by extension 'colcon_meta'
[0.129s] Level 1:colcon.colcon_core.package_identification:_identify(Universal_Robots_ROS2_Driver/ur_bringup) by extensions ['ros']
[0.129s] Level 1:colcon.colcon_core.package_identification:_identify(Universal_Robots_ROS2_Driver/ur_bringup) by extension 'ros'
[0.130s] DEBUG:colcon.colcon_core.package_identification:Package 'Universal_Robots_ROS2_Driver/ur_bringup' with type 'ros.ament_cmake' and name 'ur_bringup'
[0.130s] Level 1:colcon.colcon_core.package_identification:_identify(Universal_Robots_ROS2_Driver/ur_calibration) by extensions ['ignore', 'ignore_ament_install']
[0.130s] Level 1:colcon.colcon_core.package_identification:_identify(Universal_Robots_ROS2_Driver/ur_calibration) by extension 'ignore'
[0.130s] Level 1:colcon.colcon_core.package_identification:_identify(Universal_Robots_ROS2_Driver/ur_calibration) by extension 'ignore_ament_install'
[0.130s] Level 1:colcon.colcon_core.package_identification:_identify(Universal_Robots_ROS2_Driver/ur_calibration) by extensions ['colcon_pkg']
[0.130s] Level 1:colcon.colcon_core.package_identification:_identify(Universal_Robots_ROS2_Driver/ur_calibration) by extension 'colcon_pkg'
[0.130s] Level 1:colcon.colcon_core.package_identification:_identify(Universal_Robots_ROS2_Driver/ur_calibration) by extensions ['colcon_meta']
[0.130s] Level 1:colcon.colcon_core.package_identification:_identify(Universal_Robots_ROS2_Driver/ur_calibration) by extension 'colcon_meta'
[0.130s] Level 1:colcon.colcon_core.package_identification:_identify(Universal_Robots_ROS2_Driver/ur_calibration) by extensions ['ros']
[0.130s] Level 1:colcon.colcon_core.package_identification:_identify(Universal_Robots_ROS2_Driver/ur_calibration) by extension 'ros'
[0.130s] DEBUG:colcon.colcon_core.package_identification:Package 'Universal_Robots_ROS2_Driver/ur_calibration' with type 'ros.ament_cmake' and name 'ur_calibration'
[0.130s] Level 1:colcon.colcon_core.package_identification:_identify(Universal_Robots_ROS2_Driver/ur_controllers) by extensions ['ignore', 'ignore_ament_install']
[0.130s] Level 1:colcon.colcon_core.package_identification:_identify(Universal_Robots_ROS2_Driver/ur_controllers) by extension 'ignore'
[0.130s] Level 1:colcon.colcon_core.package_identification:_identify(Universal_Robots_ROS2_Driver/ur_controllers) by extension 'ignore_ament_install'
[0.131s] Level 1:colcon.colcon_core.package_identification:_identify(Universal_Robots_ROS2_Driver/ur_controllers) by extensions ['colcon_pkg']
[0.131s] Level 1:colcon.colcon_core.package_identification:_identify(Universal_Robots_ROS2_Driver/ur_controllers) by extension 'colcon_pkg'
[0.131s] Level 1:colcon.colcon_core.package_identification:_identify(Universal_Robots_ROS2_Driver/ur_controllers) by extensions ['colcon_meta']
[0.131s] Level 1:colcon.colcon_core.package_identification:_identify(Universal_Robots_ROS2_Driver/ur_controllers) by extension 'colcon_meta'
[0.131s] Level 1:colcon.colcon_core.package_identification:_identify(Universal_Robots_ROS2_Driver/ur_controllers) by extensions ['ros']
[0.131s] Level 1:colcon.colcon_core.package_identification:_identify(Universal_Robots_ROS2_Driver/ur_controllers) by extension 'ros'
[0.132s] DEBUG:colcon.colcon_core.package_identification:Package 'Universal_Robots_ROS2_Driver/ur_controllers' with type 'ros.ament_cmake' and name 'ur_controllers'
[0.132s] Level 1:colcon.colcon_core.package_identification:_identify(Universal_Robots_ROS2_Driver/ur_dashboard_msgs) by extensions ['ignore', 'ignore_ament_install']
[0.132s] Level 1:colcon.colcon_core.package_identification:_identify(Universal_Robots_ROS2_Driver/ur_dashboard_msgs) by extension 'ignore'
[0.132s] Level 1:colcon.colcon_core.package_identification:_identify(Universal_Robots_ROS2_Driver/ur_dashboard_msgs) by extension 'ignore_ament_install'
[0.132s] Level 1:colcon.colcon_core.package_identification:_identify(Universal_Robots_ROS2_Driver/ur_dashboard_msgs) by extensions ['colcon_pkg']
[0.132s] Level 1:colcon.colcon_core.package_identification:_identify(Universal_Robots_ROS2_Driver/ur_dashboard_msgs) by extension 'colcon_pkg'
[0.132s] Level 1:colcon.colcon_core.package_identification:_identify(Universal_Robots_ROS2_Driver/ur_dashboard_msgs) by extensions ['colcon_meta']
[0.132s] Level 1:colcon.colcon_core.package_identification:_identify(Universal_Robots_ROS2_Driver/ur_dashboard_msgs) by extension 'colcon_meta'
[0.132s] Level 1:colcon.colcon_core.package_identification:_identify(Universal_Robots_ROS2_Driver/ur_dashboard_msgs) by extensions ['ros']
[0.132s] Level 1:colcon.colcon_core.package_identification:_identify(Universal_Robots_ROS2_Driver/ur_dashboard_msgs) by extension 'ros'
[0.132s] DEBUG:colcon.colcon_core.package_identification:Package 'Universal_Robots_ROS2_Driver/ur_dashboard_msgs' with type 'ros.ament_cmake' and name 'ur_dashboard_msgs'
[0.132s] Level 1:colcon.colcon_core.package_identification:_identify(Universal_Robots_ROS2_Driver/ur_moveit_config) by extensions ['ignore', 'ignore_ament_install']
[0.132s] Level 1:colcon.colcon_core.package_identification:_identify(Universal_Robots_ROS2_Driver/ur_moveit_config) by extension 'ignore'
[0.133s] Level 1:colcon.colcon_core.package_identification:_identify(Universal_Robots_ROS2_Driver/ur_moveit_config) by extension 'ignore_ament_install'
[0.133s] Level 1:colcon.colcon_core.package_identification:_identify(Universal_Robots_ROS2_Driver/ur_moveit_config) by extensions ['colcon_pkg']
[0.133s] Level 1:colcon.colcon_core.package_identification:_identify(Universal_Robots_ROS2_Driver/ur_moveit_config) by extension 'colcon_pkg'
[0.133s] Level 1:colcon.colcon_core.package_identification:_identify(Universal_Robots_ROS2_Driver/ur_moveit_config) by extensions ['colcon_meta']
[0.133s] Level 1:colcon.colcon_core.package_identification:_identify(Universal_Robots_ROS2_Driver/ur_moveit_config) by extension 'colcon_meta'
[0.133s] Level 1:colcon.colcon_core.package_identification:_identify(Universal_Robots_ROS2_Driver/ur_moveit_config) by extensions ['ros']
[0.133s] Level 1:colcon.colcon_core.package_identification:_identify(Universal_Robots_ROS2_Driver/ur_moveit_config) by extension 'ros'
[0.133s] DEBUG:colcon.colcon_core.package_identification:Package 'Universal_Robots_ROS2_Driver/ur_moveit_config' with type 'ros.ament_cmake' and name 'ur_moveit_config'
[0.133s] Level 1:colcon.colcon_core.package_identification:_identify(Universal_Robots_ROS2_Driver/ur_robot_driver) by extensions ['ignore', 'ignore_ament_install']
[0.133s] Level 1:colcon.colcon_core.package_identification:_identify(Universal_Robots_ROS2_Driver/ur_robot_driver) by extension 'ignore'
[0.133s] Level 1:colcon.colcon_core.package_identification:_identify(Universal_Robots_ROS2_Driver/ur_robot_driver) by extension 'ignore_ament_install'
[0.133s] Level 1:colcon.colcon_core.package_identification:_identify(Universal_Robots_ROS2_Driver/ur_robot_driver) by extensions ['colcon_pkg']
[0.133s] Level 1:colcon.colcon_core.package_identification:_identify(Universal_Robots_ROS2_Driver/ur_robot_driver) by extension 'colcon_pkg'
[0.133s] Level 1:colcon.colcon_core.package_identification:_identify(Universal_Robots_ROS2_Driver/ur_robot_driver) by extensions ['colcon_meta']
[0.133s] Level 1:colcon.colcon_core.package_identification:_identify(Universal_Robots_ROS2_Driver/ur_robot_driver) by extension 'colcon_meta'
[0.133s] Level 1:colcon.colcon_core.package_identification:_identify(Universal_Robots_ROS2_Driver/ur_robot_driver) by extensions ['ros']
[0.133s] Level 1:colcon.colcon_core.package_identification:_identify(Universal_Robots_ROS2_Driver/ur_robot_driver) by extension 'ros'
[0.134s] DEBUG:colcon.colcon_core.package_identification:Package 'Universal_Robots_ROS2_Driver/ur_robot_driver' with type 'ros.ament_cmake' and name 'ur_robot_driver'
[0.134s] Level 1:colcon.colcon_core.package_identification:_identify(build) by extensions ['ignore', 'ignore_ament_install']
[0.135s] Level 1:colcon.colcon_core.package_identification:_identify(build) by extension 'ignore'
[0.135s] Level 1:colcon.colcon_core.package_identification:_identify(build) ignored
[0.135s] Level 1:colcon.colcon_core.package_identification:_identify(group_12_motion_planning) by extensions ['ignore', 'ignore_ament_install']
[0.135s] Level 1:colcon.colcon_core.package_identification:_identify(group_12_motion_planning) by extension 'ignore'
[0.135s] Level 1:colcon.colcon_core.package_identification:_identify(group_12_motion_planning) by extension 'ignore_ament_install'
[0.135s] Level 1:colcon.colcon_core.package_identification:_identify(group_12_motion_planning) by extensions ['colcon_pkg']
[0.135s] Level 1:colcon.colcon_core.package_identification:_identify(group_12_motion_planning) by extension 'colcon_pkg'
[0.135s] Level 1:colcon.colcon_core.package_identification:_identify(group_12_motion_planning) by extensions ['colcon_meta']
[0.135s] Level 1:colcon.colcon_core.package_identification:_identify(group_12_motion_planning) by extension 'colcon_meta'
[0.135s] Level 1:colcon.colcon_core.package_identification:_identify(group_12_motion_planning) by extensions ['ros']
[0.135s] Level 1:colcon.colcon_core.package_identification:_identify(group_12_motion_planning) by extension 'ros'
[0.135s] DEBUG:colcon.colcon_core.package_identification:Package 'group_12_motion_planning' with type 'ros.ament_cmake' and name 'group_12_motion_planning'
[0.135s] Level 1:colcon.colcon_core.package_identification:_identify(hello_moveit_ur) by extensions ['ignore', 'ignore_ament_install']
[0.135s] Level 1:colcon.colcon_core.package_identification:_identify(hello_moveit_ur) by extension 'ignore'
[0.135s] Level 1:colcon.colcon_core.package_identification:_identify(hello_moveit_ur) by extension 'ignore_ament_install'
[0.135s] Level 1:colcon.colcon_core.package_identification:_identify(hello_moveit_ur) by extensions ['colcon_pkg']
[0.135s] Level 1:colcon.colcon_core.package_identification:_identify(hello_moveit_ur) by extension 'colcon_pkg'
[0.135s] Level 1:colcon.colcon_core.package_identification:_identify(hello_moveit_ur) by extensions ['colcon_meta']
[0.136s] Level 1:colcon.colcon_core.package_identification:_identify(hello_moveit_ur) by extension 'colcon_meta'
[0.136s] Level 1:colcon.colcon_core.package_identification:_identify(hello_moveit_ur) by extensions ['ros']
[0.136s] Level 1:colcon.colcon_core.package_identification:_identify(hello_moveit_ur) by extension 'ros'
[0.136s] DEBUG:colcon.colcon_core.package_identification:Package 'hello_moveit_ur' with type 'ros.ament_cmake' and name 'hello_moveit_ur'
[0.136s] Level 1:colcon.colcon_core.package_identification:_identify(install) by extensions ['ignore', 'ignore_ament_install']
[0.136s] Level 1:colcon.colcon_core.package_identification:_identify(install) by extension 'ignore'
[0.136s] Level 1:colcon.colcon_core.package_identification:_identify(install) ignored
[0.136s] Level 1:colcon.colcon_core.package_identification:_identify(log) by extensions ['ignore', 'ignore_ament_install']
[0.136s] Level 1:colcon.colcon_core.package_identification:_identify(log) by extension 'ignore'
[0.136s] Level 1:colcon.colcon_core.package_identification:_identify(log) ignored
[0.136s] Level 1:colcon.colcon_core.package_identification:_identify(my_robot_cell_description) by extensions ['ignore', 'ignore_ament_install']
[0.136s] Level 1:colcon.colcon_core.package_identification:_identify(my_robot_cell_description) by extension 'ignore'
[0.136s] Level 1:colcon.colcon_core.package_identification:_identify(my_robot_cell_description) by extension 'ignore_ament_install'
[0.136s] Level 1:colcon.colcon_core.package_identification:_identify(my_robot_cell_description) by extensions ['colcon_pkg']
[0.136s] Level 1:colcon.colcon_core.package_identification:_identify(my_robot_cell_description) by extension 'colcon_pkg'
[0.136s] Level 1:colcon.colcon_core.package_identification:_identify(my_robot_cell_description) by extensions ['colcon_meta']
[0.136s] Level 1:colcon.colcon_core.package_identification:_identify(my_robot_cell_description) by extension 'colcon_meta'
[0.136s] Level 1:colcon.colcon_core.package_identification:_identify(my_robot_cell_description) by extensions ['ros']
[0.136s] Level 1:colcon.colcon_core.package_identification:_identify(my_robot_cell_description) by extension 'ros'
[0.137s] DEBUG:colcon.colcon_core.package_identification:Package 'my_robot_cell_description' with type 'ros.ament_cmake' and name 'my_robot_cell_description'
[0.137s] Level 1:colcon.colcon_core.package_identification:_identify(predefined_motion) by extensions ['ignore', 'ignore_ament_install']
[0.137s] Level 1:colcon.colcon_core.package_identification:_identify(predefined_motion) by extension 'ignore'
[0.137s] Level 1:colcon.colcon_core.package_identification:_identify(predefined_motion) by extension 'ignore_ament_install'
[0.137s] Level 1:colcon.colcon_core.package_identification:_identify(predefined_motion) by extensions ['colcon_pkg']
[0.137s] Level 1:colcon.colcon_core.package_identification:_identify(predefined_motion) by extension 'colcon_pkg'
[0.137s] Level 1:colcon.colcon_core.package_identification:_identify(predefined_motion) by extensions ['colcon_meta']
[0.137s] Level 1:colcon.colcon_core.package_identification:_identify(predefined_motion) by extension 'colcon_meta'
[0.137s] Level 1:colcon.colcon_core.package_identification:_identify(predefined_motion) by extensions ['ros']
[0.137s] Level 1:colcon.colcon_core.package_identification:_identify(predefined_motion) by extension 'ros'
[0.137s] DEBUG:colcon.colcon_core.package_identification:Package 'predefined_motion' with type 'ros.ament_cmake' and name 'predefined_motion'
[0.137s] Level 1:colcon.colcon_core.package_identification:_identify(test) by extensions ['ignore', 'ignore_ament_install']
[0.137s] Level 1:colcon.colcon_core.package_identification:_identify(test) by extension 'ignore'
[0.138s] Level 1:colcon.colcon_core.package_identification:_identify(test) by extension 'ignore_ament_install'
[0.138s] Level 1:colcon.colcon_core.package_identification:_identify(test) by extensions ['colcon_pkg']
[0.138s] Level 1:colcon.colcon_core.package_identification:_identify(test) by extension 'colcon_pkg'
[0.138s] Level 1:colcon.colcon_core.package_identification:_identify(test) by extensions ['colcon_meta']
[0.138s] Level 1:colcon.colcon_core.package_identification:_identify(test) by extension 'colcon_meta'
[0.138s] Level 1:colcon.colcon_core.package_identification:_identify(test) by extensions ['ros']
[0.138s] Level 1:colcon.colcon_core.package_identification:_identify(test) by extension 'ros'
[0.138s] Level 1:colcon.colcon_core.package_identification:_identify(test) by extensions ['cmake', 'python']
[0.138s] Level 1:colcon.colcon_core.package_identification:_identify(test) by extension 'cmake'
[0.138s] Level 1:colcon.colcon_core.package_identification:_identify(test) by extension 'python'
[0.138s] Level 1:colcon.colcon_core.package_identification:_identify(test) by extensions ['python_setup_py']
[0.138s] Level 1:colcon.colcon_core.package_identification:_identify(test) by extension 'python_setup_py'
[0.138s] Level 1:colcon.colcon_core.package_discovery:discover_packages(recursive) using defaults
[0.138s] Level 1:colcon.colcon_core.package_discovery:discover_packages(ignore) discover
[0.138s] Level 1:colcon.colcon_core.package_discovery:discover_packages(ignore) using defaults
[0.138s] Level 1:colcon.colcon_core.package_discovery:discover_packages(path) discover
[0.138s] Level 1:colcon.colcon_core.package_discovery:discover_packages(path) using defaults
[0.151s] Level 1:colcon.colcon_core.package_discovery:discover_packages(prefix_path) check parameters
[0.151s] Level 1:colcon.colcon_core.package_discovery:discover_packages(prefix_path) discover
[0.154s] DEBUG:colcon.colcon_installed_package_information.package_discovery:Found 71 installed packages in /home/UMRobotics/moveit_ws/install
[0.155s] DEBUG:colcon.colcon_installed_package_information.package_discovery:Found 445 installed packages in /opt/ros/jazzy
[0.157s] Level 1:colcon.colcon_core.package_discovery:discover_packages(prefix_path) using defaults
[0.201s] Level 5:colcon.colcon_core.verb:set package 'group_12_motion_planning' build argument 'cmake_args' from command line to 'None'
[0.201s] Level 5:colcon.colcon_core.verb:set package 'group_12_motion_planning' build argument 'cmake_target' from command line to 'None'
[0.201s] Level 5:colcon.colcon_core.verb:set package 'group_12_motion_planning' build argument 'cmake_target_skip_unavailable' from command line to 'False'
[0.201s] Level 5:colcon.colcon_core.verb:set package 'group_12_motion_planning' build argument 'cmake_clean_cache' from command line to 'False'
[0.201s] Level 5:colcon.colcon_core.verb:set package 'group_12_motion_planning' build argument 'cmake_clean_first' from command line to 'False'
[0.201s] Level 5:colcon.colcon_core.verb:set package 'group_12_motion_planning' build argument 'cmake_force_configure' from command line to 'False'
[0.201s] Level 5:colcon.colcon_core.verb:set package 'group_12_motion_planning' build argument 'ament_cmake_args' from command line to 'None'
[0.201s] Level 5:colcon.colcon_core.verb:set package 'group_12_motion_planning' build argument 'catkin_cmake_args' from command line to 'None'
[0.201s] Level 5:colcon.colcon_core.verb:set package 'group_12_motion_planning' build argument 'catkin_skip_building_tests' from command line to 'False'
[0.201s] DEBUG:colcon.colcon_core.verb:Building package 'group_12_motion_planning' with the following arguments: {'ament_cmake_args': None, 'build_base': '/home/UMRobotics/group12_ws/src/build/group_12_motion_planning', 'catkin_cmake_args': None, 'catkin_skip_building_tests': False, 'cmake_args': None, 'cmake_clean_cache': False, 'cmake_clean_first': False, 'cmake_force_configure': False, 'cmake_target': None, 'cmake_target_skip_unavailable': False, 'install_base': '/home/UMRobotics/group12_ws/src/install/group_12_motion_planning', 'merge_install': False, 'path': '/home/UMRobotics/group12_ws/src/group_12_motion_planning', 'symlink_install': False, 'test_result_base': None}
[0.201s] Level 5:colcon.colcon_core.verb:set package 'hello_moveit_ur' build argument 'cmake_args' from command line to 'None'
[0.201s] Level 5:colcon.colcon_core.verb:set package 'hello_moveit_ur' build argument 'cmake_target' from command line to 'None'
[0.201s] Level 5:colcon.colcon_core.verb:set package 'hello_moveit_ur' build argument 'cmake_target_skip_unavailable' from command line to 'False'
[0.201s] Level 5:colcon.colcon_core.verb:set package 'hello_moveit_ur' build argument 'cmake_clean_cache' from command line to 'False'
[0.201s] Level 5:colcon.colcon_core.verb:set package 'hello_moveit_ur' build argument 'cmake_clean_first' from command line to 'False'
[0.201s] Level 5:colcon.colcon_core.verb:set package 'hello_moveit_ur' build argument 'cmake_force_configure' from command line to 'False'
[0.201s] Level 5:colcon.colcon_core.verb:set package 'hello_moveit_ur' build argument 'ament_cmake_args' from command line to 'None'
[0.201s] Level 5:colcon.colcon_core.verb:set package 'hello_moveit_ur' build argument 'catkin_cmake_args' from command line to 'None'
[0.201s] Level 5:colcon.colcon_core.verb:set package 'hello_moveit_ur' build argument 'catkin_skip_building_tests' from command line to 'False'
[0.201s] DEBUG:colcon.colcon_core.verb:Building package 'hello_moveit_ur' with the following arguments: {'ament_cmake_args': None, 'build_base': '/home/UMRobotics/group12_ws/src/build/hello_moveit_ur', 'catkin_cmake_args': None, 'catkin_skip_building_tests': False, 'cmake_args': None, 'cmake_clean_cache': False, 'cmake_clean_first': False, 'cmake_force_configure': False, 'cmake_target': None, 'cmake_target_skip_unavailable': False, 'install_base': '/home/UMRobotics/group12_ws/src/install/hello_moveit_ur', 'merge_install': False, 'path': '/home/UMRobotics/group12_ws/src/hello_moveit_ur', 'symlink_install': False, 'test_result_base': None}
[0.201s] Level 5:colcon.colcon_core.verb:set package 'my_robot_cell_description' build argument 'cmake_args' from command line to 'None'
[0.201s] Level 5:colcon.colcon_core.verb:set package 'my_robot_cell_description' build argument 'cmake_target' from command line to 'None'
[0.201s] Level 5:colcon.colcon_core.verb:set package 'my_robot_cell_description' build argument 'cmake_target_skip_unavailable' from command line to 'False'
[0.202s] Level 5:colcon.colcon_core.verb:set package 'my_robot_cell_description' build argument 'cmake_clean_cache' from command line to 'False'
[0.202s] Level 5:colcon.colcon_core.verb:set package 'my_robot_cell_description' build argument 'cmake_clean_first' from command line to 'False'
[0.202s] Level 5:colcon.colcon_core.verb:set package 'my_robot_cell_description' build argument 'cmake_force_configure' from command line to 'False'
[0.202s] Level 5:colcon.colcon_core.verb:set package 'my_robot_cell_description' build argument 'ament_cmake_args' from command line to 'None'
[0.202s] Level 5:colcon.colcon_core.verb:set package 'my_robot_cell_description' build argument 'catkin_cmake_args' from command line to 'None'
[0.202s] Level 5:colcon.colcon_core.verb:set package 'my_robot_cell_description' build argument 'catkin_skip_building_tests' from command line to 'False'
[0.202s] DEBUG:colcon.colcon_core.verb:Building package 'my_robot_cell_description' with the following arguments: {'ament_cmake_args': None, 'build_base': '/home/UMRobotics/group12_ws/src/build/my_robot_cell_description', 'catkin_cmake_args': None, 'catkin_skip_building_tests': False, 'cmake_args': None, 'cmake_clean_cache': False, 'cmake_clean_first': False, 'cmake_force_configure': False, 'cmake_target': None, 'cmake_target_skip_unavailable': False, 'install_base': '/home/UMRobotics/group12_ws/src/install/my_robot_cell_description', 'merge_install': False, 'path': '/home/UMRobotics/group12_ws/src/my_robot_cell_description', 'symlink_install': False, 'test_result_base': None}
[0.202s] Level 5:colcon.colcon_core.verb:set package 'predefined_motion' build argument 'cmake_args' from command line to 'None'
[0.202s] Level 5:colcon.colcon_core.verb:set package 'predefined_motion' build argument 'cmake_target' from command line to 'None'
[0.202s] Level 5:colcon.colcon_core.verb:set package 'predefined_motion' build argument 'cmake_target_skip_unavailable' from command line to 'False'
[0.202s] Level 5:colcon.colcon_core.verb:set package 'predefined_motion' build argument 'cmake_clean_cache' from command line to 'False'
[0.202s] Level 5:colcon.colcon_core.verb:set package 'predefined_motion' build argument 'cmake_clean_first' from command line to 'False'
[0.202s] Level 5:colcon.colcon_core.verb:set package 'predefined_motion' build argument 'cmake_force_configure' from command line to 'False'
[0.202s] Level 5:colcon.colcon_core.verb:set package 'predefined_motion' build argument 'ament_cmake_args' from command line to 'None'
[0.202s] Level 5:colcon.colcon_core.verb:set package 'predefined_motion' build argument 'catkin_cmake_args' from command line to 'None'
[0.202s] Level 5:colcon.colcon_core.verb:set package 'predefined_motion' build argument 'catkin_skip_building_tests' from command line to 'False'
[0.202s] DEBUG:colcon.colcon_core.verb:Building package 'predefined_motion' with the following arguments: {'ament_cmake_args': None, 'build_base': '/home/UMRobotics/group12_ws/src/build/predefined_motion', 'catkin_cmake_args': None, 'catkin_skip_building_tests': False, 'cmake_args': None, 'cmake_clean_cache': False, 'cmake_clean_first': False, 'cmake_force_configure': False, 'cmake_target': None, 'cmake_target_skip_unavailable': False, 'install_base': '/home/UMRobotics/group12_ws/src/install/predefined_motion', 'merge_install': False, 'path': '/home/UMRobotics/group12_ws/src/predefined_motion', 'symlink_install': False, 'test_result_base': None}
[0.202s] Level 5:colcon.colcon_core.verb:set package 'ur_dashboard_msgs' build argument 'cmake_args' from command line to 'None'
[0.202s] Level 5:colcon.colcon_core.verb:set package 'ur_dashboard_msgs' build argument 'cmake_target' from command line to 'None'
[0.202s] Level 5:colcon.colcon_core.verb:set package 'ur_dashboard_msgs' build argument 'cmake_target_skip_unavailable' from command line to 'False'
[0.202s] Level 5:colcon.colcon_core.verb:set package 'ur_dashboard_msgs' build argument 'cmake_clean_cache' from command line to 'False'
[0.202s] Level 5:colcon.colcon_core.verb:set package 'ur_dashboard_msgs' build argument 'cmake_clean_first' from command line to 'False'
[0.202s] Level 5:colcon.colcon_core.verb:set package 'ur_dashboard_msgs' build argument 'cmake_force_configure' from command line to 'False'
[0.202s] Level 5:colcon.colcon_core.verb:set package 'ur_dashboard_msgs' build argument 'ament_cmake_args' from command line to 'None'
[0.202s] Level 5:colcon.colcon_core.verb:set package 'ur_dashboard_msgs' build argument 'catkin_cmake_args' from command line to 'None'
[0.202s] Level 5:colcon.colcon_core.verb:set package 'ur_dashboard_msgs' build argument 'catkin_skip_building_tests' from command line to 'False'
[0.202s] DEBUG:colcon.colcon_core.verb:Building package 'ur_dashboard_msgs' with the following arguments: {'ament_cmake_args': None, 'build_base': '/home/UMRobotics/group12_ws/src/build/ur_dashboard_msgs', 'catkin_cmake_args': None, 'catkin_skip_building_tests': False, 'cmake_args': None, 'cmake_clean_cache': False, 'cmake_clean_first': False, 'cmake_force_configure': False, 'cmake_target': None, 'cmake_target_skip_unavailable': False, 'install_base': '/home/UMRobotics/group12_ws/src/install/ur_dashboard_msgs', 'merge_install': False, 'path': '/home/UMRobotics/group12_ws/src/Universal_Robots_ROS2_Driver/ur_dashboard_msgs', 'symlink_install': False, 'test_result_base': None}
[0.202s] Level 5:colcon.colcon_core.verb:set package 'ur_moveit_config' build argument 'cmake_args' from command line to 'None'
[0.202s] Level 5:colcon.colcon_core.verb:set package 'ur_moveit_config' build argument 'cmake_target' from command line to 'None'
[0.202s] Level 5:colcon.colcon_core.verb:set package 'ur_moveit_config' build argument 'cmake_target_skip_unavailable' from command line to 'False'
[0.202s] Level 5:colcon.colcon_core.verb:set package 'ur_moveit_config' build argument 'cmake_clean_cache' from command line to 'False'
[0.202s] Level 5:colcon.colcon_core.verb:set package 'ur_moveit_config' build argument 'cmake_clean_first' from command line to 'False'
[0.202s] Level 5:colcon.colcon_core.verb:set package 'ur_moveit_config' build argument 'cmake_force_configure' from command line to 'False'
[0.202s] Level 5:colcon.colcon_core.verb:set package 'ur_moveit_config' build argument 'ament_cmake_args' from command line to 'None'
[0.202s] Level 5:colcon.colcon_core.verb:set package 'ur_moveit_config' build argument 'catkin_cmake_args' from command line to 'None'
[0.202s] Level 5:colcon.colcon_core.verb:set package 'ur_moveit_config' build argument 'catkin_skip_building_tests' from command line to 'False'
[0.202s] DEBUG:colcon.colcon_core.verb:Building package 'ur_moveit_config' with the following arguments: {'ament_cmake_args': None, 'build_base': '/home/UMRobotics/group12_ws/src/build/ur_moveit_config', 'catkin_cmake_args': None, 'catkin_skip_building_tests': False, 'cmake_args': None, 'cmake_clean_cache': False, 'cmake_clean_first': False, 'cmake_force_configure': False, 'cmake_target': None, 'cmake_target_skip_unavailable': False, 'install_base': '/home/UMRobotics/group12_ws/src/install/ur_moveit_config', 'merge_install': False, 'path': '/home/UMRobotics/group12_ws/src/Universal_Robots_ROS2_Driver/ur_moveit_config', 'symlink_install': False, 'test_result_base': None}
[0.203s] Level 5:colcon.colcon_core.verb:set package 'ur_controllers' build argument 'cmake_args' from command line to 'None'
[0.203s] Level 5:colcon.colcon_core.verb:set package 'ur_controllers' build argument 'cmake_target' from command line to 'None'
[0.203s] Level 5:colcon.colcon_core.verb:set package 'ur_controllers' build argument 'cmake_target_skip_unavailable' from command line to 'False'
[0.203s] Level 5:colcon.colcon_core.verb:set package 'ur_controllers' build argument 'cmake_clean_cache' from command line to 'False'
[0.203s] Level 5:colcon.colcon_core.verb:set package 'ur_controllers' build argument 'cmake_clean_first' from command line to 'False'
[0.203s] Level 5:colcon.colcon_core.verb:set package 'ur_controllers' build argument 'cmake_force_configure' from command line to 'False'
[0.203s] Level 5:colcon.colcon_core.verb:set package 'ur_controllers' build argument 'ament_cmake_args' from command line to 'None'
[0.203s] Level 5:colcon.colcon_core.verb:set package 'ur_controllers' build argument 'catkin_cmake_args' from command line to 'None'
[0.203s] Level 5:colcon.colcon_core.verb:set package 'ur_controllers' build argument 'catkin_skip_building_tests' from command line to 'False'
[0.203s] DEBUG:colcon.colcon_core.verb:Building package 'ur_controllers' with the following arguments: {'ament_cmake_args': None, 'build_base': '/home/UMRobotics/group12_ws/src/build/ur_controllers', 'catkin_cmake_args': None, 'catkin_skip_building_tests': False, 'cmake_args': None, 'cmake_clean_cache': False, 'cmake_clean_first': False, 'cmake_force_configure': False, 'cmake_target': None, 'cmake_target_skip_unavailable': False, 'install_base': '/home/UMRobotics/group12_ws/src/install/ur_controllers', 'merge_install': False, 'path': '/home/UMRobotics/group12_ws/src/Universal_Robots_ROS2_Driver/ur_controllers', 'symlink_install': False, 'test_result_base': None}
[0.203s] Level 5:colcon.colcon_core.verb:set package 'ur_bringup' build argument 'cmake_args' from command line to 'None'
[0.203s] Level 5:colcon.colcon_core.verb:set package 'ur_bringup' build argument 'cmake_target' from command line to 'None'
[0.203s] Level 5:colcon.colcon_core.verb:set package 'ur_bringup' build argument 'cmake_target_skip_unavailable' from command line to 'False'
[0.203s] Level 5:colcon.colcon_core.verb:set package 'ur_bringup' build argument 'cmake_clean_cache' from command line to 'False'
[0.203s] Level 5:colcon.colcon_core.verb:set package 'ur_bringup' build argument 'cmake_clean_first' from command line to 'False'
[0.203s] Level 5:colcon.colcon_core.verb:set package 'ur_bringup' build argument 'cmake_force_configure' from command line to 'False'
[0.203s] Level 5:colcon.colcon_core.verb:set package 'ur_bringup' build argument 'ament_cmake_args' from command line to 'None'
[0.203s] Level 5:colcon.colcon_core.verb:set package 'ur_bringup' build argument 'catkin_cmake_args' from command line to 'None'
[0.203s] Level 5:colcon.colcon_core.verb:set package 'ur_bringup' build argument 'catkin_skip_building_tests' from command line to 'False'
[0.203s] DEBUG:colcon.colcon_core.verb:Building package 'ur_bringup' with the following arguments: {'ament_cmake_args': None, 'build_base': '/home/UMRobotics/group12_ws/src/build/ur_bringup', 'catkin_cmake_args': None, 'catkin_skip_building_tests': False, 'cmake_args': None, 'cmake_clean_cache': False, 'cmake_clean_first': False, 'cmake_force_configure': False, 'cmake_target': None, 'cmake_target_skip_unavailable': False, 'install_base': '/home/UMRobotics/group12_ws/src/install/ur_bringup', 'merge_install': False, 'path': '/home/UMRobotics/group12_ws/src/Universal_Robots_ROS2_Driver/ur_bringup', 'symlink_install': False, 'test_result_base': None}
[0.203s] Level 5:colcon.colcon_core.verb:set package 'ur_robot_driver' build argument 'cmake_args' from command line to 'None'
[0.203s] Level 5:colcon.colcon_core.verb:set package 'ur_robot_driver' build argument 'cmake_target' from command line to 'None'
[0.203s] Level 5:colcon.colcon_core.verb:set package 'ur_robot_driver' build argument 'cmake_target_skip_unavailable' from command line to 'False'
[0.203s] Level 5:colcon.colcon_core.verb:set package 'ur_robot_driver' build argument 'cmake_clean_cache' from command line to 'False'
[0.203s] Level 5:colcon.colcon_core.verb:set package 'ur_robot_driver' build argument 'cmake_clean_first' from command line to 'False'
[0.203s] Level 5:colcon.colcon_core.verb:set package 'ur_robot_driver' build argument 'cmake_force_configure' from command line to 'False'
[0.203s] Level 5:colcon.colcon_core.verb:set package 'ur_robot_driver' build argument 'ament_cmake_args' from command line to 'None'
[0.203s] Level 5:colcon.colcon_core.verb:set package 'ur_robot_driver' build argument 'catkin_cmake_args' from command line to 'None'
[0.203s] Level 5:colcon.colcon_core.verb:set package 'ur_robot_driver' build argument 'catkin_skip_building_tests' from command line to 'False'
[0.203s] DEBUG:colcon.colcon_core.verb:Building package 'ur_robot_driver' with the following arguments: {'ament_cmake_args': None, 'build_base': '/home/UMRobotics/group12_ws/src/build/ur_robot_driver', 'catkin_cmake_args': None, 'catkin_skip_building_tests': False, 'cmake_args': None, 'cmake_clean_cache': False, 'cmake_clean_first': False, 'cmake_force_configure': False, 'cmake_target': None, 'cmake_target_skip_unavailable': False, 'install_base': '/home/UMRobotics/group12_ws/src/install/ur_robot_driver', 'merge_install': False, 'path': '/home/UMRobotics/group12_ws/src/Universal_Robots_ROS2_Driver/ur_robot_driver', 'symlink_install': False, 'test_result_base': None}
[0.203s] Level 5:colcon.colcon_core.verb:set package 'ur_calibration' build argument 'cmake_args' from command line to 'None'
[0.203s] Level 5:colcon.colcon_core.verb:set package 'ur_calibration' build argument 'cmake_target' from command line to 'None'
[0.203s] Level 5:colcon.colcon_core.verb:set package 'ur_calibration' build argument 'cmake_target_skip_unavailable' from command line to 'False'
[0.203s] Level 5:colcon.colcon_core.verb:set package 'ur_calibration' build argument 'cmake_clean_cache' from command line to 'False'
[0.203s] Level 5:colcon.colcon_core.verb:set package 'ur_calibration' build argument 'cmake_clean_first' from command line to 'False'
[0.203s] Level 5:colcon.colcon_core.verb:set package 'ur_calibration' build argument 'cmake_force_configure' from command line to 'False'
[0.203s] Level 5:colcon.colcon_core.verb:set package 'ur_calibration' build argument 'ament_cmake_args' from command line to 'None'
[0.203s] Level 5:colcon.colcon_core.verb:set package 'ur_calibration' build argument 'catkin_cmake_args' from command line to 'None'
[0.203s] Level 5:colcon.colcon_core.verb:set package 'ur_calibration' build argument 'catkin_skip_building_tests' from command line to 'False'
[0.203s] DEBUG:colcon.colcon_core.verb:Building package 'ur_calibration' with the following arguments: {'ament_cmake_args': None, 'build_base': '/home/UMRobotics/group12_ws/src/build/ur_calibration', 'catkin_cmake_args': None, 'catkin_skip_building_tests': False, 'cmake_args': None, 'cmake_clean_cache': False, 'cmake_clean_first': False, 'cmake_force_configure': False, 'cmake_target': None, 'cmake_target_skip_unavailable': False, 'install_base': '/home/UMRobotics/group12_ws/src/install/ur_calibration', 'merge_install': False, 'path': '/home/UMRobotics/group12_ws/src/Universal_Robots_ROS2_Driver/ur_calibration', 'symlink_install': False, 'test_result_base': None}
[0.204s] Level 5:colcon.colcon_core.verb:set package 'ur' build argument 'cmake_args' from command line to 'None'
[0.204s] Level 5:colcon.colcon_core.verb:set package 'ur' build argument 'cmake_target' from command line to 'None'
[0.204s] Level 5:colcon.colcon_core.verb:set package 'ur' build argument 'cmake_target_skip_unavailable' from command line to 'False'
[0.204s] Level 5:colcon.colcon_core.verb:set package 'ur' build argument 'cmake_clean_cache' from command line to 'False'
[0.204s] Level 5:colcon.colcon_core.verb:set package 'ur' build argument 'cmake_clean_first' from command line to 'False'
[0.204s] Level 5:colcon.colcon_core.verb:set package 'ur' build argument 'cmake_force_configure' from command line to 'False'
[0.204s] Level 5:colcon.colcon_core.verb:set package 'ur' build argument 'ament_cmake_args' from command line to 'None'
[0.204s] Level 5:colcon.colcon_core.verb:set package 'ur' build argument 'catkin_cmake_args' from command line to 'None'
[0.204s] Level 5:colcon.colcon_core.verb:set package 'ur' build argument 'catkin_skip_building_tests' from command line to 'False'
[0.204s] DEBUG:colcon.colcon_core.verb:Building package 'ur' with the following arguments: {'ament_cmake_args': None, 'build_base': '/home/UMRobotics/group12_ws/src/build/ur', 'catkin_cmake_args': None, 'catkin_skip_building_tests': False, 'cmake_args': None, 'cmake_clean_cache': False, 'cmake_clean_first': False, 'cmake_force_configure': False, 'cmake_target': None, 'cmake_target_skip_unavailable': False, 'install_base': '/home/UMRobotics/group12_ws/src/install/ur', 'merge_install': False, 'path': '/home/UMRobotics/group12_ws/src/Universal_Robots_ROS2_Driver/ur', 'symlink_install': False, 'test_result_base': None}
[0.204s] INFO:colcon.colcon_core.executor:Executing jobs using 'parallel' executor
[0.205s] DEBUG:colcon.colcon_parallel_executor.executor.parallel:run_until_complete
[0.205s] INFO:colcon.colcon_ros.task.ament_cmake.build:Building ROS package in '/home/UMRobotics/group12_ws/src/Universal_Robots_ROS2_Driver/ur_dashboard_msgs' with build type 'ament_cmake'
[0.205s] INFO:colcon.colcon_cmake.task.cmake.build:Building CMake package in '/home/UMRobotics/group12_ws/src/Universal_Robots_ROS2_Driver/ur_dashboard_msgs'
[0.206s] INFO:colcon.colcon_core.plugin_system:Skipping extension 'colcon_core.shell.bat': Not used on non-Windows systems
[0.206s] INFO:colcon.colcon_core.shell:Skip shell extension 'powershell' for command environment: Not usable outside of PowerShell
[0.206s] DEBUG:colcon.colcon_core.shell:Skip shell extension 'dsv' for command environment
[0.211s] INFO:colcon.colcon_ros.task.ament_cmake.build:Building ROS package in '/home/UMRobotics/group12_ws/src/Universal_Robots_ROS2_Driver/ur_moveit_config' with build type 'ament_cmake'
[0.211s] INFO:colcon.colcon_cmake.task.cmake.build:Building CMake package in '/home/UMRobotics/group12_ws/src/Universal_Robots_ROS2_Driver/ur_moveit_config'
[0.211s] INFO:colcon.colcon_core.shell:Skip shell extension 'powershell' for command environment: Not usable outside of PowerShell
[0.211s] DEBUG:colcon.colcon_core.shell:Skip shell extension 'dsv' for command environment
[0.215s] INFO:colcon.colcon_ros.task.ament_cmake.build:Building ROS package in '/home/UMRobotics/group12_ws/src/group_12_motion_planning' with build type 'ament_cmake'
[0.215s] INFO:colcon.colcon_cmake.task.cmake.build:Building CMake package in '/home/UMRobotics/group12_ws/src/group_12_motion_planning'
[0.215s] INFO:colcon.colcon_core.shell:Skip shell extension 'powershell' for command environment: Not usable outside of PowerShell
[0.215s] DEBUG:colcon.colcon_core.shell:Skip shell extension 'dsv' for command environment
[0.220s] INFO:colcon.colcon_ros.task.ament_cmake.build:Building ROS package in '/home/UMRobotics/group12_ws/src/hello_moveit_ur' with build type 'ament_cmake'
[0.220s] INFO:colcon.colcon_cmake.task.cmake.build:Building CMake package in '/home/UMRobotics/group12_ws/src/hello_moveit_ur'
[0.220s] INFO:colcon.colcon_core.shell:Skip shell extension 'powershell' for command environment: Not usable outside of PowerShell
[0.220s] DEBUG:colcon.colcon_core.shell:Skip shell extension 'dsv' for command environment
[0.224s] INFO:colcon.colcon_ros.task.ament_cmake.build:Building ROS package in '/home/UMRobotics/group12_ws/src/my_robot_cell_description' with build type 'ament_cmake'
[0.224s] INFO:colcon.colcon_cmake.task.cmake.build:Building CMake package in '/home/UMRobotics/group12_ws/src/my_robot_cell_description'
[0.224s] INFO:colcon.colcon_core.shell:Skip shell extension 'powershell' for command environment: Not usable outside of PowerShell
[0.224s] DEBUG:colcon.colcon_core.shell:Skip shell extension 'dsv' for command environment
[0.229s] INFO:colcon.colcon_ros.task.ament_cmake.build:Building ROS package in '/home/UMRobotics/group12_ws/src/predefined_motion' with build type 'ament_cmake'
[0.229s] INFO:colcon.colcon_cmake.task.cmake.build:Building CMake package in '/home/UMRobotics/group12_ws/src/predefined_motion'
[0.229s] INFO:colcon.colcon_core.shell:Skip shell extension 'powershell' for command environment: Not usable outside of PowerShell
[0.229s] DEBUG:colcon.colcon_core.shell:Skip shell extension 'dsv' for command environment
[0.236s] DEBUG:colcon.colcon_core.event_handler.log_command:Invoking command in '/home/UMRobotics/group12_ws/src/build/ur_dashboard_msgs': CMAKE_PREFIX_PATH=${CMAKE_PREFIX_PATH}:/home/UMRobotics/moveit_ws/install/moveit_configs_utils:/opt/ros/jazzy DEBUGINFOD_URLS=https://debuginfod.ubuntu.com /usr/bin/cmake /home/UMRobotics/group12_ws/src/Universal_Robots_ROS2_Driver/ur_dashboard_msgs -DCMAKE_INSTALL_PREFIX=/home/UMRobotics/group12_ws/src/install/ur_dashboard_msgs
[0.237s] DEBUG:colcon.colcon_core.event_handler.log_command:Invoking command in '/home/UMRobotics/group12_ws/src/build/ur_moveit_config': CMAKE_PREFIX_PATH=${CMAKE_PREFIX_PATH}:/home/UMRobotics/moveit_ws/install/moveit_configs_utils:/opt/ros/jazzy DEBUGINFOD_URLS=https://debuginfod.ubuntu.com /usr/bin/cmake /home/UMRobotics/group12_ws/src/Universal_Robots_ROS2_Driver/ur_moveit_config -DCMAKE_INSTALL_PREFIX=/home/UMRobotics/group12_ws/src/install/ur_moveit_config
[0.239s] DEBUG:colcon.colcon_core.event_handler.log_command:Invoking command in '/home/UMRobotics/group12_ws/src/build/group_12_motion_planning': CMAKE_PREFIX_PATH=${CMAKE_PREFIX_PATH}:/home/UMRobotics/moveit_ws/install/moveit_configs_utils:/opt/ros/jazzy DEBUGINFOD_URLS=https://debuginfod.ubuntu.com /usr/bin/cmake /home/UMRobotics/group12_ws/src/group_12_motion_planning -DCMAKE_INSTALL_PREFIX=/home/UMRobotics/group12_ws/src/install/group_12_motion_planning
[0.240s] DEBUG:colcon.colcon_core.event_handler.log_command:Invoking command in '/home/UMRobotics/group12_ws/src/build/hello_moveit_ur': CMAKE_PREFIX_PATH=${CMAKE_PREFIX_PATH}:/home/UMRobotics/moveit_ws/install/moveit_configs_utils:/opt/ros/jazzy DEBUGINFOD_URLS=https://debuginfod.ubuntu.com /usr/bin/cmake /home/UMRobotics/group12_ws/src/hello_moveit_ur -DCMAKE_INSTALL_PREFIX=/home/UMRobotics/group12_ws/src/install/hello_moveit_ur
[0.241s] DEBUG:colcon.colcon_core.event_handler.log_command:Invoking command in '/home/UMRobotics/group12_ws/src/build/my_robot_cell_description': CMAKE_PREFIX_PATH=${CMAKE_PREFIX_PATH}:/home/UMRobotics/moveit_ws/install/moveit_configs_utils:/opt/ros/jazzy DEBUGINFOD_URLS=https://debuginfod.ubuntu.com /usr/bin/cmake /home/UMRobotics/group12_ws/src/my_robot_cell_description -DCMAKE_INSTALL_PREFIX=/home/UMRobotics/group12_ws/src/install/my_robot_cell_description
[0.244s] DEBUG:colcon.colcon_core.event_handler.log_command:Invoking command in '/home/UMRobotics/group12_ws/src/build/predefined_motion': CMAKE_PREFIX_PATH=${CMAKE_PREFIX_PATH}:/home/UMRobotics/moveit_ws/install/moveit_configs_utils:/opt/ros/jazzy DEBUGINFOD_URLS=https://debuginfod.ubuntu.com /usr/bin/cmake /home/UMRobotics/group12_ws/src/predefined_motion -DCMAKE_INSTALL_PREFIX=/home/UMRobotics/group12_ws/src/install/predefined_motion
[0.979s] DEBUG:colcon.colcon_core.event_handler.log_command:Invoked command in '/home/UMRobotics/group12_ws/src/build/ur_moveit_config' returned '0': CMAKE_PREFIX_PATH=${CMAKE_PREFIX_PATH}:/home/UMRobotics/moveit_ws/install/moveit_configs_utils:/opt/ros/jazzy DEBUGINFOD_URLS=https://debuginfod.ubuntu.com /usr/bin/cmake /home/UMRobotics/group12_ws/src/Universal_Robots_ROS2_Driver/ur_moveit_config -DCMAKE_INSTALL_PREFIX=/home/UMRobotics/group12_ws/src/install/ur_moveit_config
[0.980s] DEBUG:colcon.colcon_core.event_handler.log_command:Invoking command in '/home/UMRobotics/group12_ws/src/build/ur_moveit_config': CMAKE_PREFIX_PATH=${CMAKE_PREFIX_PATH}:/home/UMRobotics/moveit_ws/install/moveit_configs_utils:/opt/ros/jazzy DEBUGINFOD_URLS=https://debuginfod.ubuntu.com /usr/bin/cmake --build /home/UMRobotics/group12_ws/src/build/ur_moveit_config -- -j16 -l16
[1.366s] DEBUG:colcon.colcon_core.event_handler.log_command:Invoked command in '/home/UMRobotics/group12_ws/src/build/ur_moveit_config' returned '0': CMAKE_PREFIX_PATH=${CMAKE_PREFIX_PATH}:/home/UMRobotics/moveit_ws/install/moveit_configs_utils:/opt/ros/jazzy DEBUGINFOD_URLS=https://debuginfod.ubuntu.com /usr/bin/cmake --build /home/UMRobotics/group12_ws/src/build/ur_moveit_config -- -j16 -l16
[1.376s] DEBUG:colcon.colcon_core.event_handler.log_command:Invoking command in '/home/UMRobotics/group12_ws/src/build/ur_moveit_config': CMAKE_PREFIX_PATH=${CMAKE_PREFIX_PATH}:/home/UMRobotics/moveit_ws/install/moveit_configs_utils:/opt/ros/jazzy DEBUGINFOD_URLS=https://debuginfod.ubuntu.com /usr/bin/cmake --install /home/UMRobotics/group12_ws/src/build/ur_moveit_config
[1.445s] DEBUG:colcon.colcon_core.event_handler.log_command:Invoked command in '/home/UMRobotics/group12_ws/src/build/predefined_motion' returned '0': CMAKE_PREFIX_PATH=${CMAKE_PREFIX_PATH}:/home/UMRobotics/moveit_ws/install/moveit_configs_utils:/opt/ros/jazzy DEBUGINFOD_URLS=https://debuginfod.ubuntu.com /usr/bin/cmake /home/UMRobotics/group12_ws/src/predefined_motion -DCMAKE_INSTALL_PREFIX=/home/UMRobotics/group12_ws/src/install/predefined_motion
[1.446s] DEBUG:colcon.colcon_core.event_handler.log_command:Invoking command in '/home/UMRobotics/group12_ws/src/build/predefined_motion': CMAKE_PREFIX_PATH=${CMAKE_PREFIX_PATH}:/home/UMRobotics/moveit_ws/install/moveit_configs_utils:/opt/ros/jazzy DEBUGINFOD_URLS=https://debuginfod.ubuntu.com /usr/bin/cmake --build /home/UMRobotics/group12_ws/src/build/predefined_motion -- -j16 -l16
[1.448s] DEBUG:colcon.colcon_core.event_handler.log_command:Invoked command in '/home/UMRobotics/group12_ws/src/build/my_robot_cell_description' returned '0': CMAKE_PREFIX_PATH=${CMAKE_PREFIX_PATH}:/home/UMRobotics/moveit_ws/install/moveit_configs_utils:/opt/ros/jazzy DEBUGINFOD_URLS=https://debuginfod.ubuntu.com /usr/bin/cmake /home/UMRobotics/group12_ws/src/my_robot_cell_description -DCMAKE_INSTALL_PREFIX=/home/UMRobotics/group12_ws/src/install/my_robot_cell_description
[1.449s] DEBUG:colcon.colcon_core.event_handler.log_command:Invoking command in '/home/UMRobotics/group12_ws/src/build/my_robot_cell_description': CMAKE_PREFIX_PATH=${CMAKE_PREFIX_PATH}:/home/UMRobotics/moveit_ws/install/moveit_configs_utils:/opt/ros/jazzy DEBUGINFOD_URLS=https://debuginfod.ubuntu.com /usr/bin/cmake --build /home/UMRobotics/group12_ws/src/build/my_robot_cell_description -- -j16 -l16
[1.455s] Level 1:colcon.colcon_core.environment:create_environment_scripts_only(ur_moveit_config)
[1.455s] DEBUG:colcon.colcon_core.event_handler.log_command:Invoked command in '/home/UMRobotics/group12_ws/src/build/ur_moveit_config' returned '0': CMAKE_PREFIX_PATH=${CMAKE_PREFIX_PATH}:/home/UMRobotics/moveit_ws/install/moveit_configs_utils:/opt/ros/jazzy DEBUGINFOD_URLS=https://debuginfod.ubuntu.com /usr/bin/cmake --install /home/UMRobotics/group12_ws/src/build/ur_moveit_config
[1.457s] Level 1:colcon.colcon_core.environment:checking '/home/UMRobotics/group12_ws/src/install/ur_moveit_config' for CMake module files
[1.457s] Level 1:colcon.colcon_core.environment:checking '/home/UMRobotics/group12_ws/src/install/ur_moveit_config' for CMake config files
[1.457s] Level 1:colcon.colcon_core.shell:create_environment_hook('ur_moveit_config', 'cmake_prefix_path')
[1.457s] INFO:colcon.colcon_core.shell:Creating environment hook '/home/UMRobotics/group12_ws/src/install/ur_moveit_config/share/ur_moveit_config/hook/cmake_prefix_path.ps1'
[1.458s] INFO:colcon.colcon_core.shell:Creating environment descriptor '/home/UMRobotics/group12_ws/src/install/ur_moveit_config/share/ur_moveit_config/hook/cmake_prefix_path.dsv'
[1.458s] INFO:colcon.colcon_core.shell:Creating environment hook '/home/UMRobotics/group12_ws/src/install/ur_moveit_config/share/ur_moveit_config/hook/cmake_prefix_path.sh'
[1.459s] Level 1:colcon.colcon_core.environment:checking '/home/UMRobotics/group12_ws/src/install/ur_moveit_config/lib'
[1.459s] Level 1:colcon.colcon_core.environment:checking '/home/UMRobotics/group12_ws/src/install/ur_moveit_config/bin'
[1.459s] Level 1:colcon.colcon_core.environment:checking '/home/UMRobotics/group12_ws/src/install/ur_moveit_config/lib/pkgconfig/ur_moveit_config.pc'
[1.459s] Level 1:colcon.colcon_core.environment:checking '/home/UMRobotics/group12_ws/src/install/ur_moveit_config/lib/python3.12/site-packages'
[1.459s] Level 1:colcon.colcon_core.shell:create_environment_hook('ur_moveit_config', 'pythonpath')
[1.459s] INFO:colcon.colcon_core.shell:Creating environment hook '/home/UMRobotics/group12_ws/src/install/ur_moveit_config/share/ur_moveit_config/hook/pythonpath.ps1'
[1.460s] INFO:colcon.colcon_core.shell:Creating environment descriptor '/home/UMRobotics/group12_ws/src/install/ur_moveit_config/share/ur_moveit_config/hook/pythonpath.dsv'
[1.460s] INFO:colcon.colcon_core.shell:Creating environment hook '/home/UMRobotics/group12_ws/src/install/ur_moveit_config/share/ur_moveit_config/hook/pythonpath.sh'
[1.460s] Level 1:colcon.colcon_core.environment:checking '/home/UMRobotics/group12_ws/src/install/ur_moveit_config/bin'
[1.460s] INFO:colcon.colcon_core.shell:Creating package script '/home/UMRobotics/group12_ws/src/install/ur_moveit_config/share/ur_moveit_config/package.ps1'
[1.461s] INFO:colcon.colcon_core.shell:Creating package descriptor '/home/UMRobotics/group12_ws/src/install/ur_moveit_config/share/ur_moveit_config/package.dsv'
[1.461s] INFO:colcon.colcon_core.shell:Creating package script '/home/UMRobotics/group12_ws/src/install/ur_moveit_config/share/ur_moveit_config/package.sh'
[1.462s] INFO:colcon.colcon_core.shell:Creating package script '/home/UMRobotics/group12_ws/src/install/ur_moveit_config/share/ur_moveit_config/package.bash'
[1.462s] INFO:colcon.colcon_core.shell:Creating package script '/home/UMRobotics/group12_ws/src/install/ur_moveit_config/share/ur_moveit_config/package.zsh'
[1.463s] Level 1:colcon.colcon_core.environment:create_file_with_runtime_dependencies(/home/UMRobotics/group12_ws/src/install/ur_moveit_config/share/colcon-core/packages/ur_moveit_config)
[1.463s] Level 1:colcon.colcon_core.environment:create_environment_scripts_only(ur_moveit_config)
[1.463s] Level 1:colcon.colcon_core.environment:checking '/home/UMRobotics/group12_ws/src/install/ur_moveit_config' for CMake module files
[1.463s] Level 1:colcon.colcon_core.environment:checking '/home/UMRobotics/group12_ws/src/install/ur_moveit_config' for CMake config files
[1.463s] Level 1:colcon.colcon_core.shell:create_environment_hook('ur_moveit_config', 'cmake_prefix_path')
[1.464s] INFO:colcon.colcon_core.shell:Creating environment hook '/home/UMRobotics/group12_ws/src/install/ur_moveit_config/share/ur_moveit_config/hook/cmake_prefix_path.ps1'
[1.464s] INFO:colcon.colcon_core.shell:Creating environment descriptor '/home/UMRobotics/group12_ws/src/install/ur_moveit_config/share/ur_moveit_config/hook/cmake_prefix_path.dsv'
[1.464s] INFO:colcon.colcon_core.shell:Creating environment hook '/home/UMRobotics/group12_ws/src/install/ur_moveit_config/share/ur_moveit_config/hook/cmake_prefix_path.sh'
[1.464s] Level 1:colcon.colcon_core.environment:checking '/home/UMRobotics/group12_ws/src/install/ur_moveit_config/lib'
[1.464s] Level 1:colcon.colcon_core.environment:checking '/home/UMRobotics/group12_ws/src/install/ur_moveit_config/bin'
[1.465s] Level 1:colcon.colcon_core.environment:checking '/home/UMRobotics/group12_ws/src/install/ur_moveit_config/lib/pkgconfig/ur_moveit_config.pc'
[1.465s] Level 1:colcon.colcon_core.environment:checking '/home/UMRobotics/group12_ws/src/install/ur_moveit_config/lib/python3.12/site-packages'
[1.465s] Level 1:colcon.colcon_core.shell:create_environment_hook('ur_moveit_config', 'pythonpath')
[1.465s] INFO:colcon.colcon_core.shell:Creating environment hook '/home/UMRobotics/group12_ws/src/install/ur_moveit_config/share/ur_moveit_config/hook/pythonpath.ps1'
[1.465s] INFO:colcon.colcon_core.shell:Creating environment descriptor '/home/UMRobotics/group12_ws/src/install/ur_moveit_config/share/ur_moveit_config/hook/pythonpath.dsv'
[1.465s] INFO:colcon.colcon_core.shell:Creating environment hook '/home/UMRobotics/group12_ws/src/install/ur_moveit_config/share/ur_moveit_config/hook/pythonpath.sh'
[1.466s] Level 1:colcon.colcon_core.environment:checking '/home/UMRobotics/group12_ws/src/install/ur_moveit_config/bin'
[1.466s] INFO:colcon.colcon_core.shell:Creating package script '/home/UMRobotics/group12_ws/src/install/ur_moveit_config/share/ur_moveit_config/package.ps1'
[1.466s] INFO:colcon.colcon_core.shell:Creating package descriptor '/home/UMRobotics/group12_ws/src/install/ur_moveit_config/share/ur_moveit_config/package.dsv'
[1.467s] INFO:colcon.colcon_core.shell:Creating package script '/home/UMRobotics/group12_ws/src/install/ur_moveit_config/share/ur_moveit_config/package.sh'
[1.467s] INFO:colcon.colcon_core.shell:Creating package script '/home/UMRobotics/group12_ws/src/install/ur_moveit_config/share/ur_moveit_config/package.bash'
[1.467s] INFO:colcon.colcon_core.shell:Creating package script '/home/UMRobotics/group12_ws/src/install/ur_moveit_config/share/ur_moveit_config/package.zsh'
[1.467s] Level 1:colcon.colcon_core.environment:create_file_with_runtime_dependencies(/home/UMRobotics/group12_ws/src/install/ur_moveit_config/share/colcon-core/packages/ur_moveit_config)
[1.485s] DEBUG:colcon.colcon_core.event_handler.log_command:Invoked command in '/home/UMRobotics/group12_ws/src/build/predefined_motion' returned '0': CMAKE_PREFIX_PATH=${CMAKE_PREFIX_PATH}:/home/UMRobotics/moveit_ws/install/moveit_configs_utils:/opt/ros/jazzy DEBUGINFOD_URLS=https://debuginfod.ubuntu.com /usr/bin/cmake --build /home/UMRobotics/group12_ws/src/build/predefined_motion -- -j16 -l16
[1.485s] DEBUG:colcon.colcon_core.event_handler.log_command:Invoking command in '/home/UMRobotics/group12_ws/src/build/predefined_motion': CMAKE_PREFIX_PATH=${CMAKE_PREFIX_PATH}:/home/UMRobotics/moveit_ws/install/moveit_configs_utils:/opt/ros/jazzy DEBUGINFOD_URLS=https://debuginfod.ubuntu.com /usr/bin/cmake --install /home/UMRobotics/group12_ws/src/build/predefined_motion
[1.486s] DEBUG:colcon.colcon_core.event_handler.log_command:Invoked command in '/home/UMRobotics/group12_ws/src/build/my_robot_cell_description' returned '0': CMAKE_PREFIX_PATH=${CMAKE_PREFIX_PATH}:/home/UMRobotics/moveit_ws/install/moveit_configs_utils:/opt/ros/jazzy DEBUGINFOD_URLS=https://debuginfod.ubuntu.com /usr/bin/cmake --build /home/UMRobotics/group12_ws/src/build/my_robot_cell_description -- -j16 -l16
[1.487s] DEBUG:colcon.colcon_core.event_handler.log_command:Invoking command in '/home/UMRobotics/group12_ws/src/build/my_robot_cell_description': CMAKE_PREFIX_PATH=${CMAKE_PREFIX_PATH}:/home/UMRobotics/moveit_ws/install/moveit_configs_utils:/opt/ros/jazzy DEBUGINFOD_URLS=https://debuginfod.ubuntu.com /usr/bin/cmake --install /home/UMRobotics/group12_ws/src/build/my_robot_cell_description
[1.496s] Level 1:colcon.colcon_core.environment:create_environment_scripts_only(predefined_motion)
[1.496s] Level 1:colcon.colcon_core.environment:checking '/home/UMRobotics/group12_ws/src/install/predefined_motion' for CMake module files
[1.496s] DEBUG:colcon.colcon_core.event_handler.log_command:Invoked command in '/home/UMRobotics/group12_ws/src/build/predefined_motion' returned '0': CMAKE_PREFIX_PATH=${CMAKE_PREFIX_PATH}:/home/UMRobotics/moveit_ws/install/moveit_configs_utils:/opt/ros/jazzy DEBUGINFOD_URLS=https://debuginfod.ubuntu.com /usr/bin/cmake --install /home/UMRobotics/group12_ws/src/build/predefined_motion
[1.497s] Level 1:colcon.colcon_core.environment:checking '/home/UMRobotics/group12_ws/src/install/predefined_motion' for CMake config files
[1.497s] Level 1:colcon.colcon_core.shell:create_environment_hook('predefined_motion', 'cmake_prefix_path')
[1.497s] INFO:colcon.colcon_core.shell:Creating environment hook '/home/UMRobotics/group12_ws/src/install/predefined_motion/share/predefined_motion/hook/cmake_prefix_path.ps1'
[1.497s] INFO:colcon.colcon_core.shell:Creating environment descriptor '/home/UMRobotics/group12_ws/src/install/predefined_motion/share/predefined_motion/hook/cmake_prefix_path.dsv'
[1.497s] INFO:colcon.colcon_core.shell:Creating environment hook '/home/UMRobotics/group12_ws/src/install/predefined_motion/share/predefined_motion/hook/cmake_prefix_path.sh'
[1.498s] Level 1:colcon.colcon_core.environment:checking '/home/UMRobotics/group12_ws/src/install/predefined_motion/bin'
[1.498s] Level 1:colcon.colcon_core.environment:checking '/home/UMRobotics/group12_ws/src/install/predefined_motion/lib/pkgconfig/predefined_motion.pc'
[1.498s] Level 1:colcon.colcon_core.environment:checking '/home/UMRobotics/group12_ws/src/install/predefined_motion/lib/python3.12/site-packages'
[1.498s] Level 1:colcon.colcon_core.environment:checking '/home/UMRobotics/group12_ws/src/install/predefined_motion/bin'
[1.498s] INFO:colcon.colcon_core.shell:Creating package script '/home/UMRobotics/group12_ws/src/install/predefined_motion/share/predefined_motion/package.ps1'
[1.498s] INFO:colcon.colcon_core.shell:Creating package descriptor '/home/UMRobotics/group12_ws/src/install/predefined_motion/share/predefined_motion/package.dsv'
[1.499s] INFO:colcon.colcon_core.shell:Creating package script '/home/UMRobotics/group12_ws/src/install/predefined_motion/share/predefined_motion/package.sh'
[1.499s] INFO:colcon.colcon_core.shell:Creating package script '/home/UMRobotics/group12_ws/src/install/predefined_motion/share/predefined_motion/package.bash'
[1.499s] INFO:colcon.colcon_core.shell:Creating package script '/home/UMRobotics/group12_ws/src/install/predefined_motion/share/predefined_motion/package.zsh'
[1.499s] Level 1:colcon.colcon_core.environment:create_file_with_runtime_dependencies(/home/UMRobotics/group12_ws/src/install/predefined_motion/share/colcon-core/packages/predefined_motion)
[1.499s] Level 1:colcon.colcon_core.environment:create_environment_scripts_only(predefined_motion)
[1.500s] Level 1:colcon.colcon_core.environment:checking '/home/UMRobotics/group12_ws/src/install/predefined_motion' for CMake module files
[1.500s] Level 1:colcon.colcon_core.environment:checking '/home/UMRobotics/group12_ws/src/install/predefined_motion' for CMake config files
[1.500s] Level 1:colcon.colcon_core.shell:create_environment_hook('predefined_motion', 'cmake_prefix_path')
[1.500s] INFO:colcon.colcon_core.shell:Creating environment hook '/home/UMRobotics/group12_ws/src/install/predefined_motion/share/predefined_motion/hook/cmake_prefix_path.ps1'
[1.500s] INFO:colcon.colcon_core.shell:Creating environment descriptor '/home/UMRobotics/group12_ws/src/install/predefined_motion/share/predefined_motion/hook/cmake_prefix_path.dsv'
[1.500s] INFO:colcon.colcon_core.shell:Creating environment hook '/home/UMRobotics/group12_ws/src/install/predefined_motion/share/predefined_motion/hook/cmake_prefix_path.sh'
[1.501s] Level 1:colcon.colcon_core.environment:checking '/home/UMRobotics/group12_ws/src/install/predefined_motion/bin'
[1.501s] Level 1:colcon.colcon_core.environment:checking '/home/UMRobotics/group12_ws/src/install/predefined_motion/lib/pkgconfig/predefined_motion.pc'
[1.501s] Level 1:colcon.colcon_core.environment:checking '/home/UMRobotics/group12_ws/src/install/predefined_motion/lib/python3.12/site-packages'
[1.501s] Level 1:colcon.colcon_core.environment:checking '/home/UMRobotics/group12_ws/src/install/predefined_motion/bin'
[1.501s] INFO:colcon.colcon_core.shell:Creating package script '/home/UMRobotics/group12_ws/src/install/predefined_motion/share/predefined_motion/package.ps1'
[1.502s] INFO:colcon.colcon_core.shell:Creating package descriptor '/home/UMRobotics/group12_ws/src/install/predefined_motion/share/predefined_motion/package.dsv'
[1.502s] INFO:colcon.colcon_core.shell:Creating package script '/home/UMRobotics/group12_ws/src/install/predefined_motion/share/predefined_motion/package.sh'
[1.502s] INFO:colcon.colcon_core.shell:Creating package script '/home/UMRobotics/group12_ws/src/install/predefined_motion/share/predefined_motion/package.bash'
[1.502s] INFO:colcon.colcon_core.shell:Creating package script '/home/UMRobotics/group12_ws/src/install/predefined_motion/share/predefined_motion/package.zsh'
[1.502s] Level 1:colcon.colcon_core.environment:create_file_with_runtime_dependencies(/home/UMRobotics/group12_ws/src/install/predefined_motion/share/colcon-core/packages/predefined_motion)
[1.503s] Level 1:colcon.colcon_core.environment:create_environment_scripts_only(my_robot_cell_description)
[1.503s] Level 1:colcon.colcon_core.environment:checking '/home/UMRobotics/group12_ws/src/install/my_robot_cell_description' for CMake module files
[1.503s] DEBUG:colcon.colcon_core.event_handler.log_command:Invoked command in '/home/UMRobotics/group12_ws/src/build/my_robot_cell_description' returned '0': CMAKE_PREFIX_PATH=${CMAKE_PREFIX_PATH}:/home/UMRobotics/moveit_ws/install/moveit_configs_utils:/opt/ros/jazzy DEBUGINFOD_URLS=https://debuginfod.ubuntu.com /usr/bin/cmake --install /home/UMRobotics/group12_ws/src/build/my_robot_cell_description
[1.504s] Level 1:colcon.colcon_core.environment:checking '/home/UMRobotics/group12_ws/src/install/my_robot_cell_description' for CMake config files
[1.504s] Level 1:colcon.colcon_core.shell:create_environment_hook('my_robot_cell_description', 'cmake_prefix_path')
[1.504s] INFO:colcon.colcon_core.shell:Creating environment hook '/home/UMRobotics/group12_ws/src/install/my_robot_cell_description/share/my_robot_cell_description/hook/cmake_prefix_path.ps1'
[1.504s] INFO:colcon.colcon_core.shell:Creating environment descriptor '/home/UMRobotics/group12_ws/src/install/my_robot_cell_description/share/my_robot_cell_description/hook/cmake_prefix_path.dsv'
[1.504s] INFO:colcon.colcon_core.shell:Creating environment hook '/home/UMRobotics/group12_ws/src/install/my_robot_cell_description/share/my_robot_cell_description/hook/cmake_prefix_path.sh'
[1.505s] Level 1:colcon.colcon_core.environment:checking '/home/UMRobotics/group12_ws/src/install/my_robot_cell_description/bin'
[1.505s] Level 1:colcon.colcon_core.environment:checking '/home/UMRobotics/group12_ws/src/install/my_robot_cell_description/lib/pkgconfig/my_robot_cell_description.pc'
[1.505s] Level 1:colcon.colcon_core.environment:checking '/home/UMRobotics/group12_ws/src/install/my_robot_cell_description/lib/python3.12/site-packages'
[1.505s] Level 1:colcon.colcon_core.environment:checking '/home/UMRobotics/group12_ws/src/install/my_robot_cell_description/bin'
[1.505s] INFO:colcon.colcon_core.shell:Creating package script '/home/UMRobotics/group12_ws/src/install/my_robot_cell_description/share/my_robot_cell_description/package.ps1'
[1.505s] INFO:colcon.colcon_core.shell:Creating package descriptor '/home/UMRobotics/group12_ws/src/install/my_robot_cell_description/share/my_robot_cell_description/package.dsv'
[1.506s] INFO:colcon.colcon_core.shell:Creating package script '/home/UMRobotics/group12_ws/src/install/my_robot_cell_description/share/my_robot_cell_description/package.sh'
[1.506s] INFO:colcon.colcon_core.shell:Creating package script '/home/UMRobotics/group12_ws/src/install/my_robot_cell_description/share/my_robot_cell_description/package.bash'
[1.506s] INFO:colcon.colcon_core.shell:Creating package script '/home/UMRobotics/group12_ws/src/install/my_robot_cell_description/share/my_robot_cell_description/package.zsh'
[1.506s] Level 1:colcon.colcon_core.environment:create_file_with_runtime_dependencies(/home/UMRobotics/group12_ws/src/install/my_robot_cell_description/share/colcon-core/packages/my_robot_cell_description)
[1.507s] Level 1:colcon.colcon_core.environment:create_environment_scripts_only(my_robot_cell_description)
[1.507s] Level 1:colcon.colcon_core.environment:checking '/home/UMRobotics/group12_ws/src/install/my_robot_cell_description' for CMake module files
[1.507s] Level 1:colcon.colcon_core.environment:checking '/home/UMRobotics/group12_ws/src/install/my_robot_cell_description' for CMake config files
[1.507s] Level 1:colcon.colcon_core.shell:create_environment_hook('my_robot_cell_description', 'cmake_prefix_path')
[1.507s] INFO:colcon.colcon_core.shell:Creating environment hook '/home/UMRobotics/group12_ws/src/install/my_robot_cell_description/share/my_robot_cell_description/hook/cmake_prefix_path.ps1'
[1.507s] INFO:colcon.colcon_core.shell:Creating environment descriptor '/home/UMRobotics/group12_ws/src/install/my_robot_cell_description/share/my_robot_cell_description/hook/cmake_prefix_path.dsv'
[1.508s] INFO:colcon.colcon_core.shell:Creating environment hook '/home/UMRobotics/group12_ws/src/install/my_robot_cell_description/share/my_robot_cell_description/hook/cmake_prefix_path.sh'
[1.508s] Level 1:colcon.colcon_core.environment:checking '/home/UMRobotics/group12_ws/src/install/my_robot_cell_description/bin'
[1.508s] Level 1:colcon.colcon_core.environment:checking '/home/UMRobotics/group12_ws/src/install/my_robot_cell_description/lib/pkgconfig/my_robot_cell_description.pc'
[1.508s] Level 1:colcon.colcon_core.environment:checking '/home/UMRobotics/group12_ws/src/install/my_robot_cell_description/lib/python3.12/site-packages'
[1.508s] Level 1:colcon.colcon_core.environment:checking '/home/UMRobotics/group12_ws/src/install/my_robot_cell_description/bin'
[1.508s] INFO:colcon.colcon_core.shell:Creating package script '/home/UMRobotics/group12_ws/src/install/my_robot_cell_description/share/my_robot_cell_description/package.ps1'
[1.509s] INFO:colcon.colcon_core.shell:Creating package descriptor '/home/UMRobotics/group12_ws/src/install/my_robot_cell_description/share/my_robot_cell_description/package.dsv'
[1.509s] INFO:colcon.colcon_core.shell:Creating package script '/home/UMRobotics/group12_ws/src/install/my_robot_cell_description/share/my_robot_cell_description/package.sh'
[1.509s] INFO:colcon.colcon_core.shell:Creating package script '/home/UMRobotics/group12_ws/src/install/my_robot_cell_description/share/my_robot_cell_description/package.bash'
[1.509s] INFO:colcon.colcon_core.shell:Creating package script '/home/UMRobotics/group12_ws/src/install/my_robot_cell_description/share/my_robot_cell_description/package.zsh'
[1.510s] Level 1:colcon.colcon_core.environment:create_file_with_runtime_dependencies(/home/UMRobotics/group12_ws/src/install/my_robot_cell_description/share/colcon-core/packages/my_robot_cell_description)
[2.268s] DEBUG:colcon.colcon_core.event_handler.log_command:Invoked command in '/home/UMRobotics/group12_ws/src/build/hello_moveit_ur' returned '0': CMAKE_PREFIX_PATH=${CMAKE_PREFIX_PATH}:/home/UMRobotics/moveit_ws/install/moveit_configs_utils:/opt/ros/jazzy DEBUGINFOD_URLS=https://debuginfod.ubuntu.com /usr/bin/cmake /home/UMRobotics/group12_ws/src/hello_moveit_ur -DCMAKE_INSTALL_PREFIX=/home/UMRobotics/group12_ws/src/install/hello_moveit_ur
[2.269s] DEBUG:colcon.colcon_core.event_handler.log_command:Invoking command in '/home/UMRobotics/group12_ws/src/build/hello_moveit_ur': CMAKE_PREFIX_PATH=${CMAKE_PREFIX_PATH}:/home/UMRobotics/moveit_ws/install/moveit_configs_utils:/opt/ros/jazzy DEBUGINFOD_URLS=https://debuginfod.ubuntu.com /usr/bin/cmake --build /home/UMRobotics/group12_ws/src/build/hello_moveit_ur -- -j16 -l16
[2.878s] DEBUG:colcon.colcon_core.event_handler.log_command:Invoked command in '/home/UMRobotics/group12_ws/src/build/ur_dashboard_msgs' returned '0': CMAKE_PREFIX_PATH=${CMAKE_PREFIX_PATH}:/home/UMRobotics/moveit_ws/install/moveit_configs_utils:/opt/ros/jazzy DEBUGINFOD_URLS=https://debuginfod.ubuntu.com /usr/bin/cmake /home/UMRobotics/group12_ws/src/Universal_Robots_ROS2_Driver/ur_dashboard_msgs -DCMAKE_INSTALL_PREFIX=/home/UMRobotics/group12_ws/src/install/ur_dashboard_msgs
[2.878s] DEBUG:colcon.colcon_core.event_handler.log_command:Invoking command in '/home/UMRobotics/group12_ws/src/build/ur_dashboard_msgs': CMAKE_PREFIX_PATH=${CMAKE_PREFIX_PATH}:/home/UMRobotics/moveit_ws/install/moveit_configs_utils:/opt/ros/jazzy DEBUGINFOD_URLS=https://debuginfod.ubuntu.com /usr/bin/cmake --build /home/UMRobotics/group12_ws/src/build/ur_dashboard_msgs -- -j16 -l16
[3.142s] DEBUG:colcon.colcon_core.event_handler.log_command:Invoked command in '/home/UMRobotics/group12_ws/src/build/group_12_motion_planning' returned '0': CMAKE_PREFIX_PATH=${CMAKE_PREFIX_PATH}:/home/UMRobotics/moveit_ws/install/moveit_configs_utils:/opt/ros/jazzy DEBUGINFOD_URLS=https://debuginfod.ubuntu.com /usr/bin/cmake /home/UMRobotics/group12_ws/src/group_12_motion_planning -DCMAKE_INSTALL_PREFIX=/home/UMRobotics/group12_ws/src/install/group_12_motion_planning
[3.143s] DEBUG:colcon.colcon_core.event_handler.log_command:Invoking command in '/home/UMRobotics/group12_ws/src/build/group_12_motion_planning': CMAKE_PREFIX_PATH=${CMAKE_PREFIX_PATH}:/home/UMRobotics/moveit_ws/install/moveit_configs_utils:/opt/ros/jazzy DEBUGINFOD_URLS=https://debuginfod.ubuntu.com /usr/bin/cmake --build /home/UMRobotics/group12_ws/src/build/group_12_motion_planning -- -j16 -l16
[9.104s] DEBUG:colcon.colcon_core.event_handler.log_command:Invoked command in '/home/UMRobotics/group12_ws/src/build/hello_moveit_ur' returned '2': CMAKE_PREFIX_PATH=${CMAKE_PREFIX_PATH}:/home/UMRobotics/moveit_ws/install/moveit_configs_utils:/opt/ros/jazzy DEBUGINFOD_URLS=https://debuginfod.ubuntu.com /usr/bin/cmake --build /home/UMRobotics/group12_ws/src/build/hello_moveit_ur -- -j16 -l16
[9.105s] Level 1:colcon.colcon_core.environment:create_environment_scripts_only(hello_moveit_ur)
[9.105s] Level 1:colcon.colcon_core.environment:checking '/home/UMRobotics/group12_ws/src/install/hello_moveit_ur' for CMake module files
[9.105s] Level 1:colcon.colcon_core.environment:checking '/home/UMRobotics/group12_ws/src/install/hello_moveit_ur' for CMake config files
[9.105s] Level 1:colcon.colcon_core.environment:checking '/home/UMRobotics/group12_ws/src/install/hello_moveit_ur/bin'
[9.105s] Level 1:colcon.colcon_core.environment:checking '/home/UMRobotics/group12_ws/src/install/hello_moveit_ur/lib/pkgconfig/hello_moveit_ur.pc'
[9.105s] Level 1:colcon.colcon_core.environment:checking '/home/UMRobotics/group12_ws/src/install/hello_moveit_ur/lib/python3.12/site-packages'
[9.105s] Level 1:colcon.colcon_core.environment:checking '/home/UMRobotics/group12_ws/src/install/hello_moveit_ur/bin'
[9.106s] INFO:colcon.colcon_core.shell:Creating package script '/home/UMRobotics/group12_ws/src/install/hello_moveit_ur/share/hello_moveit_ur/package.ps1'
[9.106s] INFO:colcon.colcon_core.shell:Creating package descriptor '/home/UMRobotics/group12_ws/src/install/hello_moveit_ur/share/hello_moveit_ur/package.dsv'
[9.106s] INFO:colcon.colcon_core.shell:Creating package script '/home/UMRobotics/group12_ws/src/install/hello_moveit_ur/share/hello_moveit_ur/package.sh'
[9.106s] INFO:colcon.colcon_core.shell:Creating package script '/home/UMRobotics/group12_ws/src/install/hello_moveit_ur/share/hello_moveit_ur/package.bash'
[9.107s] INFO:colcon.colcon_core.shell:Creating package script '/home/UMRobotics/group12_ws/src/install/hello_moveit_ur/share/hello_moveit_ur/package.zsh'
[9.107s] Level 1:colcon.colcon_core.environment:create_file_with_runtime_dependencies(/home/UMRobotics/group12_ws/src/install/hello_moveit_ur/share/colcon-core/packages/hello_moveit_ur)
[10.913s] DEBUG:colcon.colcon_parallel_executor.executor.parallel:closing loop
[10.913s] DEBUG:colcon.colcon_parallel_executor.executor.parallel:loop closed
[10.913s] DEBUG:colcon.colcon_parallel_executor.executor.parallel:run_until_complete finished with '2'
[10.913s] DEBUG:colcon.colcon_core.event_reactor:joining thread
[10.917s] INFO:colcon.colcon_core.plugin_system:Skipping extension 'colcon_notification.desktop_notification.terminal_notifier': Not used on non-Darwin systems
[10.917s] INFO:colcon.colcon_core.plugin_system:Skipping extension 'colcon_notification.desktop_notification.win32': Not used on non-Windows systems
[10.917s] INFO:colcon.colcon_notification.desktop_notification:Sending desktop notification using 'notify2'
[10.926s] DEBUG:colcon.colcon_core.event_reactor:joined thread
[10.927s] INFO:colcon.colcon_core.shell:Creating prefix script '/home/UMRobotics/group12_ws/src/install/local_setup.ps1'
[10.927s] INFO:colcon.colcon_core.shell:Creating prefix util module '/home/UMRobotics/group12_ws/src/install/_local_setup_util_ps1.py'
[10.928s] INFO:colcon.colcon_core.shell:Creating prefix chain script '/home/UMRobotics/group12_ws/src/install/setup.ps1'
[10.930s] INFO:colcon.colcon_core.shell:Creating prefix script '/home/UMRobotics/group12_ws/src/install/local_setup.sh'
[10.930s] INFO:colcon.colcon_core.shell:Creating prefix util module '/home/UMRobotics/group12_ws/src/install/_local_setup_util_sh.py'
[10.930s] INFO:colcon.colcon_core.shell:Creating prefix chain script '/home/UMRobotics/group12_ws/src/install/setup.sh'
[10.932s] INFO:colcon.colcon_core.shell:Creating prefix script '/home/UMRobotics/group12_ws/src/install/local_setup.bash'
[10.932s] INFO:colcon.colcon_core.shell:Creating prefix chain script '/home/UMRobotics/group12_ws/src/install/setup.bash'
[10.934s] INFO:colcon.colcon_core.shell:Creating prefix script '/home/UMRobotics/group12_ws/src/install/local_setup.zsh'
[10.934s] INFO:colcon.colcon_core.shell:Creating prefix chain script '/home/UMRobotics/group12_ws/src/install/setup.zsh'
