[0.080s] DEBUG:colcon:Command line arguments: ['/usr/bin/colcon', 'build']
[0.080s] DEBUG:colcon:Parsed command line arguments: Namespace(log_base=None, log_level=None, verb_name='build', build_base='build', install_base='install', merge_install=False, symlink_install=False, test_result_base=None, continue_on_error=False, executor='parallel', parallel_workers=16, event_handlers=None, ignore_user_meta=False, metas=['./colcon.meta'], base_paths=['.'], packages_ignore=None, packages_ignore_regex=None, paths=None, packages_up_to=None, packages_up_to_regex=None, packages_above=None, packages_above_and_dependencies=None, packages_above_depth=None, packages_select_by_dep=None, packages_skip_by_dep=None, packages_skip_up_to=None, packages_select_build_failed=False, packages_skip_build_finished=False, packages_select_test_failures=False, packages_skip_test_passed=False, packages_select=None, packages_skip=None, packages_select_regex=None, packages_skip_regex=None, packages_start=None, packages_end=None, allow_overriding=[], cmake_args=None, cmake_target=None, cmake_target_skip_unavailable=False, cmake_clean_cache=False, cmake_clean_first=False, cmake_force_configure=False, ament_cmake_args=None, catkin_cmake_args=None, catkin_skip_building_tests=False, mixin_files=None, mixin=None, verb_parser=<colcon_mixin.mixin.mixin_argument.MixinArgumentDecorator object at 0x72d392fd3080>, verb_extension=<colcon_core.verb.build.BuildVerb object at 0x72d392f790d0>, main=<bound method BuildVerb.main of <colcon_core.verb.build.BuildVerb object at 0x72d392f790d0>>, mixin_verb=('build',))
[0.104s] Level 1:colcon.colcon_core.package_discovery:discover_packages(colcon_meta) check parameters
[0.104s] Level 1:colcon.colcon_core.package_discovery:discover_packages(recursive) check parameters
[0.104s] Level 1:colcon.colcon_core.package_discovery:discover_packages(ignore) check parameters
[0.104s] Level 1:colcon.colcon_core.package_discovery:discover_packages(path) check parameters
[0.104s] Level 1:colcon.colcon_core.package_discovery:discover_packages(colcon_meta) discover
[0.104s] Level 1:colcon.colcon_core.package_discovery:discover_packages(recursive) discover
[0.104s] INFO:colcon.colcon_core.package_discovery:Crawling recursively for packages in '/home/UMRobotics/group12_ws'
[0.104s] Level 1:colcon.colcon_core.package_identification:_identify(.) by extensions ['ignore', 'ignore_ament_install']
[0.104s] Level 1:colcon.colcon_core.package_identification:_identify(.) by extension 'ignore'
[0.104s] Level 1:colcon.colcon_core.package_identification:_identify(.) by extension 'ignore_ament_install'
[0.104s] Level 1:colcon.colcon_core.package_identification:_identify(.) by extensions ['colcon_pkg']
[0.104s] Level 1:colcon.colcon_core.package_identification:_identify(.) by extension 'colcon_pkg'
[0.104s] Level 1:colcon.colcon_core.package_identification:_identify(.) by extensions ['colcon_meta']
[0.104s] Level 1:colcon.colcon_core.package_identification:_identify(.) by extension 'colcon_meta'
[0.104s] Level 1:colcon.colcon_core.package_identification:_identify(.) by extensions ['ros']
[0.104s] Level 1:colcon.colcon_core.package_identification:_identify(.) by extension 'ros'
[0.120s] Level 1:colcon.colcon_core.package_identification:_identify(.) by extensions ['cmake', 'python']
[0.120s] Level 1:colcon.colcon_core.package_identification:_identify(.) by extension 'cmake'
[0.120s] Level 1:colcon.colcon_core.package_identification:_identify(.) by extension 'python'
[0.120s] Level 1:colcon.colcon_core.package_identification:_identify(.) by extensions ['python_setup_py']
[0.120s] Level 1:colcon.colcon_core.package_identification:_identify(.) by extension 'python_setup_py'
[0.120s] Level 1:colcon.colcon_core.package_identification:_identify(build) by extensions ['ignore', 'ignore_ament_install']
[0.120s] Level 1:colcon.colcon_core.package_identification:_identify(build) by extension 'ignore'
[0.120s] Level 1:colcon.colcon_core.package_identification:_identify(build) ignored
[0.120s] Level 1:colcon.colcon_core.package_identification:_identify(install) by extensions ['ignore', 'ignore_ament_install']
[0.120s] Level 1:colcon.colcon_core.package_identification:_identify(install) by extension 'ignore'
[0.120s] Level 1:colcon.colcon_core.package_identification:_identify(install) ignored
[0.120s] Level 1:colcon.colcon_core.package_identification:_identify(log) by extensions ['ignore', 'ignore_ament_install']
[0.120s] Level 1:colcon.colcon_core.package_identification:_identify(log) by extension 'ignore'
[0.120s] Level 1:colcon.colcon_core.package_identification:_identify(log) ignored
[0.120s] Level 1:colcon.colcon_core.package_identification:_identify(src) by extensions ['ignore', 'ignore_ament_install']
[0.120s] Level 1:colcon.colcon_core.package_identification:_identify(src) by extension 'ignore'
[0.120s] Level 1:colcon.colcon_core.package_identification:_identify(src) by extension 'ignore_ament_install'
[0.120s] Level 1:colcon.colcon_core.package_identification:_identify(src) by extensions ['colcon_pkg']
[0.120s] Level 1:colcon.colcon_core.package_identification:_identify(src) by extension 'colcon_pkg'
[0.121s] Level 1:colcon.colcon_core.package_identification:_identify(src) by extensions ['colcon_meta']
[0.121s] Level 1:colcon.colcon_core.package_identification:_identify(src) by extension 'colcon_meta'
[0.121s] Level 1:colcon.colcon_core.package_identification:_identify(src) by extensions ['ros']
[0.121s] Level 1:colcon.colcon_core.package_identification:_identify(src) by extension 'ros'
[0.121s] Level 1:colcon.colcon_core.package_identification:_identify(src) by extensions ['cmake', 'python']
[0.121s] Level 1:colcon.colcon_core.package_identification:_identify(src) by extension 'cmake'
[0.121s] Level 1:colcon.colcon_core.package_identification:_identify(src) by extension 'python'
[0.121s] Level 1:colcon.colcon_core.package_identification:_identify(src) by extensions ['python_setup_py']
[0.121s] Level 1:colcon.colcon_core.package_identification:_identify(src) by extension 'python_setup_py'
[0.121s] Level 1:colcon.colcon_core.package_identification:_identify(src/build) by extensions ['ignore', 'ignore_ament_install']
[0.121s] Level 1:colcon.colcon_core.package_identification:_identify(src/build) by extension 'ignore'
[0.121s] Level 1:colcon.colcon_core.package_identification:_identify(src/build) ignored
[0.121s] Level 1:colcon.colcon_core.package_identification:_identify(src/group_12_motion_planning) by extensions ['ignore', 'ignore_ament_install']
[0.121s] Level 1:colcon.colcon_core.package_identification:_identify(src/group_12_motion_planning) by extension 'ignore'
[0.121s] Level 1:colcon.colcon_core.package_identification:_identify(src/group_12_motion_planning) by extension 'ignore_ament_install'
[0.121s] Level 1:colcon.colcon_core.package_identification:_identify(src/group_12_motion_planning) by extensions ['colcon_pkg']
[0.121s] Level 1:colcon.colcon_core.package_identification:_identify(src/group_12_motion_planning) by extension 'colcon_pkg'
[0.121s] Level 1:colcon.colcon_core.package_identification:_identify(src/group_12_motion_planning) by extensions ['colcon_meta']
[0.121s] Level 1:colcon.colcon_core.package_identification:_identify(src/group_12_motion_planning) by extension 'colcon_meta'
[0.121s] Level 1:colcon.colcon_core.package_identification:_identify(src/group_12_motion_planning) by extensions ['ros']
[0.121s] Level 1:colcon.colcon_core.package_identification:_identify(src/group_12_motion_planning) by extension 'ros'
[0.123s] DEBUG:colcon.colcon_core.package_identification:Package 'src/group_12_motion_planning' with type 'ros.ament_cmake' and name 'group_12_motion_planning'
[0.123s] Level 1:colcon.colcon_core.package_identification:_identify(src/install) by extensions ['ignore', 'ignore_ament_install']
[0.123s] Level 1:colcon.colcon_core.package_identification:_identify(src/install) by extension 'ignore'
[0.123s] Level 1:colcon.colcon_core.package_identification:_identify(src/install) ignored
[0.123s] Level 1:colcon.colcon_core.package_identification:_identify(src/log) by extensions ['ignore', 'ignore_ament_install']
[0.123s] Level 1:colcon.colcon_core.package_identification:_identify(src/log) by extension 'ignore'
[0.123s] Level 1:colcon.colcon_core.package_identification:_identify(src/log) ignored
[0.123s] Level 1:colcon.colcon_core.package_identification:_identify(src/my_robot_cell_description) by extensions ['ignore', 'ignore_ament_install']
[0.123s] Level 1:colcon.colcon_core.package_identification:_identify(src/my_robot_cell_description) by extension 'ignore'
[0.123s] Level 1:colcon.colcon_core.package_identification:_identify(src/my_robot_cell_description) by extension 'ignore_ament_install'
[0.123s] Level 1:colcon.colcon_core.package_identification:_identify(src/my_robot_cell_description) by extensions ['colcon_pkg']
[0.123s] Level 1:colcon.colcon_core.package_identification:_identify(src/my_robot_cell_description) by extension 'colcon_pkg'
[0.123s] Level 1:colcon.colcon_core.package_identification:_identify(src/my_robot_cell_description) by extensions ['colcon_meta']
[0.123s] Level 1:colcon.colcon_core.package_identification:_identify(src/my_robot_cell_description) by extension 'colcon_meta'
[0.123s] Level 1:colcon.colcon_core.package_identification:_identify(src/my_robot_cell_description) by extensions ['ros']
[0.123s] Level 1:colcon.colcon_core.package_identification:_identify(src/my_robot_cell_description) by extension 'ros'
[0.124s] DEBUG:colcon.colcon_core.package_identification:Package 'src/my_robot_cell_description' with type 'ros.ament_cmake' and name 'my_robot_cell_description'
[0.124s] Level 1:colcon.colcon_core.package_identification:_identify(src/predefined_motion) by extensions ['ignore', 'ignore_ament_install']
[0.124s] Level 1:colcon.colcon_core.package_identification:_identify(src/predefined_motion) by extension 'ignore'
[0.124s] Level 1:colcon.colcon_core.package_identification:_identify(src/predefined_motion) by extension 'ignore_ament_install'
[0.124s] Level 1:colcon.colcon_core.package_identification:_identify(src/predefined_motion) by extensions ['colcon_pkg']
[0.124s] Level 1:colcon.colcon_core.package_identification:_identify(src/predefined_motion) by extension 'colcon_pkg'
[0.124s] Level 1:colcon.colcon_core.package_identification:_identify(src/predefined_motion) by extensions ['colcon_meta']
[0.124s] Level 1:colcon.colcon_core.package_identification:_identify(src/predefined_motion) by extension 'colcon_meta'
[0.124s] Level 1:colcon.colcon_core.package_identification:_identify(src/predefined_motion) by extensions ['ros']
[0.124s] Level 1:colcon.colcon_core.package_identification:_identify(src/predefined_motion) by extension 'ros'
[0.124s] DEBUG:colcon.colcon_core.package_identification:Package 'src/predefined_motion' with type 'ros.ament_cmake' and name 'predefined_motion'
[0.124s] Level 1:colcon.colcon_core.package_identification:_identify(src/test) by extensions ['ignore', 'ignore_ament_install']
[0.124s] Level 1:colcon.colcon_core.package_identification:_identify(src/test) by extension 'ignore'
[0.124s] Level 1:colcon.colcon_core.package_identification:_identify(src/test) by extension 'ignore_ament_install'
[0.125s] Level 1:colcon.colcon_core.package_identification:_identify(src/test) by extensions ['colcon_pkg']
[0.125s] Level 1:colcon.colcon_core.package_identification:_identify(src/test) by extension 'colcon_pkg'
[0.125s] Level 1:colcon.colcon_core.package_identification:_identify(src/test) by extensions ['colcon_meta']
[0.125s] Level 1:colcon.colcon_core.package_identification:_identify(src/test) by extension 'colcon_meta'
[0.125s] Level 1:colcon.colcon_core.package_identification:_identify(src/test) by extensions ['ros']
[0.125s] Level 1:colcon.colcon_core.package_identification:_identify(src/test) by extension 'ros'
[0.125s] Level 1:colcon.colcon_core.package_identification:_identify(src/test) by extensions ['cmake', 'python']
[0.125s] Level 1:colcon.colcon_core.package_identification:_identify(src/test) by extension 'cmake'
[0.125s] Level 1:colcon.colcon_core.package_identification:_identify(src/test) by extension 'python'
[0.125s] Level 1:colcon.colcon_core.package_identification:_identify(src/test) by extensions ['python_setup_py']
[0.125s] Level 1:colcon.colcon_core.package_identification:_identify(src/test) by extension 'python_setup_py'
[0.125s] Level 1:colcon.colcon_core.package_discovery:discover_packages(recursive) using defaults
[0.125s] Level 1:colcon.colcon_core.package_discovery:discover_packages(ignore) discover
[0.125s] Level 1:colcon.colcon_core.package_discovery:discover_packages(ignore) using defaults
[0.125s] Level 1:colcon.colcon_core.package_discovery:discover_packages(path) discover
[0.125s] Level 1:colcon.colcon_core.package_discovery:discover_packages(path) using defaults
[0.136s] Level 1:colcon.colcon_core.package_discovery:discover_packages(prefix_path) check parameters
[0.136s] Level 1:colcon.colcon_core.package_discovery:discover_packages(prefix_path) discover
[0.138s] DEBUG:colcon.colcon_installed_package_information.package_discovery:Found 3 installed packages in /home/UMRobotics/group12_ws/install
[0.138s] DEBUG:colcon.colcon_installed_package_information.package_discovery:Found 34 installed packages in /home/UMRobotics/moveit_ws/install
[0.140s] DEBUG:colcon.colcon_installed_package_information.package_discovery:Found 436 installed packages in /opt/ros/jazzy
[0.141s] Level 1:colcon.colcon_core.package_discovery:discover_packages(prefix_path) using defaults
[0.175s] Level 5:colcon.colcon_core.verb:set package 'group_12_motion_planning' build argument 'cmake_args' from command line to 'None'
[0.175s] Level 5:colcon.colcon_core.verb:set package 'group_12_motion_planning' build argument 'cmake_target' from command line to 'None'
[0.175s] Level 5:colcon.colcon_core.verb:set package 'group_12_motion_planning' build argument 'cmake_target_skip_unavailable' from command line to 'False'
[0.175s] Level 5:colcon.colcon_core.verb:set package 'group_12_motion_planning' build argument 'cmake_clean_cache' from command line to 'False'
[0.175s] Level 5:colcon.colcon_core.verb:set package 'group_12_motion_planning' build argument 'cmake_clean_first' from command line to 'False'
[0.175s] Level 5:colcon.colcon_core.verb:set package 'group_12_motion_planning' build argument 'cmake_force_configure' from command line to 'False'
[0.175s] Level 5:colcon.colcon_core.verb:set package 'group_12_motion_planning' build argument 'ament_cmake_args' from command line to 'None'
[0.175s] Level 5:colcon.colcon_core.verb:set package 'group_12_motion_planning' build argument 'catkin_cmake_args' from command line to 'None'
[0.175s] Level 5:colcon.colcon_core.verb:set package 'group_12_motion_planning' build argument 'catkin_skip_building_tests' from command line to 'False'
[0.176s] DEBUG:colcon.colcon_core.verb:Building package 'group_12_motion_planning' with the following arguments: {'ament_cmake_args': None, 'build_base': '/home/UMRobotics/group12_ws/build/group_12_motion_planning', 'catkin_cmake_args': None, 'catkin_skip_building_tests': False, 'cmake_args': None, 'cmake_clean_cache': False, 'cmake_clean_first': False, 'cmake_force_configure': False, 'cmake_target': None, 'cmake_target_skip_unavailable': False, 'install_base': '/home/UMRobotics/group12_ws/install/group_12_motion_planning', 'merge_install': False, 'path': '/home/UMRobotics/group12_ws/src/group_12_motion_planning', 'symlink_install': False, 'test_result_base': None}
[0.176s] Level 5:colcon.colcon_core.verb:set package 'my_robot_cell_description' build argument 'cmake_args' from command line to 'None'
[0.176s] Level 5:colcon.colcon_core.verb:set package 'my_robot_cell_description' build argument 'cmake_target' from command line to 'None'
[0.176s] Level 5:colcon.colcon_core.verb:set package 'my_robot_cell_description' build argument 'cmake_target_skip_unavailable' from command line to 'False'
[0.176s] Level 5:colcon.colcon_core.verb:set package 'my_robot_cell_description' build argument 'cmake_clean_cache' from command line to 'False'
[0.176s] Level 5:colcon.colcon_core.verb:set package 'my_robot_cell_description' build argument 'cmake_clean_first' from command line to 'False'
[0.176s] Level 5:colcon.colcon_core.verb:set package 'my_robot_cell_description' build argument 'cmake_force_configure' from command line to 'False'
[0.176s] Level 5:colcon.colcon_core.verb:set package 'my_robot_cell_description' build argument 'ament_cmake_args' from command line to 'None'
[0.176s] Level 5:colcon.colcon_core.verb:set package 'my_robot_cell_description' build argument 'catkin_cmake_args' from command line to 'None'
[0.176s] Level 5:colcon.colcon_core.verb:set package 'my_robot_cell_description' build argument 'catkin_skip_building_tests' from command line to 'False'
[0.176s] DEBUG:colcon.colcon_core.verb:Building package 'my_robot_cell_description' with the following arguments: {'ament_cmake_args': None, 'build_base': '/home/UMRobotics/group12_ws/build/my_robot_cell_description', 'catkin_cmake_args': None, 'catkin_skip_building_tests': False, 'cmake_args': None, 'cmake_clean_cache': False, 'cmake_clean_first': False, 'cmake_force_configure': False, 'cmake_target': None, 'cmake_target_skip_unavailable': False, 'install_base': '/home/UMRobotics/group12_ws/install/my_robot_cell_description', 'merge_install': False, 'path': '/home/UMRobotics/group12_ws/src/my_robot_cell_description', 'symlink_install': False, 'test_result_base': None}
[0.176s] Level 5:colcon.colcon_core.verb:set package 'predefined_motion' build argument 'cmake_args' from command line to 'None'
[0.176s] Level 5:colcon.colcon_core.verb:set package 'predefined_motion' build argument 'cmake_target' from command line to 'None'
[0.176s] Level 5:colcon.colcon_core.verb:set package 'predefined_motion' build argument 'cmake_target_skip_unavailable' from command line to 'False'
[0.176s] Level 5:colcon.colcon_core.verb:set package 'predefined_motion' build argument 'cmake_clean_cache' from command line to 'False'
[0.176s] Level 5:colcon.colcon_core.verb:set package 'predefined_motion' build argument 'cmake_clean_first' from command line to 'False'
[0.176s] Level 5:colcon.colcon_core.verb:set package 'predefined_motion' build argument 'cmake_force_configure' from command line to 'False'
[0.176s] Level 5:colcon.colcon_core.verb:set package 'predefined_motion' build argument 'ament_cmake_args' from command line to 'None'
[0.176s] Level 5:colcon.colcon_core.verb:set package 'predefined_motion' build argument 'catkin_cmake_args' from command line to 'None'
[0.176s] Level 5:colcon.colcon_core.verb:set package 'predefined_motion' build argument 'catkin_skip_building_tests' from command line to 'False'
[0.176s] DEBUG:colcon.colcon_core.verb:Building package 'predefined_motion' with the following arguments: {'ament_cmake_args': None, 'build_base': '/home/UMRobotics/group12_ws/build/predefined_motion', 'catkin_cmake_args': None, 'catkin_skip_building_tests': False, 'cmake_args': None, 'cmake_clean_cache': False, 'cmake_clean_first': False, 'cmake_force_configure': False, 'cmake_target': None, 'cmake_target_skip_unavailable': False, 'install_base': '/home/UMRobotics/group12_ws/install/predefined_motion', 'merge_install': False, 'path': '/home/UMRobotics/group12_ws/src/predefined_motion', 'symlink_install': False, 'test_result_base': None}
[0.176s] INFO:colcon.colcon_core.executor:Executing jobs using 'parallel' executor
[0.177s] DEBUG:colcon.colcon_parallel_executor.executor.parallel:run_until_complete
[0.177s] INFO:colcon.colcon_ros.task.ament_cmake.build:Building ROS package in '/home/UMRobotics/group12_ws/src/group_12_motion_planning' with build type 'ament_cmake'
[0.177s] INFO:colcon.colcon_cmake.task.cmake.build:Building CMake package in '/home/UMRobotics/group12_ws/src/group_12_motion_planning'
[0.178s] INFO:colcon.colcon_core.plugin_system:Skipping extension 'colcon_core.shell.bat': Not used on non-Windows systems
[0.179s] INFO:colcon.colcon_core.shell:Skip shell extension 'powershell' for command environment: Not usable outside of PowerShell
[0.179s] DEBUG:colcon.colcon_core.shell:Skip shell extension 'dsv' for command environment
[0.183s] INFO:colcon.colcon_ros.task.ament_cmake.build:Building ROS package in '/home/UMRobotics/group12_ws/src/my_robot_cell_description' with build type 'ament_cmake'
[0.183s] INFO:colcon.colcon_cmake.task.cmake.build:Building CMake package in '/home/UMRobotics/group12_ws/src/my_robot_cell_description'
[0.183s] INFO:colcon.colcon_core.shell:Skip shell extension 'powershell' for command environment: Not usable outside of PowerShell
[0.183s] DEBUG:colcon.colcon_core.shell:Skip shell extension 'dsv' for command environment
[0.186s] INFO:colcon.colcon_ros.task.ament_cmake.build:Building ROS package in '/home/UMRobotics/group12_ws/src/predefined_motion' with build type 'ament_cmake'
[0.186s] INFO:colcon.colcon_cmake.task.cmake.build:Building CMake package in '/home/UMRobotics/group12_ws/src/predefined_motion'
[0.187s] INFO:colcon.colcon_core.shell:Skip shell extension 'powershell' for command environment: Not usable outside of PowerShell
[0.187s] DEBUG:colcon.colcon_core.shell:Skip shell extension 'dsv' for command environment
[0.193s] DEBUG:colcon.colcon_core.event_handler.log_command:Invoking command in '/home/UMRobotics/group12_ws/build/group_12_motion_planning': CMAKE_PREFIX_PATH=${CMAKE_PREFIX_PATH}:/home/UMRobotics/moveit_ws/install/moveit_configs_utils:/opt/ros/jazzy DEBUGINFOD_URLS=https://debuginfod.ubuntu.com /usr/bin/cmake --build /home/UMRobotics/group12_ws/build/group_12_motion_planning -- -j16 -l16
[0.195s] DEBUG:colcon.colcon_core.event_handler.log_command:Invoking command in '/home/UMRobotics/group12_ws/build/my_robot_cell_description': CMAKE_PREFIX_PATH=${CMAKE_PREFIX_PATH}:/home/UMRobotics/moveit_ws/install/moveit_configs_utils:/opt/ros/jazzy DEBUGINFOD_URLS=https://debuginfod.ubuntu.com /usr/bin/cmake --build /home/UMRobotics/group12_ws/build/my_robot_cell_description -- -j16 -l16
[0.197s] DEBUG:colcon.colcon_core.event_handler.log_command:Invoking command in '/home/UMRobotics/group12_ws/build/predefined_motion': CMAKE_PREFIX_PATH=${CMAKE_PREFIX_PATH}:/home/UMRobotics/moveit_ws/install/moveit_configs_utils:/opt/ros/jazzy DEBUGINFOD_URLS=https://debuginfod.ubuntu.com /usr/bin/cmake --build /home/UMRobotics/group12_ws/build/predefined_motion -- -j16 -l16
[0.227s] DEBUG:colcon.colcon_core.event_handler.log_command:Invoked command in '/home/UMRobotics/group12_ws/build/predefined_motion' returned '0': CMAKE_PREFIX_PATH=${CMAKE_PREFIX_PATH}:/home/UMRobotics/moveit_ws/install/moveit_configs_utils:/opt/ros/jazzy DEBUGINFOD_URLS=https://debuginfod.ubuntu.com /usr/bin/cmake --build /home/UMRobotics/group12_ws/build/predefined_motion -- -j16 -l16
[0.234s] DEBUG:colcon.colcon_core.event_handler.log_command:Invoking command in '/home/UMRobotics/group12_ws/build/predefined_motion': CMAKE_PREFIX_PATH=${CMAKE_PREFIX_PATH}:/home/UMRobotics/moveit_ws/install/moveit_configs_utils:/opt/ros/jazzy DEBUGINFOD_URLS=https://debuginfod.ubuntu.com /usr/bin/cmake --install /home/UMRobotics/group12_ws/build/predefined_motion
[0.236s] DEBUG:colcon.colcon_core.event_handler.log_command:Invoked command in '/home/UMRobotics/group12_ws/build/my_robot_cell_description' returned '0': CMAKE_PREFIX_PATH=${CMAKE_PREFIX_PATH}:/home/UMRobotics/moveit_ws/install/moveit_configs_utils:/opt/ros/jazzy DEBUGINFOD_URLS=https://debuginfod.ubuntu.com /usr/bin/cmake --build /home/UMRobotics/group12_ws/build/my_robot_cell_description -- -j16 -l16
[0.236s] DEBUG:colcon.colcon_core.event_handler.log_command:Invoking command in '/home/UMRobotics/group12_ws/build/my_robot_cell_description': CMAKE_PREFIX_PATH=${CMAKE_PREFIX_PATH}:/home/UMRobotics/moveit_ws/install/moveit_configs_utils:/opt/ros/jazzy DEBUGINFOD_URLS=https://debuginfod.ubuntu.com /usr/bin/cmake --install /home/UMRobotics/group12_ws/build/my_robot_cell_description
[0.242s] Level 1:colcon.colcon_core.environment:create_environment_scripts_only(predefined_motion)
[0.242s] DEBUG:colcon.colcon_core.event_handler.log_command:Invoked command in '/home/UMRobotics/group12_ws/build/predefined_motion' returned '0': CMAKE_PREFIX_PATH=${CMAKE_PREFIX_PATH}:/home/UMRobotics/moveit_ws/install/moveit_configs_utils:/opt/ros/jazzy DEBUGINFOD_URLS=https://debuginfod.ubuntu.com /usr/bin/cmake --install /home/UMRobotics/group12_ws/build/predefined_motion
[0.252s] Level 1:colcon.colcon_core.environment:checking '/home/UMRobotics/group12_ws/install/predefined_motion' for CMake module files
[0.252s] Level 1:colcon.colcon_core.environment:checking '/home/UMRobotics/group12_ws/install/predefined_motion' for CMake config files
[0.252s] Level 1:colcon.colcon_core.shell:create_environment_hook('predefined_motion', 'cmake_prefix_path')
[0.252s] INFO:colcon.colcon_core.shell:Creating environment hook '/home/UMRobotics/group12_ws/install/predefined_motion/share/predefined_motion/hook/cmake_prefix_path.ps1'
[0.253s] INFO:colcon.colcon_core.shell:Creating environment descriptor '/home/UMRobotics/group12_ws/install/predefined_motion/share/predefined_motion/hook/cmake_prefix_path.dsv'
[0.253s] INFO:colcon.colcon_core.shell:Creating environment hook '/home/UMRobotics/group12_ws/install/predefined_motion/share/predefined_motion/hook/cmake_prefix_path.sh'
[0.254s] Level 1:colcon.colcon_core.environment:checking '/home/UMRobotics/group12_ws/install/predefined_motion/bin'
[0.254s] Level 1:colcon.colcon_core.environment:checking '/home/UMRobotics/group12_ws/install/predefined_motion/lib/pkgconfig/predefined_motion.pc'
[0.254s] Level 1:colcon.colcon_core.environment:checking '/home/UMRobotics/group12_ws/install/predefined_motion/lib/python3.12/site-packages'
[0.254s] Level 1:colcon.colcon_core.environment:checking '/home/UMRobotics/group12_ws/install/predefined_motion/bin'
[0.254s] INFO:colcon.colcon_core.shell:Creating package script '/home/UMRobotics/group12_ws/install/predefined_motion/share/predefined_motion/package.ps1'
[0.255s] INFO:colcon.colcon_core.shell:Creating package descriptor '/home/UMRobotics/group12_ws/install/predefined_motion/share/predefined_motion/package.dsv'
[0.255s] INFO:colcon.colcon_core.shell:Creating package script '/home/UMRobotics/group12_ws/install/predefined_motion/share/predefined_motion/package.sh'
[0.255s] INFO:colcon.colcon_core.shell:Creating package script '/home/UMRobotics/group12_ws/install/predefined_motion/share/predefined_motion/package.bash'
[0.256s] INFO:colcon.colcon_core.shell:Creating package script '/home/UMRobotics/group12_ws/install/predefined_motion/share/predefined_motion/package.zsh'
[0.256s] Level 1:colcon.colcon_core.environment:create_file_with_runtime_dependencies(/home/UMRobotics/group12_ws/install/predefined_motion/share/colcon-core/packages/predefined_motion)
[0.256s] Level 1:colcon.colcon_core.environment:create_environment_scripts_only(predefined_motion)
[0.256s] Level 1:colcon.colcon_core.environment:checking '/home/UMRobotics/group12_ws/install/predefined_motion' for CMake module files
[0.257s] Level 1:colcon.colcon_core.environment:checking '/home/UMRobotics/group12_ws/install/predefined_motion' for CMake config files
[0.257s] Level 1:colcon.colcon_core.shell:create_environment_hook('predefined_motion', 'cmake_prefix_path')
[0.257s] INFO:colcon.colcon_core.shell:Creating environment hook '/home/UMRobotics/group12_ws/install/predefined_motion/share/predefined_motion/hook/cmake_prefix_path.ps1'
[0.257s] INFO:colcon.colcon_core.shell:Creating environment descriptor '/home/UMRobotics/group12_ws/install/predefined_motion/share/predefined_motion/hook/cmake_prefix_path.dsv'
[0.257s] INFO:colcon.colcon_core.shell:Creating environment hook '/home/UMRobotics/group12_ws/install/predefined_motion/share/predefined_motion/hook/cmake_prefix_path.sh'
[0.258s] Level 1:colcon.colcon_core.environment:checking '/home/UMRobotics/group12_ws/install/predefined_motion/bin'
[0.258s] Level 1:colcon.colcon_core.environment:checking '/home/UMRobotics/group12_ws/install/predefined_motion/lib/pkgconfig/predefined_motion.pc'
[0.258s] Level 1:colcon.colcon_core.environment:checking '/home/UMRobotics/group12_ws/install/predefined_motion/lib/python3.12/site-packages'
[0.258s] Level 1:colcon.colcon_core.environment:checking '/home/UMRobotics/group12_ws/install/predefined_motion/bin'
[0.258s] INFO:colcon.colcon_core.shell:Creating package script '/home/UMRobotics/group12_ws/install/predefined_motion/share/predefined_motion/package.ps1'
[0.258s] INFO:colcon.colcon_core.shell:Creating package descriptor '/home/UMRobotics/group12_ws/install/predefined_motion/share/predefined_motion/package.dsv'
[0.259s] INFO:colcon.colcon_core.shell:Creating package script '/home/UMRobotics/group12_ws/install/predefined_motion/share/predefined_motion/package.sh'
[0.259s] INFO:colcon.colcon_core.shell:Creating package script '/home/UMRobotics/group12_ws/install/predefined_motion/share/predefined_motion/package.bash'
[0.259s] INFO:colcon.colcon_core.shell:Creating package script '/home/UMRobotics/group12_ws/install/predefined_motion/share/predefined_motion/package.zsh'
[0.259s] Level 1:colcon.colcon_core.environment:create_file_with_runtime_dependencies(/home/UMRobotics/group12_ws/install/predefined_motion/share/colcon-core/packages/predefined_motion)
[0.260s] Level 1:colcon.colcon_core.environment:create_environment_scripts_only(my_robot_cell_description)
[0.260s] Level 1:colcon.colcon_core.environment:checking '/home/UMRobotics/group12_ws/install/my_robot_cell_description' for CMake module files
[0.260s] DEBUG:colcon.colcon_core.event_handler.log_command:Invoked command in '/home/UMRobotics/group12_ws/build/my_robot_cell_description' returned '0': CMAKE_PREFIX_PATH=${CMAKE_PREFIX_PATH}:/home/UMRobotics/moveit_ws/install/moveit_configs_utils:/opt/ros/jazzy DEBUGINFOD_URLS=https://debuginfod.ubuntu.com /usr/bin/cmake --install /home/UMRobotics/group12_ws/build/my_robot_cell_description
[0.261s] Level 1:colcon.colcon_core.environment:checking '/home/UMRobotics/group12_ws/install/my_robot_cell_description' for CMake config files
[0.261s] Level 1:colcon.colcon_core.shell:create_environment_hook('my_robot_cell_description', 'cmake_prefix_path')
[0.261s] INFO:colcon.colcon_core.shell:Creating environment hook '/home/UMRobotics/group12_ws/install/my_robot_cell_description/share/my_robot_cell_description/hook/cmake_prefix_path.ps1'
[0.261s] INFO:colcon.colcon_core.shell:Creating environment descriptor '/home/UMRobotics/group12_ws/install/my_robot_cell_description/share/my_robot_cell_description/hook/cmake_prefix_path.dsv'
[0.261s] INFO:colcon.colcon_core.shell:Creating environment hook '/home/UMRobotics/group12_ws/install/my_robot_cell_description/share/my_robot_cell_description/hook/cmake_prefix_path.sh'
[0.262s] Level 1:colcon.colcon_core.environment:checking '/home/UMRobotics/group12_ws/install/my_robot_cell_description/bin'
[0.262s] Level 1:colcon.colcon_core.environment:checking '/home/UMRobotics/group12_ws/install/my_robot_cell_description/lib/pkgconfig/my_robot_cell_description.pc'
[0.262s] Level 1:colcon.colcon_core.environment:checking '/home/UMRobotics/group12_ws/install/my_robot_cell_description/lib/python3.12/site-packages'
[0.262s] Level 1:colcon.colcon_core.environment:checking '/home/UMRobotics/group12_ws/install/my_robot_cell_description/bin'
[0.262s] INFO:colcon.colcon_core.shell:Creating package script '/home/UMRobotics/group12_ws/install/my_robot_cell_description/share/my_robot_cell_description/package.ps1'
[0.262s] INFO:colcon.colcon_core.shell:Creating package descriptor '/home/UMRobotics/group12_ws/install/my_robot_cell_description/share/my_robot_cell_description/package.dsv'
[0.262s] INFO:colcon.colcon_core.shell:Creating package script '/home/UMRobotics/group12_ws/install/my_robot_cell_description/share/my_robot_cell_description/package.sh'
[0.263s] INFO:colcon.colcon_core.shell:Creating package script '/home/UMRobotics/group12_ws/install/my_robot_cell_description/share/my_robot_cell_description/package.bash'
[0.263s] INFO:colcon.colcon_core.shell:Creating package script '/home/UMRobotics/group12_ws/install/my_robot_cell_description/share/my_robot_cell_description/package.zsh'
[0.263s] Level 1:colcon.colcon_core.environment:create_file_with_runtime_dependencies(/home/UMRobotics/group12_ws/install/my_robot_cell_description/share/colcon-core/packages/my_robot_cell_description)
[0.263s] Level 1:colcon.colcon_core.environment:create_environment_scripts_only(my_robot_cell_description)
[0.263s] Level 1:colcon.colcon_core.environment:checking '/home/UMRobotics/group12_ws/install/my_robot_cell_description' for CMake module files
[0.264s] Level 1:colcon.colcon_core.environment:checking '/home/UMRobotics/group12_ws/install/my_robot_cell_description' for CMake config files
[0.264s] Level 1:colcon.colcon_core.shell:create_environment_hook('my_robot_cell_description', 'cmake_prefix_path')
[0.264s] INFO:colcon.colcon_core.shell:Creating environment hook '/home/UMRobotics/group12_ws/install/my_robot_cell_description/share/my_robot_cell_description/hook/cmake_prefix_path.ps1'
[0.264s] INFO:colcon.colcon_core.shell:Creating environment descriptor '/home/UMRobotics/group12_ws/install/my_robot_cell_description/share/my_robot_cell_description/hook/cmake_prefix_path.dsv'
[0.264s] INFO:colcon.colcon_core.shell:Creating environment hook '/home/UMRobotics/group12_ws/install/my_robot_cell_description/share/my_robot_cell_description/hook/cmake_prefix_path.sh'
[0.265s] Level 1:colcon.colcon_core.environment:checking '/home/UMRobotics/group12_ws/install/my_robot_cell_description/bin'
[0.265s] Level 1:colcon.colcon_core.environment:checking '/home/UMRobotics/group12_ws/install/my_robot_cell_description/lib/pkgconfig/my_robot_cell_description.pc'
[0.265s] Level 1:colcon.colcon_core.environment:checking '/home/UMRobotics/group12_ws/install/my_robot_cell_description/lib/python3.12/site-packages'
[0.265s] Level 1:colcon.colcon_core.environment:checking '/home/UMRobotics/group12_ws/install/my_robot_cell_description/bin'
[0.265s] INFO:colcon.colcon_core.shell:Creating package script '/home/UMRobotics/group12_ws/install/my_robot_cell_description/share/my_robot_cell_description/package.ps1'
[0.265s] INFO:colcon.colcon_core.shell:Creating package descriptor '/home/UMRobotics/group12_ws/install/my_robot_cell_description/share/my_robot_cell_description/package.dsv'
[0.266s] INFO:colcon.colcon_core.shell:Creating package script '/home/UMRobotics/group12_ws/install/my_robot_cell_description/share/my_robot_cell_description/package.sh'
[0.266s] INFO:colcon.colcon_core.shell:Creating package script '/home/UMRobotics/group12_ws/install/my_robot_cell_description/share/my_robot_cell_description/package.bash'
[0.266s] INFO:colcon.colcon_core.shell:Creating package script '/home/UMRobotics/group12_ws/install/my_robot_cell_description/share/my_robot_cell_description/package.zsh'
[0.266s] Level 1:colcon.colcon_core.environment:create_file_with_runtime_dependencies(/home/UMRobotics/group12_ws/install/my_robot_cell_description/share/colcon-core/packages/my_robot_cell_description)
[0.427s] DEBUG:colcon.colcon_core.event_handler.log_command:Invoked command in '/home/UMRobotics/group12_ws/build/group_12_motion_planning' returned '2': CMAKE_PREFIX_PATH=${CMAKE_PREFIX_PATH}:/home/UMRobotics/moveit_ws/install/moveit_configs_utils:/opt/ros/jazzy DEBUGINFOD_URLS=https://debuginfod.ubuntu.com /usr/bin/cmake --build /home/UMRobotics/group12_ws/build/group_12_motion_planning -- -j16 -l16
[0.427s] Level 1:colcon.colcon_core.environment:create_environment_scripts_only(group_12_motion_planning)
[0.427s] Level 1:colcon.colcon_core.environment:checking '/home/UMRobotics/group12_ws/install/group_12_motion_planning' for CMake module files
[0.427s] Level 1:colcon.colcon_core.environment:checking '/home/UMRobotics/group12_ws/install/group_12_motion_planning' for CMake config files
[0.427s] Level 1:colcon.colcon_core.shell:create_environment_hook('group_12_motion_planning', 'cmake_prefix_path')
[0.427s] INFO:colcon.colcon_core.shell:Creating environment hook '/home/UMRobotics/group12_ws/install/group_12_motion_planning/share/group_12_motion_planning/hook/cmake_prefix_path.ps1'
[0.428s] INFO:colcon.colcon_core.shell:Creating environment descriptor '/home/UMRobotics/group12_ws/install/group_12_motion_planning/share/group_12_motion_planning/hook/cmake_prefix_path.dsv'
[0.428s] INFO:colcon.colcon_core.shell:Creating environment hook '/home/UMRobotics/group12_ws/install/group_12_motion_planning/share/group_12_motion_planning/hook/cmake_prefix_path.sh'
[0.428s] Level 1:colcon.colcon_core.environment:checking '/home/UMRobotics/group12_ws/install/group_12_motion_planning/bin'
[0.428s] Level 1:colcon.colcon_core.environment:checking '/home/UMRobotics/group12_ws/install/group_12_motion_planning/lib/pkgconfig/group_12_motion_planning.pc'
[0.428s] Level 1:colcon.colcon_core.environment:checking '/home/UMRobotics/group12_ws/install/group_12_motion_planning/lib/python3.12/site-packages'
[0.429s] Level 1:colcon.colcon_core.environment:checking '/home/UMRobotics/group12_ws/install/group_12_motion_planning/bin'
[0.429s] INFO:colcon.colcon_core.shell:Creating package script '/home/UMRobotics/group12_ws/install/group_12_motion_planning/share/group_12_motion_planning/package.ps1'
[0.429s] INFO:colcon.colcon_core.shell:Creating package descriptor '/home/UMRobotics/group12_ws/install/group_12_motion_planning/share/group_12_motion_planning/package.dsv'
[0.429s] INFO:colcon.colcon_core.shell:Creating package script '/home/UMRobotics/group12_ws/install/group_12_motion_planning/share/group_12_motion_planning/package.sh'
[0.429s] INFO:colcon.colcon_core.shell:Creating package script '/home/UMRobotics/group12_ws/install/group_12_motion_planning/share/group_12_motion_planning/package.bash'
[0.430s] INFO:colcon.colcon_core.shell:Creating package script '/home/UMRobotics/group12_ws/install/group_12_motion_planning/share/group_12_motion_planning/package.zsh'
[0.430s] Level 1:colcon.colcon_core.environment:create_file_with_runtime_dependencies(/home/UMRobotics/group12_ws/install/group_12_motion_planning/share/colcon-core/packages/group_12_motion_planning)
[0.440s] DEBUG:colcon.colcon_parallel_executor.executor.parallel:closing loop
[0.440s] DEBUG:colcon.colcon_parallel_executor.executor.parallel:loop closed
[0.440s] DEBUG:colcon.colcon_parallel_executor.executor.parallel:run_until_complete finished with '2'
[0.440s] DEBUG:colcon.colcon_core.event_reactor:joining thread
[0.444s] INFO:colcon.colcon_core.plugin_system:Skipping extension 'colcon_notification.desktop_notification.terminal_notifier': Not used on non-Darwin systems
[0.444s] INFO:colcon.colcon_core.plugin_system:Skipping extension 'colcon_notification.desktop_notification.win32': Not used on non-Windows systems
[0.444s] INFO:colcon.colcon_notification.desktop_notification:Sending desktop notification using 'notify2'
[0.455s] DEBUG:colcon.colcon_core.event_reactor:joined thread
[0.456s] INFO:colcon.colcon_core.shell:Creating prefix script '/home/UMRobotics/group12_ws/install/local_setup.ps1'
[0.456s] INFO:colcon.colcon_core.shell:Creating prefix util module '/home/UMRobotics/group12_ws/install/_local_setup_util_ps1.py'
[0.457s] INFO:colcon.colcon_core.shell:Creating prefix chain script '/home/UMRobotics/group12_ws/install/setup.ps1'
[0.459s] INFO:colcon.colcon_core.shell:Creating prefix script '/home/UMRobotics/group12_ws/install/local_setup.sh'
[0.459s] INFO:colcon.colcon_core.shell:Creating prefix util module '/home/UMRobotics/group12_ws/install/_local_setup_util_sh.py'
[0.459s] INFO:colcon.colcon_core.shell:Creating prefix chain script '/home/UMRobotics/group12_ws/install/setup.sh'
[0.460s] INFO:colcon.colcon_core.shell:Creating prefix script '/home/UMRobotics/group12_ws/install/local_setup.bash'
[0.461s] INFO:colcon.colcon_core.shell:Creating prefix chain script '/home/UMRobotics/group12_ws/install/setup.bash'
[0.462s] INFO:colcon.colcon_core.shell:Creating prefix script '/home/UMRobotics/group12_ws/install/local_setup.zsh'
[0.462s] INFO:colcon.colcon_core.shell:Creating prefix chain script '/home/UMRobotics/group12_ws/install/setup.zsh'
