-- The C compiler identification is GNU 13.3.0
-- The CXX compiler identification is GNU 13.3.0
-- Detecting C compiler ABI info
-- Detecting C compiler ABI info - done
-- Check for working C compiler: /usr/bin/cc - skipped
-- Detecting C compile features
-- Detecting C compile features - done
-- Detecting CXX compiler ABI info
-- Detecting CXX compiler ABI info - done
-- Check for working CXX compiler: /usr/bin/c++ - skipped
-- Detecting CXX compile features
-- Detecting CXX compile features - done
-- Found ament_cmake: 2.5.4 (/opt/ros/jazzy/share/ament_cmake/cmake)
-- Found Python3: /home/UMRobotics/.local/bin/python3 (found version "3.12.3") found components: Interpreter 
-- Found xacro: 2.0.13 (/opt/ros/jazzy/share/xacro/cmake)
-- Found controller_manager_msgs: 4.29.0 (/opt/ros/jazzy/share/controller_manager_msgs/cmake)
-- Found rosidl_generator_c: 4.6.5 (/opt/ros/jazzy/share/rosidl_generator_c/cmake)
-- Found rosidl_generator_cpp: 4.6.5 (/opt/ros/jazzy/share/rosidl_generator_cpp/cmake)
-- Using all available rosidl_typesupport_c: rosidl_typesupport_fastrtps_c;rosidl_typesupport_introspection_c
-- Using all available rosidl_typesupport_cpp: rosidl_typesupport_fastrtps_cpp;rosidl_typesupport_introspection_cpp
-- Found rclcpp: 28.1.9 (/opt/ros/jazzy/share/rclcpp/cmake)
-- Found rmw_implementation_cmake: 7.3.2 (/opt/ros/jazzy/share/rmw_implementation_cmake/cmake)
-- Found rmw_fastrtps_cpp: 8.4.2 (/opt/ros/jazzy/share/rmw_fastrtps_cpp/cmake)
-- Found OpenSSL: /usr/lib/x86_64-linux-gnu/libcrypto.so (found version "3.0.13")  
-- Found FastRTPS: /opt/ros/jazzy/include (Required is at least version "2.13") 
-- Using RMW implementation 'rmw_fastrtps_cpp' as default
-- Found ament_lint_auto: 0.17.2 (/opt/ros/jazzy/share/ament_lint_auto/cmake)
-- Added test 'flake8' to check Python code syntax and style conventions
-- Configured 'flake8' exclude dirs and/or files: 
-- Added test 'lint_cmake' to check CMake code style
-- Added test 'pep257' to check Python code against some of the docstring style conventions in PEP 257
-- Added test 'xmllint' to check XML markup files
-- Configuring done (1.2s)
-- Generating done (0.0s)
-- Build files have been written to: /home/UMRobotics/group12_ws/src/build/my_robot_cell_description
-- Install configuration: ""
-- Installing: /home/UMRobotics/group12_ws/src/install/my_robot_cell_description/share/ament_index/resource_index/package_run_dependencies/my_robot_cell_description
-- Installing: /home/UMRobotics/group12_ws/src/install/my_robot_cell_description/share/ament_index/resource_index/parent_prefix_path/my_robot_cell_description
-- Installing: /home/UMRobotics/group12_ws/src/install/my_robot_cell_description/share/my_robot_cell_description/environment/ament_prefix_path.sh
-- Installing: /home/UMRobotics/group12_ws/src/install/my_robot_cell_description/share/my_robot_cell_description/environment/ament_prefix_path.dsv
-- Installing: /home/UMRobotics/group12_ws/src/install/my_robot_cell_description/share/my_robot_cell_description/environment/path.sh
-- Installing: /home/UMRobotics/group12_ws/src/install/my_robot_cell_description/share/my_robot_cell_description/environment/path.dsv
-- Installing: /home/UMRobotics/group12_ws/src/install/my_robot_cell_description/share/my_robot_cell_description/local_setup.bash
-- Installing: /home/UMRobotics/group12_ws/src/install/my_robot_cell_description/share/my_robot_cell_description/local_setup.sh
-- Installing: /home/UMRobotics/group12_ws/src/install/my_robot_cell_description/share/my_robot_cell_description/local_setup.zsh
-- Installing: /home/UMRobotics/group12_ws/src/install/my_robot_cell_description/share/my_robot_cell_description/local_setup.dsv
-- Installing: /home/UMRobotics/group12_ws/src/install/my_robot_cell_description/share/my_robot_cell_description/package.dsv
-- Installing: /home/UMRobotics/group12_ws/src/install/my_robot_cell_description/share/ament_index/resource_index/packages/my_robot_cell_description
-- Installing: /home/UMRobotics/group12_ws/src/install/my_robot_cell_description/share/my_robot_cell_description/cmake/my_robot_cell_descriptionConfig.cmake
-- Installing: /home/UMRobotics/group12_ws/src/install/my_robot_cell_description/share/my_robot_cell_description/cmake/my_robot_cell_descriptionConfig-version.cmake
-- Installing: /home/UMRobotics/group12_ws/src/install/my_robot_cell_description/share/my_robot_cell_description/package.xml
-- Installing: /home/UMRobotics/group12_ws/src/install/my_robot_cell_description/share/my_robot_cell_description/launch
-- Installing: /home/UMRobotics/group12_ws/src/install/my_robot_cell_description/share/my_robot_cell_description/launch/view_robot.launch.py
-- Installing: /home/UMRobotics/group12_ws/src/install/my_robot_cell_description/share/my_robot_cell_description/srdf
-- Installing: /home/UMRobotics/group12_ws/src/install/my_robot_cell_description/share/my_robot_cell_description/srdf/ur.srdf.xacro
