[0.017s] Invoking command in '/home/UMRobotics/group12_ws/src/build/my_robot_cell_description': CMAKE_PREFIX_PATH=${CMAKE_PREFIX_PATH}:/home/UMRobotics/moveit_ws/install/moveit_configs_utils:/opt/ros/jazzy DEBUGINFOD_URLS=https://debuginfod.ubuntu.com /usr/bin/cmake /home/UMRobotics/group12_ws/src/my_robot_cell_description -DCMAKE_INSTALL_PREFIX=/home/UMRobotics/group12_ws/src/install/my_robot_cell_description
[0.061s] -- The C compiler identification is GNU 13.3.0
[0.103s] -- The CXX compiler identification is GNU 13.3.0
[0.116s] -- Detecting C compiler ABI info
[0.189s] -- Detecting C compiler ABI info - done
[0.198s] -- Check for working C compiler: /usr/bin/cc - skipped
[0.198s] -- Detecting C compile features
[0.198s] -- Detecting C compile features - done
[0.205s] -- Detecting CXX compiler ABI info
[0.288s] -- Detecting CXX compiler ABI info - done
[0.294s] -- Check for working CXX compiler: /usr/bin/c++ - skipped
[0.294s] -- Detecting CXX compile features
[0.294s] -- Detecting CXX compile features - done
[0.300s] -- Found ament_cmake: 2.5.4 (/opt/ros/jazzy/share/ament_cmake/cmake)
[0.458s] -- Found Python3: /home/UMRobotics/.local/bin/python3 (found version "3.12.3") found components: Interpreter 
[0.594s] -- Found xacro: 2.0.13 (/opt/ros/jazzy/share/xacro/cmake)
[0.599s] -- Found controller_manager_msgs: 4.29.0 (/opt/ros/jazzy/share/controller_manager_msgs/cmake)
[0.657s] -- Found rosidl_generator_c: 4.6.5 (/opt/ros/jazzy/share/rosidl_generator_c/cmake)
[0.678s] -- Found rosidl_generator_cpp: 4.6.5 (/opt/ros/jazzy/share/rosidl_generator_cpp/cmake)
[0.702s] -- Using all available rosidl_typesupport_c: rosidl_typesupport_fastrtps_c;rosidl_typesupport_introspection_c
[0.727s] -- Using all available rosidl_typesupport_cpp: rosidl_typesupport_fastrtps_cpp;rosidl_typesupport_introspection_cpp
[0.823s] -- Found rclcpp: 28.1.9 (/opt/ros/jazzy/share/rclcpp/cmake)
[0.881s] -- Found rmw_implementation_cmake: 7.3.2 (/opt/ros/jazzy/share/rmw_implementation_cmake/cmake)
[0.888s] -- Found rmw_fastrtps_cpp: 8.4.2 (/opt/ros/jazzy/share/rmw_fastrtps_cpp/cmake)
[0.974s] -- Found OpenSSL: /usr/lib/x86_64-linux-gnu/libcrypto.so (found version "3.0.13")  
[0.993s] -- Found FastRTPS: /opt/ros/jazzy/include (Required is at least version "2.13") 
[1.014s] -- Using RMW implementation 'rmw_fastrtps_cpp' as default
[1.092s] -- Found ament_lint_auto: 0.17.2 (/opt/ros/jazzy/share/ament_lint_auto/cmake)
[1.203s] -- Added test 'flake8' to check Python code syntax and style conventions
[1.203s] -- Configured 'flake8' exclude dirs and/or files: 
[1.205s] -- Added test 'lint_cmake' to check CMake code style
[1.206s] -- Added test 'pep257' to check Python code against some of the docstring style conventions in PEP 257
[1.208s] -- Added test 'xmllint' to check XML markup files
[1.211s] -- Configuring done (1.2s)
[1.214s] -- Generating done (0.0s)
[1.216s] -- Build files have been written to: /home/UMRobotics/group12_ws/src/build/my_robot_cell_description
[1.224s] Invoked command in '/home/UMRobotics/group12_ws/src/build/my_robot_cell_description' returned '0': CMAKE_PREFIX_PATH=${CMAKE_PREFIX_PATH}:/home/UMRobotics/moveit_ws/install/moveit_configs_utils:/opt/ros/jazzy DEBUGINFOD_URLS=https://debuginfod.ubuntu.com /usr/bin/cmake /home/UMRobotics/group12_ws/src/my_robot_cell_description -DCMAKE_INSTALL_PREFIX=/home/UMRobotics/group12_ws/src/install/my_robot_cell_description
[1.225s] Invoking command in '/home/UMRobotics/group12_ws/src/build/my_robot_cell_description': CMAKE_PREFIX_PATH=${CMAKE_PREFIX_PATH}:/home/UMRobotics/moveit_ws/install/moveit_configs_utils:/opt/ros/jazzy DEBUGINFOD_URLS=https://debuginfod.ubuntu.com /usr/bin/cmake --build /home/UMRobotics/group12_ws/src/build/my_robot_cell_description -- -j16 -l16
[1.261s] Invoked command in '/home/UMRobotics/group12_ws/src/build/my_robot_cell_description' returned '0': CMAKE_PREFIX_PATH=${CMAKE_PREFIX_PATH}:/home/UMRobotics/moveit_ws/install/moveit_configs_utils:/opt/ros/jazzy DEBUGINFOD_URLS=https://debuginfod.ubuntu.com /usr/bin/cmake --build /home/UMRobotics/group12_ws/src/build/my_robot_cell_description -- -j16 -l16
[1.262s] Invoking command in '/home/UMRobotics/group12_ws/src/build/my_robot_cell_description': CMAKE_PREFIX_PATH=${CMAKE_PREFIX_PATH}:/home/UMRobotics/moveit_ws/install/moveit_configs_utils:/opt/ros/jazzy DEBUGINFOD_URLS=https://debuginfod.ubuntu.com /usr/bin/cmake --install /home/UMRobotics/group12_ws/src/build/my_robot_cell_description
[1.269s] -- Install configuration: ""
[1.269s] -- Installing: /home/UMRobotics/group12_ws/src/install/my_robot_cell_description/share/ament_index/resource_index/package_run_dependencies/my_robot_cell_description
[1.269s] -- Installing: /home/UMRobotics/group12_ws/src/install/my_robot_cell_description/share/ament_index/resource_index/parent_prefix_path/my_robot_cell_description
[1.269s] -- Installing: /home/UMRobotics/group12_ws/src/install/my_robot_cell_description/share/my_robot_cell_description/environment/ament_prefix_path.sh
[1.269s] -- Installing: /home/UMRobotics/group12_ws/src/install/my_robot_cell_description/share/my_robot_cell_description/environment/ament_prefix_path.dsv
[1.269s] -- Installing: /home/UMRobotics/group12_ws/src/install/my_robot_cell_description/share/my_robot_cell_description/environment/path.sh
[1.269s] -- Installing: /home/UMRobotics/group12_ws/src/install/my_robot_cell_description/share/my_robot_cell_description/environment/path.dsv
[1.269s] -- Installing: /home/UMRobotics/group12_ws/src/install/my_robot_cell_description/share/my_robot_cell_description/local_setup.bash
[1.270s] -- Installing: /home/UMRobotics/group12_ws/src/install/my_robot_cell_description/share/my_robot_cell_description/local_setup.sh
[1.270s] -- Installing: /home/UMRobotics/group12_ws/src/install/my_robot_cell_description/share/my_robot_cell_description/local_setup.zsh
[1.270s] -- Installing: /home/UMRobotics/group12_ws/src/install/my_robot_cell_description/share/my_robot_cell_description/local_setup.dsv
[1.270s] -- Installing: /home/UMRobotics/group12_ws/src/install/my_robot_cell_description/share/my_robot_cell_description/package.dsv
[1.270s] -- Installing: /home/UMRobotics/group12_ws/src/install/my_robot_cell_description/share/ament_index/resource_index/packages/my_robot_cell_description
[1.270s] -- Installing: /home/UMRobotics/group12_ws/src/install/my_robot_cell_description/share/my_robot_cell_description/cmake/my_robot_cell_descriptionConfig.cmake
[1.270s] -- Installing: /home/UMRobotics/group12_ws/src/install/my_robot_cell_description/share/my_robot_cell_description/cmake/my_robot_cell_descriptionConfig-version.cmake
[1.270s] -- Installing: /home/UMRobotics/group12_ws/src/install/my_robot_cell_description/share/my_robot_cell_description/package.xml
[1.270s] -- Installing: /home/UMRobotics/group12_ws/src/install/my_robot_cell_description/share/my_robot_cell_description/launch
[1.270s] -- Installing: /home/UMRobotics/group12_ws/src/install/my_robot_cell_description/share/my_robot_cell_description/launch/view_robot.launch.py
[1.271s] -- Installing: /home/UMRobotics/group12_ws/src/install/my_robot_cell_description/share/my_robot_cell_description/srdf
[1.271s] -- Installing: /home/UMRobotics/group12_ws/src/install/my_robot_cell_description/share/my_robot_cell_description/srdf/ur.srdf.xacro
[1.279s] Invoked command in '/home/UMRobotics/group12_ws/src/build/my_robot_cell_description' returned '0': CMAKE_PREFIX_PATH=${CMAKE_PREFIX_PATH}:/home/UMRobotics/moveit_ws/install/moveit_configs_utils:/opt/ros/jazzy DEBUGINFOD_URLS=https://debuginfod.ubuntu.com /usr/bin/cmake --install /home/UMRobotics/group12_ws/src/build/my_robot_cell_description
