[0.010s] Invoking command in '/home/UMRobotics/group12_ws/build/my_robot_cell_description': CMAKE_PREFIX_PATH=${CMAKE_PREFIX_PATH}:/home/UMRobotics/moveit_ws/install/moveit_configs_utils:/opt/ros/jazzy DEBUGINFOD_URLS=https://debuginfod.ubuntu.com /usr/bin/cmake /home/UMRobotics/group12_ws/src/my_robot_cell_description -DCMAKE_INSTALL_PREFIX=/home/UMRobotics/group12_ws/install/my_robot_cell_description
[0.047s] -- The C compiler identification is GNU 13.3.0
[0.084s] -- The CXX compiler identification is GNU 13.3.0
[0.095s] -- Detecting C compiler ABI info
[0.156s] -- Detecting C compiler ABI info - done
[0.162s] -- Check for working C compiler: /usr/bin/cc - skipped
[0.162s] -- Detecting C compile features
[0.163s] -- Detecting C compile features - done
[0.169s] -- Detecting CXX compiler ABI info
[0.239s] -- Detecting CXX compiler ABI info - done
[0.245s] -- Check for working CXX compiler: /usr/bin/c++ - skipped
[0.246s] -- Detecting CXX compile features
[0.246s] -- Detecting CXX compile features - done
[0.250s] -- Found ament_cmake: 2.5.4 (/opt/ros/jazzy/share/ament_cmake/cmake)
[0.374s] -- Found Python3: /home/UMRobotics/.local/bin/python3 (found version "3.12.3") found components: Interpreter 
[0.474s] -- Found xacro: 2.0.13 (/opt/ros/jazzy/share/xacro/cmake)
[0.478s] -- Found controller_manager_msgs: 4.29.0 (/opt/ros/jazzy/share/controller_manager_msgs/cmake)
[0.521s] -- Found rosidl_generator_c: 4.6.5 (/opt/ros/jazzy/share/rosidl_generator_c/cmake)
[0.536s] -- Found rosidl_generator_cpp: 4.6.5 (/opt/ros/jazzy/share/rosidl_generator_cpp/cmake)
[0.553s] -- Using all available rosidl_typesupport_c: rosidl_typesupport_fastrtps_c;rosidl_typesupport_introspection_c
[0.572s] -- Using all available rosidl_typesupport_cpp: rosidl_typesupport_fastrtps_cpp;rosidl_typesupport_introspection_cpp
[0.654s] -- Found rclcpp: 28.1.9 (/opt/ros/jazzy/share/rclcpp/cmake)
[0.698s] -- Found rmw_implementation_cmake: 7.3.2 (/opt/ros/jazzy/share/rmw_implementation_cmake/cmake)
[0.703s] -- Found rmw_fastrtps_cpp: 8.4.2 (/opt/ros/jazzy/share/rmw_fastrtps_cpp/cmake)
[0.768s] -- Found OpenSSL: /usr/lib/x86_64-linux-gnu/libcrypto.so (found version "3.0.13")  
[0.784s] -- Found FastRTPS: /opt/ros/jazzy/include (Required is at least version "2.13") 
[0.802s] -- Using RMW implementation 'rmw_fastrtps_cpp' as default
[0.861s] -- Found moveit_core: 2.11.0 (/home/UMRobotics/moveit_ws/install/moveit_core/share/moveit_core/cmake)
[0.968s] -- Found Boost: /usr/lib/x86_64-linux-gnu/cmake/Boost-1.83.0/BoostConfig.cmake (found version "1.83.0") found components: chrono date_time filesystem iostreams program_options regex serialization system thread 
[1.035s] -- Found parameter_traits: 0.4.0 (/opt/ros/jazzy/share/parameter_traits/cmake)
[1.049s] -- Found rclcpp_lifecycle: 28.1.9 (/opt/ros/jazzy/share/rclcpp_lifecycle/cmake)
[1.064s] -- Found Boost: /usr/lib/x86_64-linux-gnu/cmake/Boost-1.83.0/BoostConfig.cmake (found version "1.83.0") found components: filesystem 
[1.164s] -- Found Eigen3: TRUE (found version "3.4.0") 
[1.164s] -- Ensuring Eigen3 include directory is part of orocos-kdl CMake target
[1.431s] -- Found ament_lint_auto: 0.17.2 (/opt/ros/jazzy/share/ament_lint_auto/cmake)
[1.511s] -- Added test 'flake8' to check Python code syntax and style conventions
[1.511s] -- Configured 'flake8' exclude dirs and/or files: 
[1.512s] -- Added test 'lint_cmake' to check CMake code style
[1.513s] -- Added test 'pep257' to check Python code against some of the docstring style conventions in PEP 257
[1.515s] -- Added test 'xmllint' to check XML markup files
[1.516s] -- Configuring done (1.5s)
[1.520s] -- Generating done (0.0s)
[1.522s] -- Build files have been written to: /home/UMRobotics/group12_ws/build/my_robot_cell_description
[1.530s] Invoked command in '/home/UMRobotics/group12_ws/build/my_robot_cell_description' returned '0': CMAKE_PREFIX_PATH=${CMAKE_PREFIX_PATH}:/home/UMRobotics/moveit_ws/install/moveit_configs_utils:/opt/ros/jazzy DEBUGINFOD_URLS=https://debuginfod.ubuntu.com /usr/bin/cmake /home/UMRobotics/group12_ws/src/my_robot_cell_description -DCMAKE_INSTALL_PREFIX=/home/UMRobotics/group12_ws/install/my_robot_cell_description
[1.531s] Invoking command in '/home/UMRobotics/group12_ws/build/my_robot_cell_description': CMAKE_PREFIX_PATH=${CMAKE_PREFIX_PATH}:/home/UMRobotics/moveit_ws/install/moveit_configs_utils:/opt/ros/jazzy DEBUGINFOD_URLS=https://debuginfod.ubuntu.com /usr/bin/cmake --build /home/UMRobotics/group12_ws/build/my_robot_cell_description -- -j16 -l16
[1.561s] Invoked command in '/home/UMRobotics/group12_ws/build/my_robot_cell_description' returned '0': CMAKE_PREFIX_PATH=${CMAKE_PREFIX_PATH}:/home/UMRobotics/moveit_ws/install/moveit_configs_utils:/opt/ros/jazzy DEBUGINFOD_URLS=https://debuginfod.ubuntu.com /usr/bin/cmake --build /home/UMRobotics/group12_ws/build/my_robot_cell_description -- -j16 -l16
[1.561s] Invoking command in '/home/UMRobotics/group12_ws/build/my_robot_cell_description': CMAKE_PREFIX_PATH=${CMAKE_PREFIX_PATH}:/home/UMRobotics/moveit_ws/install/moveit_configs_utils:/opt/ros/jazzy DEBUGINFOD_URLS=https://debuginfod.ubuntu.com /usr/bin/cmake --install /home/UMRobotics/group12_ws/build/my_robot_cell_description
[1.567s] -- Install configuration: ""
[1.567s] -- Installing: /home/UMRobotics/group12_ws/install/my_robot_cell_description/share/ament_index/resource_index/package_run_dependencies/my_robot_cell_description
[1.567s] -- Installing: /home/UMRobotics/group12_ws/install/my_robot_cell_description/share/ament_index/resource_index/parent_prefix_path/my_robot_cell_description
[1.567s] -- Installing: /home/UMRobotics/group12_ws/install/my_robot_cell_description/share/my_robot_cell_description/environment/ament_prefix_path.sh
[1.567s] -- Installing: /home/UMRobotics/group12_ws/install/my_robot_cell_description/share/my_robot_cell_description/environment/ament_prefix_path.dsv
[1.567s] -- Installing: /home/UMRobotics/group12_ws/install/my_robot_cell_description/share/my_robot_cell_description/environment/path.sh
[1.567s] -- Installing: /home/UMRobotics/group12_ws/install/my_robot_cell_description/share/my_robot_cell_description/environment/path.dsv
[1.567s] -- Installing: /home/UMRobotics/group12_ws/install/my_robot_cell_description/share/my_robot_cell_description/local_setup.bash
[1.568s] -- Installing: /home/UMRobotics/group12_ws/install/my_robot_cell_description/share/my_robot_cell_description/local_setup.sh
[1.568s] -- Installing: /home/UMRobotics/group12_ws/install/my_robot_cell_description/share/my_robot_cell_description/local_setup.zsh
[1.568s] -- Installing: /home/UMRobotics/group12_ws/install/my_robot_cell_description/share/my_robot_cell_description/local_setup.dsv
[1.568s] -- Installing: /home/UMRobotics/group12_ws/install/my_robot_cell_description/share/my_robot_cell_description/package.dsv
[1.568s] -- Installing: /home/UMRobotics/group12_ws/install/my_robot_cell_description/share/ament_index/resource_index/packages/my_robot_cell_description
[1.568s] -- Installing: /home/UMRobotics/group12_ws/install/my_robot_cell_description/share/my_robot_cell_description/cmake/my_robot_cell_descriptionConfig.cmake
[1.568s] -- Installing: /home/UMRobotics/group12_ws/install/my_robot_cell_description/share/my_robot_cell_description/cmake/my_robot_cell_descriptionConfig-version.cmake
[1.568s] -- Installing: /home/UMRobotics/group12_ws/install/my_robot_cell_description/share/my_robot_cell_description/package.xml
[1.568s] -- Installing: /home/UMRobotics/group12_ws/install/my_robot_cell_description/share/my_robot_cell_description/launch
[1.568s] -- Installing: /home/UMRobotics/group12_ws/install/my_robot_cell_description/share/my_robot_cell_description/launch/view_robot.launch.py
[1.568s] -- Installing: /home/UMRobotics/group12_ws/install/my_robot_cell_description/share/my_robot_cell_description/srdf
[1.568s] -- Installing: /home/UMRobotics/group12_ws/install/my_robot_cell_description/share/my_robot_cell_description/srdf/ur.srdf.xacro
[1.569s] Invoked command in '/home/UMRobotics/group12_ws/build/my_robot_cell_description' returned '0': CMAKE_PREFIX_PATH=${CMAKE_PREFIX_PATH}:/home/UMRobotics/moveit_ws/install/moveit_configs_utils:/opt/ros/jazzy DEBUGINFOD_URLS=https://debuginfod.ubuntu.com /usr/bin/cmake --install /home/UMRobotics/group12_ws/build/my_robot_cell_description
